{"/Users/james.baxley/Products/heighliner/.research/graphql/src/schema.js": {"path":"/Users/james.baxley/Products/heighliner/.research/graphql/src/schema.js","statementMap":{"0":{"start":{"line":1,"column":39},"end":{"line":1,"column":101}},"1":{"start":{"line":1,"column":101},"end":{"line":1,"column":131}},"2":{"start":{"line":1,"column":150},"end":{"line":1,"column":186}},"3":{"start":{"line":1,"column":207},"end":{"line":1,"column":243}},"4":{"start":{"line":1,"column":256},"end":{"line":1,"column":300}},"5":{"start":{"line":1,"column":314},"end":{"line":1,"column":343}},"6":{"start":{"line":1,"column":369},"end":{"line":1,"column":418}},"7":{"start":{"line":1,"column":444},"end":{"line":1,"column":486}},"8":{"start":{"line":1,"column":513},"end":{"line":1,"column":563}},"9":{"start":{"line":1,"column":590},"end":{"line":1,"column":633}},"10":{"start":{"line":1,"column":650},"end":{"line":226,"column":335}},"11":{"start":{"line":1,"column":694},"end":{"line":226,"column":263}},"12":{"start":{"line":226,"column":264},"end":{"line":226,"column":332}},"13":{"start":{"line":226,"column":295},"end":{"line":226,"column":330}},"14":{"start":{"line":226,"column":1721},"end":{"line":226,"column":1775}},"15":{"start":{"line":229,"column":50},"end":{"line":229,"column":371}},"16":{"start":{"line":229,"column":381},"end":{"line":229,"column":405}},"17":{"start":{"line":229,"column":415},"end":{"line":229,"column":439}},"18":{"start":{"line":229,"column":452},"end":{"line":229,"column":479}},"19":{"start":{"line":229,"column":488},"end":{"line":229,"column":511}},"20":{"start":{"line":233,"column":0},"end":{"line":233,"column":501}},"21":{"start":{"line":233,"column":551},"end":{"line":233,"column":665}}},"fnMap":{"0":{"name":"(anonymous_0)","decl":{"start":{"line":1,"column":670},"end":{"line":1,"column":671}},"loc":{"start":{"line":1,"column":682},"end":{"line":226,"column":333}}},"1":{"name":"_callee2","decl":{"start":{"line":73,"column":37},"end":{"line":73,"column":45}},"loc":{"start":{"line":73,"column":81},"end":{"line":226,"column":261}}},"2":{"name":"createApp","decl":{"start":{"line":226,"column":280},"end":{"line":226,"column":289}},"loc":{"start":{"line":226,"column":294},"end":{"line":226,"column":331}}},"3":{"name":"_interopRequireDefault","decl":{"start":{"line":226,"column":1692},"end":{"line":226,"column":1714}},"loc":{"start":{"line":226,"column":1720},"end":{"line":226,"column":1776}}}},"branchMap":{"0":{"loc":{"start":{"line":226,"column":1728},"end":{"line":226,"column":1774}},"type":"cond-expr","locations":[{"start":{"line":226,"column":1752},"end":{"line":226,"column":1755}},{"start":{"line":226,"column":1758},"end":{"line":226,"column":1774}}]},"1":{"loc":{"start":{"line":226,"column":1728},"end":{"line":226,"column":1749}},"type":"binary-expr","locations":[{"start":{"line":226,"column":1728},"end":{"line":226,"column":1731}},{"start":{"line":226,"column":1735},"end":{"line":226,"column":1749}}]}},"s":{"0":0,"1":0,"2":0,"3":0,"4":0,"5":0,"6":0,"7":0,"8":0,"9":0,"10":0,"11":0,"12":0,"13":0,"14":0,"15":0,"16":0,"17":0,"18":0,"19":0,"20":0,"21":0},"f":{"0":0,"1":0,"2":0,"3":0},"b":{"0":[0,0],"1":[0,0]}}
,"/Users/james.baxley/Products/heighliner/.research/graphql/src/server.js": {"path":"/Users/james.baxley/Products/heighliner/.research/graphql/src/server.js","statementMap":{"0":{"start":{"line":1,"column":58},"end":{"line":1,"column":94}},"1":{"start":{"line":1,"column":115},"end":{"line":1,"column":151}},"2":{"start":{"line":1,"column":177},"end":{"line":1,"column":226}},"3":{"start":{"line":1,"column":252},"end":{"line":1,"column":294}},"4":{"start":{"line":1,"column":307},"end":{"line":160,"column":146}},"5":{"start":{"line":1,"column":331},"end":{"line":160,"column":80}},"6":{"start":{"line":160,"column":81},"end":{"line":160,"column":143}},"7":{"start":{"line":160,"column":106},"end":{"line":160,"column":141}},"8":{"start":{"line":160,"column":1295},"end":{"line":160,"column":1301}},"9":{"start":{"line":160,"column":1302},"end":{"line":160,"column":1884}},"10":{"start":{"line":160,"column":1377},"end":{"line":160,"column":1658}},"11":{"start":{"line":160,"column":1658},"end":{"line":160,"column":1883}},"12":{"start":{"line":160,"column":1698},"end":{"line":160,"column":1719}},"13":{"start":{"line":160,"column":1720},"end":{"line":160,"column":1764}},"14":{"start":{"line":160,"column":1764},"end":{"line":160,"column":1820}},"15":{"start":{"line":160,"column":1820},"end":{"line":160,"column":1874}},"16":{"start":{"line":160,"column":1920},"end":{"line":160,"column":1944}},"17":{"start":{"line":160,"column":1945},"end":{"line":161,"column":109}},"18":{"start":{"line":161,"column":2},"end":{"line":161,"column":108}},"19":{"start":{"line":166,"column":0},"end":{"line":166,"column":841}},"20":{"start":{"line":166,"column":16},"end":{"line":166,"column":840}},"21":{"start":{"line":166,"column":51},"end":{"line":166,"column":100}},"22":{"start":{"line":166,"column":72},"end":{"line":166,"column":100}},"23":{"start":{"line":166,"column":110},"end":{"line":166,"column":117}},"24":{"start":{"line":166,"column":118},"end":{"line":166,"column":830}},"25":{"start":{"line":166,"column":156},"end":{"line":166,"column":170}},"26":{"start":{"line":166,"column":170},"end":{"line":166,"column":195}},"27":{"start":{"line":166,"column":209},"end":{"line":166,"column":220}},"28":{"start":{"line":166,"column":236},"end":{"line":166,"column":293}},"29":{"start":{"line":166,"column":294},"end":{"line":166,"column":373}},"30":{"start":{"line":166,"column":373},"end":{"line":166,"column":442}},"31":{"start":{"line":166,"column":442},"end":{"line":166,"column":513}},"32":{"start":{"line":166,"column":513},"end":{"line":166,"column":589}},"33":{"start":{"line":166,"column":589},"end":{"line":166,"column":684}},"34":{"start":{"line":166,"column":684},"end":{"line":166,"column":738}},"35":{"start":{"line":166,"column":748},"end":{"line":166,"column":775}},"36":{"start":{"line":166,"column":776},"end":{"line":166,"column":828}},"37":{"start":{"line":166,"column":830},"end":{"line":166,"column":837}},"38":{"start":{"line":166,"column":841},"end":{"line":166,"column":921}},"39":{"start":{"line":166,"column":880},"end":{"line":166,"column":918}},"40":{"start":{"line":166,"column":921},"end":{"line":166,"column":992}},"41":{"start":{"line":166,"column":967},"end":{"line":166,"column":989}},"42":{"start":{"line":166,"column":1004},"end":{"line":166,"column":1083}},"43":{"start":{"line":166,"column":1096},"end":{"line":166,"column":1126}},"44":{"start":{"line":166,"column":1145},"end":{"line":166,"column":1344}},"45":{"start":{"line":166,"column":1243},"end":{"line":166,"column":1285}},"46":{"start":{"line":166,"column":1286},"end":{"line":166,"column":1322}},"47":{"start":{"line":166,"column":1345},"end":{"line":166,"column":1414}},"48":{"start":{"line":166,"column":1414},"end":{"line":166,"column":1502}},"49":{"start":{"line":166,"column":1502},"end":{"line":166,"column":1566}},"50":{"start":{"line":166,"column":1566},"end":{"line":166,"column":1574}}},"fnMap":{"0":{"name":"(anonymous_0)","decl":{"start":{"line":1,"column":307},"end":{"line":1,"column":308}},"loc":{"start":{"line":1,"column":319},"end":{"line":160,"column":144}}},"1":{"name":"_callee","decl":{"start":{"line":95,"column":37},"end":{"line":95,"column":44}},"loc":{"start":{"line":95,"column":73},"end":{"line":160,"column":78}}},"2":{"name":"start","decl":{"start":{"line":160,"column":97},"end":{"line":160,"column":102}},"loc":{"start":{"line":160,"column":105},"end":{"line":160,"column":142}}},"3":{"name":"(anonymous_3)","decl":{"start":{"line":160,"column":1670},"end":{"line":160,"column":1671}},"loc":{"start":{"line":160,"column":1682},"end":{"line":160,"column":1875}}},"4":{"name":"(anonymous_4)","decl":{"start":{"line":166,"column":24},"end":{"line":166,"column":25}},"loc":{"start":{"line":166,"column":50},"end":{"line":166,"column":838}}},"5":{"name":"(anonymous_5)","decl":{"start":{"line":166,"column":128},"end":{"line":166,"column":129}},"loc":{"start":{"line":166,"column":155},"end":{"line":166,"column":829}}},"6":{"name":"(anonymous_6)","decl":{"start":{"line":166,"column":859},"end":{"line":166,"column":860}},"loc":{"start":{"line":166,"column":879},"end":{"line":166,"column":919}}},"7":{"name":"(anonymous_7)","decl":{"start":{"line":166,"column":946},"end":{"line":166,"column":947}},"loc":{"start":{"line":166,"column":966},"end":{"line":166,"column":990}}},"8":{"name":"origin","decl":{"start":{"line":166,"column":1190},"end":{"line":166,"column":1196}},"loc":{"start":{"line":166,"column":1216},"end":{"line":166,"column":1323}}}},"branchMap":{"0":{"loc":{"start":{"line":160,"column":1302},"end":{"line":160,"column":1884}},"type":"if","locations":[{"start":{"line":160,"column":1302},"end":{"line":160,"column":1884}},{"start":{"line":160,"column":1302},"end":{"line":160,"column":1884}}]},"1":{"loc":{"start":{"line":160,"column":1306},"end":{"line":160,"column":1374}},"type":"binary-expr","locations":[{"start":{"line":160,"column":1306},"end":{"line":160,"column":1333}},{"start":{"line":160,"column":1337},"end":{"line":160,"column":1374}}]},"2":{"loc":{"start":{"line":160,"column":1945},"end":{"line":161,"column":109}},"type":"if","locations":[{"start":{"line":160,"column":1945},"end":{"line":161,"column":109}},{"start":{"line":160,"column":1945},"end":{"line":161,"column":109}}]},"3":{"loc":{"start":{"line":166,"column":0},"end":{"line":166,"column":841}},"type":"if","locations":[{"start":{"line":166,"column":0},"end":{"line":166,"column":841}},{"start":{"line":166,"column":0},"end":{"line":166,"column":841}}]},"4":{"loc":{"start":{"line":166,"column":51},"end":{"line":166,"column":100}},"type":"if","locations":[{"start":{"line":166,"column":51},"end":{"line":166,"column":100}},{"start":{"line":166,"column":51},"end":{"line":166,"column":100}}]},"5":{"loc":{"start":{"line":166,"column":1243},"end":{"line":166,"column":1285}},"type":"binary-expr","locations":[{"start":{"line":166,"column":1243},"end":{"line":166,"column":1262}},{"start":{"line":166,"column":1266},"end":{"line":166,"column":1285}}]}},"s":{"0":0,"1":0,"2":0,"3":0,"4":0,"5":0,"6":0,"7":0,"8":0,"9":0,"10":0,"11":0,"12":0,"13":0,"14":0,"15":0,"16":0,"17":0,"18":0,"19":0,"20":0,"21":0,"22":0,"23":0,"24":0,"25":0,"26":0,"27":0,"28":0,"29":0,"30":0,"31":0,"32":0,"33":0,"34":0,"35":0,"36":0,"37":0,"38":0,"39":0,"40":0,"41":0,"42":0,"43":0,"44":0,"45":0,"46":0,"47":0,"48":0,"49":0,"50":0},"f":{"0":0,"1":0,"2":0,"3":0,"4":0,"5":0,"6":0,"7":0,"8":0},"b":{"0":[0,0],"1":[0,0],"2":[0,0],"3":[0,0],"4":[0,0],"5":[0,0]}}
,"/Users/james.baxley/Products/heighliner/.research/graphql/src/apollos/index.js": {"path":"/Users/james.baxley/Products/heighliner/.research/graphql/src/apollos/index.js","statementMap":{"0":{"start":{"line":1,"column":39},"end":{"line":1,"column":101}},"1":{"start":{"line":1,"column":101},"end":{"line":1,"column":183}},"2":{"start":{"line":7,"column":26},"end":{"line":7,"column":105}},"3":{"start":{"line":7,"column":336},"end":{"line":7,"column":366}},"4":{"start":{"line":7,"column":366},"end":{"line":7,"column":390}},"5":{"start":{"line":7,"column":390},"end":{"line":7,"column":416}},"6":{"start":{"line":7,"column":416},"end":{"line":15,"column":54}}},"fnMap":{},"branchMap":{},"s":{"0":0,"1":0,"2":0,"3":0,"4":0,"5":0,"6":0},"f":{},"b":{}}
,"/Users/james.baxley/Products/heighliner/.research/graphql/src/apollos/mongo.js": {"path":"/Users/james.baxley/Products/heighliner/.research/graphql/src/apollos/mongo.js","statementMap":{"0":{"start":{"line":8,"column":2},"end":{"line":8,"column":34}},"1":{"start":{"line":9,"column":2},"end":{"line":17,"column":5}},"2":{"start":{"line":10,"column":4},"end":{"line":16,"column":7}},"3":{"start":{"line":13,"column":6},"end":{"line":13,"column":37}},"4":{"start":{"line":13,"column":17},"end":{"line":13,"column":27}},"5":{"start":{"line":13,"column":28},"end":{"line":13,"column":35}},"6":{"start":{"line":15,"column":6},"end":{"line":15,"column":15}},"7":{"start":{"line":20,"column":0},"end":{"line":22,"column":2}},"8":{"start":{"line":26,"column":4},"end":{"line":26,"column":17}},"9":{"start":{"line":27,"column":4},"end":{"line":27,"column":64}},"10":{"start":{"line":33,"column":4},"end":{"line":33,"column":65}},"11":{"start":{"line":37,"column":19},"end":{"line":37,"column":35}},"12":{"start":{"line":38,"column":18},"end":{"line":38,"column":33}},"13":{"start":{"line":39,"column":18},"end":{"line":39,"column":28}},"14":{"start":{"line":40,"column":18},"end":{"line":40,"column":38}},"15":{"start":{"line":41,"column":4},"end":{"line":41,"column":56}},"16":{"start":{"line":41,"column":12},"end":{"line":41,"column":56}},"17":{"start":{"line":42,"column":4},"end":{"line":42,"column":24}},"18":{"start":{"line":43,"column":4},"end":{"line":56,"column":9}},"19":{"start":{"line":45,"column":20},"end":{"line":45,"column":30}},"20":{"start":{"line":46,"column":8},"end":{"line":46,"column":80}},"21":{"start":{"line":46,"column":16},"end":{"line":46,"column":80}},"22":{"start":{"line":47,"column":8},"end":{"line":47,"column":31}},"23":{"start":{"line":48,"column":8},"end":{"line":48,"column":17}},"24":{"start":{"line":51,"column":20},"end":{"line":51,"column":30}},"25":{"start":{"line":52,"column":8},"end":{"line":52,"column":80}},"26":{"start":{"line":52,"column":16},"end":{"line":52,"column":80}},"27":{"start":{"line":53,"column":8},"end":{"line":53,"column":60}},"28":{"start":{"line":53,"column":16},"end":{"line":53,"column":60}},"29":{"start":{"line":54,"column":8},"end":{"line":54,"column":31}},"30":{"start":{"line":55,"column":8},"end":{"line":55,"column":17}},"31":{"start":{"line":60,"column":4},"end":{"line":60,"column":17}},"32":{"start":{"line":61,"column":4},"end":{"line":61,"column":22}}},"fnMap":{"0":{"name":"connect","decl":{"start":{"line":7,"column":16},"end":{"line":7,"column":23}},"loc":{"start":{"line":7,"column":42},"end":{"line":18,"column":1}}},"1":{"name":"(anonymous_1)","decl":{"start":{"line":9,"column":21},"end":{"line":9,"column":22}},"loc":{"start":{"line":9,"column":29},"end":{"line":17,"column":3}}},"2":{"name":"(anonymous_2)","decl":{"start":{"line":12,"column":7},"end":{"line":12,"column":8}},"loc":{"start":{"line":12,"column":16},"end":{"line":16,"column":5}}},"3":{"name":"(anonymous_3)","decl":{"start":{"line":25,"column":2},"end":{"line":25,"column":3}},"loc":{"start":{"line":25,"column":34},"end":{"line":30,"column":3}}},"4":{"name":"(anonymous_4)","decl":{"start":{"line":32,"column":2},"end":{"line":32,"column":3}},"loc":{"start":{"line":32,"column":19},"end":{"line":34,"column":3}}},"5":{"name":"(anonymous_5)","decl":{"start":{"line":36,"column":2},"end":{"line":36,"column":3}},"loc":{"start":{"line":36,"column":16},"end":{"line":57,"column":3}}},"6":{"name":"(anonymous_6)","decl":{"start":{"line":44,"column":12},"end":{"line":44,"column":13}},"loc":{"start":{"line":44,"column":19},"end":{"line":49,"column":7}}},"7":{"name":"(anonymous_7)","decl":{"start":{"line":50,"column":13},"end":{"line":50,"column":14}},"loc":{"start":{"line":50,"column":20},"end":{"line":56,"column":7}}},"8":{"name":"(anonymous_8)","decl":{"start":{"line":59,"column":2},"end":{"line":59,"column":3}},"loc":{"start":{"line":59,"column":13},"end":{"line":62,"column":3}}}},"branchMap":{"0":{"loc":{"start":{"line":8,"column":7},"end":{"line":8,"column":33}},"type":"binary-expr","locations":[{"start":{"line":8,"column":7},"end":{"line":8,"column":14}},{"start":{"line":8,"column":18},"end":{"line":8,"column":33}}]},"1":{"loc":{"start":{"line":13,"column":6},"end":{"line":13,"column":37}},"type":"if","locations":[{"start":{"line":13,"column":6},"end":{"line":13,"column":37}},{"start":{"line":13,"column":6},"end":{"line":13,"column":37}}]},"2":{"loc":{"start":{"line":41,"column":4},"end":{"line":41,"column":56}},"type":"if","locations":[{"start":{"line":41,"column":4},"end":{"line":41,"column":56}},{"start":{"line":41,"column":4},"end":{"line":41,"column":56}}]},"3":{"loc":{"start":{"line":46,"column":8},"end":{"line":46,"column":80}},"type":"if","locations":[{"start":{"line":46,"column":8},"end":{"line":46,"column":80}},{"start":{"line":46,"column":8},"end":{"line":46,"column":80}}]},"4":{"loc":{"start":{"line":52,"column":8},"end":{"line":52,"column":80}},"type":"if","locations":[{"start":{"line":52,"column":8},"end":{"line":52,"column":80}},{"start":{"line":52,"column":8},"end":{"line":52,"column":80}}]},"5":{"loc":{"start":{"line":53,"column":8},"end":{"line":53,"column":60}},"type":"if","locations":[{"start":{"line":53,"column":8},"end":{"line":53,"column":60}},{"start":{"line":53,"column":8},"end":{"line":53,"column":60}}]}},"s":{"0":2,"1":2,"2":2,"3":2,"4":2,"5":2,"6":0,"7":2,"8":2,"9":2,"10":1,"11":1,"12":1,"13":1,"14":1,"15":1,"16":0,"17":1,"18":1,"19":1,"20":1,"21":0,"22":1,"23":1,"24":0,"25":0,"26":0,"27":0,"28":0,"29":0,"30":0,"31":1,"32":1},"f":{"0":2,"1":2,"2":2,"3":2,"4":1,"5":1,"6":1,"7":0,"8":1},"b":{"0":[2,0],"1":[2,0],"2":[0,1],"3":[0,1],"4":[0,0],"5":[0,0]},"_coverageSchema":"332fd63041d2c1bcb487cc26dd0d5f7d97098a6c","hash":"5ecc175ddf7ca215dac2af8eef4164d6cd4a8580"}
,"/Users/james.baxley/Products/heighliner/.research/graphql/src/apollos/models/users/index.js": {"path":"/Users/james.baxley/Products/heighliner/.research/graphql/src/apollos/models/users/index.js","statementMap":{"0":{"start":{"line":1,"column":39},"end":{"line":1,"column":101}},"1":{"start":{"line":5,"column":176},"end":{"line":5,"column":230}},"2":{"start":{"line":5,"column":231},"end":{"line":11,"column":57}}},"fnMap":{"0":{"name":"_interopRequireDefault","decl":{"start":{"line":5,"column":147},"end":{"line":5,"column":169}},"loc":{"start":{"line":5,"column":175},"end":{"line":5,"column":231}}}},"branchMap":{"0":{"loc":{"start":{"line":5,"column":183},"end":{"line":5,"column":229}},"type":"cond-expr","locations":[{"start":{"line":5,"column":207},"end":{"line":5,"column":210}},{"start":{"line":5,"column":213},"end":{"line":5,"column":229}}]},"1":{"loc":{"start":{"line":5,"column":183},"end":{"line":5,"column":204}},"type":"binary-expr","locations":[{"start":{"line":5,"column":183},"end":{"line":5,"column":186}},{"start":{"line":5,"column":190},"end":{"line":5,"column":204}}]}},"s":{"0":0,"1":0,"2":0},"f":{"0":0},"b":{"0":[0,0],"1":[0,0]}}
,"/Users/james.baxley/Products/heighliner/.research/graphql/src/apollos/models/users/model.js": {"path":"/Users/james.baxley/Products/heighliner/.research/graphql/src/apollos/models/users/model.js","statementMap":{"0":{"start":{"line":6,"column":15},"end":{"line":18,"column":1}},"1":{"start":{"line":20,"column":14},"end":{"line":20,"column":48}},"2":{"start":{"line":25,"column":4},"end":{"line":25,"column":23}},"3":{"start":{"line":26,"column":4},"end":{"line":26,"column":23}},"4":{"start":{"line":31,"column":4},"end":{"line":31,"column":77}},"5":{"start":{"line":31,"column":48},"end":{"line":31,"column":75}},"6":{"start":{"line":35,"column":21},"end":{"line":35,"column":26}},"7":{"start":{"line":38,"column":4},"end":{"line":40,"column":24}},"8":{"start":{"line":42,"column":4},"end":{"line":47,"column":8}},"9":{"start":{"line":42,"column":62},"end":{"line":47,"column":6}}},"fnMap":{"0":{"name":"(anonymous_0)","decl":{"start":{"line":24,"column":2},"end":{"line":24,"column":3}},"loc":{"start":{"line":24,"column":51},"end":{"line":27,"column":3}}},"1":{"name":"(anonymous_1)","decl":{"start":{"line":29,"column":2},"end":{"line":29,"column":3}},"loc":{"start":{"line":29,"column":33},"end":{"line":32,"column":3}}},"2":{"name":"(anonymous_2)","decl":{"start":{"line":31,"column":42},"end":{"line":31,"column":43}},"loc":{"start":{"line":31,"column":48},"end":{"line":31,"column":75}}},"3":{"name":"(anonymous_3)","decl":{"start":{"line":34,"column":2},"end":{"line":34,"column":3}},"loc":{"start":{"line":34,"column":32},"end":{"line":48,"column":3}}},"4":{"name":"(anonymous_4)","decl":{"start":{"line":42,"column":56},"end":{"line":42,"column":57}},"loc":{"start":{"line":42,"column":62},"end":{"line":47,"column":6}}}},"branchMap":{"0":{"loc":{"start":{"line":24,"column":14},"end":{"line":24,"column":49}},"type":"default-arg","locations":[{"start":{"line":24,"column":26},"end":{"line":24,"column":49}}]}},"s":{"0":1,"1":1,"2":4,"3":4,"4":1,"5":0,"6":2,"7":2,"8":2,"9":2},"f":{"0":4,"1":1,"2":0,"3":2,"4":2},"b":{"0":[3]},"_coverageSchema":"332fd63041d2c1bcb487cc26dd0d5f7d97098a6c","hash":"84f917e86ba1529d8dbcbc4651aaf8711d61cf86"}
,"/Users/james.baxley/Products/heighliner/.research/graphql/src/apollos/models/users/queries.js": {"path":"/Users/james.baxley/Products/heighliner/.research/graphql/src/apollos/models/users/queries.js","statementMap":{"0":{"start":{"line":1,"column":39},"end":{"line":1,"column":101}},"1":{"start":{"line":1,"column":101},"end":{"line":3,"column":21}}},"fnMap":{},"branchMap":{},"s":{"0":0,"1":0},"f":{},"b":{}}
,"/Users/james.baxley/Products/heighliner/.research/graphql/src/apollos/models/users/resolver.js": {"path":"/Users/james.baxley/Products/heighliner/.research/graphql/src/apollos/models/users/resolver.js","statementMap":{"0":{"start":{"line":7,"column":6},"end":{"line":7,"column":26}},"1":{"start":{"line":12,"column":33},"end":{"line":12,"column":44}},"2":{"start":{"line":16,"column":26},"end":{"line":16,"column":34}},"3":{"start":{"line":17,"column":35},"end":{"line":17,"column":49}},"4":{"start":{"line":21,"column":24},"end":{"line":21,"column":28}},"5":{"start":{"line":22,"column":28},"end":{"line":22,"column":34}},"6":{"start":{"line":26,"column":43},"end":{"line":26,"column":79}},"7":{"start":{"line":27,"column":32},"end":{"line":27,"column":40}},"8":{"start":{"line":28,"column":28},"end":{"line":28,"column":34}}},"fnMap":{"0":{"name":"(anonymous_0)","decl":{"start":{"line":12,"column":12},"end":{"line":12,"column":13}},"loc":{"start":{"line":12,"column":33},"end":{"line":12,"column":44}}},"1":{"name":"(anonymous_1)","decl":{"start":{"line":16,"column":8},"end":{"line":16,"column":9}},"loc":{"start":{"line":16,"column":26},"end":{"line":16,"column":34}}},"2":{"name":"(anonymous_2)","decl":{"start":{"line":17,"column":11},"end":{"line":17,"column":12}},"loc":{"start":{"line":17,"column":35},"end":{"line":17,"column":49}}},"3":{"name":"(anonymous_3)","decl":{"start":{"line":21,"column":10},"end":{"line":21,"column":11}},"loc":{"start":{"line":21,"column":24},"end":{"line":21,"column":28}}},"4":{"name":"(anonymous_4)","decl":{"start":{"line":22,"column":12},"end":{"line":22,"column":13}},"loc":{"start":{"line":22,"column":28},"end":{"line":22,"column":34}}},"5":{"name":"(anonymous_5)","decl":{"start":{"line":26,"column":8},"end":{"line":26,"column":9}},"loc":{"start":{"line":26,"column":43},"end":{"line":26,"column":79}}},"6":{"name":"(anonymous_6)","decl":{"start":{"line":27,"column":14},"end":{"line":27,"column":15}},"loc":{"start":{"line":27,"column":32},"end":{"line":27,"column":40}}},"7":{"name":"(anonymous_7)","decl":{"start":{"line":28,"column":12},"end":{"line":28,"column":13}},"loc":{"start":{"line":28,"column":28},"end":{"line":28,"column":34}}}},"branchMap":{"0":{"loc":{"start":{"line":7,"column":13},"end":{"line":7,"column":25}},"type":"binary-expr","locations":[{"start":{"line":7,"column":13},"end":{"line":7,"column":17}},{"start":{"line":7,"column":21},"end":{"line":7,"column":25}}]}},"s":{"0":0,"1":1,"2":1,"3":1,"4":1,"5":1,"6":1,"7":1,"8":1},"f":{"0":1,"1":1,"2":1,"3":1,"4":1,"5":1,"6":1,"7":1},"b":{"0":[0,0]},"_coverageSchema":"332fd63041d2c1bcb487cc26dd0d5f7d97098a6c","hash":"6c0862b44db3760e4f86e0cfc838eb79ebb79be9"}
,"/Users/james.baxley/Products/heighliner/.research/graphql/src/apollos/models/users/schema.js": {"path":"/Users/james.baxley/Products/heighliner/.research/graphql/src/apollos/models/users/schema.js","statementMap":{"0":{"start":{"line":1,"column":39},"end":{"line":1,"column":101}},"1":{"start":{"line":1,"column":101},"end":{"line":2,"column":530}}},"fnMap":{},"branchMap":{},"s":{"0":0,"1":0},"f":{},"b":{}}
,"/Users/james.baxley/Products/heighliner/.research/graphql/src/esv/fetch.js": {"path":"/Users/james.baxley/Products/heighliner/.research/graphql/src/esv/fetch.js","statementMap":{"0":{"start":{"line":5,"column":2},"end":{"line":8,"column":5}},"1":{"start":{"line":6,"column":19},"end":{"line":6,"column":38}},"2":{"start":{"line":7,"column":4},"end":{"line":7,"column":15}},"3":{"start":{"line":17,"column":18},"end":{"line":17,"column":55}},"4":{"start":{"line":19,"column":20},"end":{"line":19,"column":42}},"5":{"start":{"line":21,"column":20},"end":{"line":24,"column":5}},"6":{"start":{"line":26,"column":20},"end":{"line":26,"column":46}},"7":{"start":{"line":28,"column":4},"end":{"line":28,"column":24}},"8":{"start":{"line":30,"column":4},"end":{"line":32,"column":56}},"9":{"start":{"line":31,"column":17},"end":{"line":31,"column":25}},"10":{"start":{"line":32,"column":19},"end":{"line":32,"column":42}},"11":{"start":{"line":32,"column":43},"end":{"line":32,"column":52}},"12":{"start":{"line":36,"column":18},"end":{"line":36,"column":51}},"13":{"start":{"line":37,"column":4},"end":{"line":37,"column":35}},"14":{"start":{"line":38,"column":4},"end":{"line":38,"column":41}},"15":{"start":{"line":39,"column":4},"end":{"line":39,"column":51}},"16":{"start":{"line":40,"column":4},"end":{"line":40,"column":42}},"17":{"start":{"line":41,"column":4},"end":{"line":41,"column":43}},"18":{"start":{"line":42,"column":4},"end":{"line":42,"column":48}},"19":{"start":{"line":43,"column":4},"end":{"line":43,"column":19}},"20":{"start":{"line":47,"column":4},"end":{"line":47,"column":17}},"21":{"start":{"line":48,"column":4},"end":{"line":48,"column":22}}},"fnMap":{"0":{"name":"connect","decl":{"start":{"line":4,"column":16},"end":{"line":4,"column":23}},"loc":{"start":{"line":4,"column":26},"end":{"line":9,"column":1}}},"1":{"name":"(anonymous_1)","decl":{"start":{"line":5,"column":21},"end":{"line":5,"column":22}},"loc":{"start":{"line":5,"column":29},"end":{"line":8,"column":3}}},"2":{"name":"(anonymous_2)","decl":{"start":{"line":16,"column":2},"end":{"line":16,"column":3}},"loc":{"start":{"line":16,"column":20},"end":{"line":33,"column":3}}},"3":{"name":"(anonymous_3)","decl":{"start":{"line":31,"column":12},"end":{"line":31,"column":13}},"loc":{"start":{"line":31,"column":17},"end":{"line":31,"column":25}}},"4":{"name":"(anonymous_4)","decl":{"start":{"line":32,"column":12},"end":{"line":32,"column":13}},"loc":{"start":{"line":32,"column":17},"end":{"line":32,"column":54}}},"5":{"name":"(anonymous_5)","decl":{"start":{"line":35,"column":2},"end":{"line":35,"column":3}},"loc":{"start":{"line":35,"column":20},"end":{"line":44,"column":3}}},"6":{"name":"(anonymous_6)","decl":{"start":{"line":46,"column":2},"end":{"line":46,"column":3}},"loc":{"start":{"line":46,"column":13},"end":{"line":49,"column":3}}}},"branchMap":{},"s":{"0":2,"1":2,"2":2,"3":0,"4":0,"5":0,"6":0,"7":0,"8":0,"9":0,"10":0,"11":0,"12":0,"13":0,"14":0,"15":0,"16":0,"17":0,"18":0,"19":0,"20":0,"21":0},"f":{"0":2,"1":2,"2":0,"3":0,"4":0,"5":0,"6":0},"b":{},"_coverageSchema":"332fd63041d2c1bcb487cc26dd0d5f7d97098a6c","hash":"2d81f676f510421f719ed8ed3a2d71fe097179fd"}
,"/Users/james.baxley/Products/heighliner/.research/graphql/src/esv/index.js": {"path":"/Users/james.baxley/Products/heighliner/.research/graphql/src/esv/index.js","statementMap":{"0":{"start":{"line":1,"column":39},"end":{"line":1,"column":101}},"1":{"start":{"line":1,"column":101},"end":{"line":1,"column":199}},"2":{"start":{"line":6,"column":191},"end":{"line":6,"column":245}},"3":{"start":{"line":8,"column":26},"end":{"line":8,"column":109}},"4":{"start":{"line":8,"column":373},"end":{"line":8,"column":403}},"5":{"start":{"line":8,"column":403},"end":{"line":8,"column":427}},"6":{"start":{"line":8,"column":427},"end":{"line":8,"column":453}},"7":{"start":{"line":8,"column":453},"end":{"line":8,"column":475}},"8":{"start":{"line":8,"column":475},"end":{"line":17,"column":54}}},"fnMap":{"0":{"name":"_interopRequireDefault","decl":{"start":{"line":6,"column":162},"end":{"line":6,"column":184}},"loc":{"start":{"line":6,"column":190},"end":{"line":6,"column":246}}}},"branchMap":{"0":{"loc":{"start":{"line":6,"column":198},"end":{"line":6,"column":244}},"type":"cond-expr","locations":[{"start":{"line":6,"column":222},"end":{"line":6,"column":225}},{"start":{"line":6,"column":228},"end":{"line":6,"column":244}}]},"1":{"loc":{"start":{"line":6,"column":198},"end":{"line":6,"column":219}},"type":"binary-expr","locations":[{"start":{"line":6,"column":198},"end":{"line":6,"column":201}},{"start":{"line":6,"column":205},"end":{"line":6,"column":219}}]}},"s":{"0":0,"1":0,"2":0,"3":0,"4":0,"5":0,"6":0,"7":0,"8":0},"f":{"0":0},"b":{"0":[0,0],"1":[0,0]}}
,"/Users/james.baxley/Products/heighliner/.research/graphql/src/esv/models/scripture/index.js": {"path":"/Users/james.baxley/Products/heighliner/.research/graphql/src/esv/models/scripture/index.js","statementMap":{"0":{"start":{"line":1,"column":39},"end":{"line":1,"column":101}},"1":{"start":{"line":5,"column":176},"end":{"line":5,"column":230}},"2":{"start":{"line":5,"column":231},"end":{"line":11,"column":57}}},"fnMap":{"0":{"name":"_interopRequireDefault","decl":{"start":{"line":5,"column":147},"end":{"line":5,"column":169}},"loc":{"start":{"line":5,"column":175},"end":{"line":5,"column":231}}}},"branchMap":{"0":{"loc":{"start":{"line":5,"column":183},"end":{"line":5,"column":229}},"type":"cond-expr","locations":[{"start":{"line":5,"column":207},"end":{"line":5,"column":210}},{"start":{"line":5,"column":213},"end":{"line":5,"column":229}}]},"1":{"loc":{"start":{"line":5,"column":183},"end":{"line":5,"column":204}},"type":"binary-expr","locations":[{"start":{"line":5,"column":183},"end":{"line":5,"column":186}},{"start":{"line":5,"column":190},"end":{"line":5,"column":204}}]}},"s":{"0":0,"1":0,"2":0},"f":{"0":0},"b":{"0":[0,0],"1":[0,0]}}
,"/Users/james.baxley/Products/heighliner/.research/graphql/src/esv/models/scripture/model.js": {"path":"/Users/james.baxley/Products/heighliner/.research/graphql/src/esv/models/scripture/model.js","statementMap":{"0":{"start":{"line":9,"column":4},"end":{"line":9,"column":12}},"1":{"start":{"line":10,"column":4},"end":{"line":10,"column":23}},"2":{"start":{"line":14,"column":4},"end":{"line":16,"column":7}},"3":{"start":{"line":15,"column":6},"end":{"line":15,"column":28}}},"fnMap":{"0":{"name":"(anonymous_0)","decl":{"start":{"line":8,"column":2},"end":{"line":8,"column":3}},"loc":{"start":{"line":8,"column":51},"end":{"line":11,"column":3}}},"1":{"name":"(anonymous_1)","decl":{"start":{"line":13,"column":2},"end":{"line":13,"column":3}},"loc":{"start":{"line":13,"column":19},"end":{"line":17,"column":3}}},"2":{"name":"(anonymous_2)","decl":{"start":{"line":14,"column":59},"end":{"line":14,"column":60}},"loc":{"start":{"line":15,"column":6},"end":{"line":15,"column":28}}}},"branchMap":{"0":{"loc":{"start":{"line":8,"column":14},"end":{"line":8,"column":49}},"type":"default-arg","locations":[{"start":{"line":8,"column":26},"end":{"line":8,"column":49}}]}},"s":{"0":1,"1":1,"2":0,"3":0},"f":{"0":1,"1":0,"2":0},"b":{"0":[1]},"_coverageSchema":"332fd63041d2c1bcb487cc26dd0d5f7d97098a6c","hash":"d2e996efc73cd6fbbf58b7d401e2126f0ae9c22d"}
,"/Users/james.baxley/Products/heighliner/.research/graphql/src/esv/models/scripture/queries.js": {"path":"/Users/james.baxley/Products/heighliner/.research/graphql/src/esv/models/scripture/queries.js","statementMap":{"0":{"start":{"line":1,"column":39},"end":{"line":1,"column":101}},"1":{"start":{"line":1,"column":101},"end":{"line":3,"column":43}}},"fnMap":{},"branchMap":{},"s":{"0":0,"1":0},"f":{},"b":{}}
,"/Users/james.baxley/Products/heighliner/.research/graphql/src/esv/models/scripture/resolver.js": {"path":"/Users/james.baxley/Products/heighliner/.research/graphql/src/esv/models/scripture/resolver.js","statementMap":{"0":{"start":{"line":5,"column":6},"end":{"line":5,"column":35}},"1":{"start":{"line":10,"column":18},"end":{"line":10,"column":22}}},"fnMap":{"0":{"name":"(anonymous_0)","decl":{"start":{"line":10,"column":10},"end":{"line":10,"column":11}},"loc":{"start":{"line":10,"column":18},"end":{"line":10,"column":22}}}},"branchMap":{},"s":{"0":0,"1":1},"f":{"0":1},"b":{},"_coverageSchema":"332fd63041d2c1bcb487cc26dd0d5f7d97098a6c","hash":"d11977f06b66d607f226cf52743c24fb37639501"}
,"/Users/james.baxley/Products/heighliner/.research/graphql/src/esv/models/scripture/schema.js": {"path":"/Users/james.baxley/Products/heighliner/.research/graphql/src/esv/models/scripture/schema.js","statementMap":{"0":{"start":{"line":1,"column":39},"end":{"line":1,"column":101}},"1":{"start":{"line":1,"column":101},"end":{"line":2,"column":79}}},"fnMap":{},"branchMap":{},"s":{"0":0,"1":0},"f":{},"b":{}}
,"/Users/james.baxley/Products/heighliner/.research/graphql/src/expression-engine/index.js": {"path":"/Users/james.baxley/Products/heighliner/.research/graphql/src/expression-engine/index.js","statementMap":{"0":{"start":{"line":1,"column":39},"end":{"line":1,"column":101}},"1":{"start":{"line":1,"column":101},"end":{"line":1,"column":199}},"2":{"start":{"line":8,"column":195},"end":{"line":8,"column":249}},"3":{"start":{"line":10,"column":26},"end":{"line":10,"column":198}},"4":{"start":{"line":10,"column":462},"end":{"line":10,"column":492}},"5":{"start":{"line":10,"column":492},"end":{"line":10,"column":514}},"6":{"start":{"line":10,"column":514},"end":{"line":10,"column":538}},"7":{"start":{"line":10,"column":538},"end":{"line":10,"column":564}},"8":{"start":{"line":10,"column":564},"end":{"line":21,"column":54}}},"fnMap":{"0":{"name":"_interopRequireDefault","decl":{"start":{"line":8,"column":166},"end":{"line":8,"column":188}},"loc":{"start":{"line":8,"column":194},"end":{"line":8,"column":250}}}},"branchMap":{"0":{"loc":{"start":{"line":8,"column":202},"end":{"line":8,"column":248}},"type":"cond-expr","locations":[{"start":{"line":8,"column":226},"end":{"line":8,"column":229}},{"start":{"line":8,"column":232},"end":{"line":8,"column":248}}]},"1":{"loc":{"start":{"line":8,"column":202},"end":{"line":8,"column":223}},"type":"binary-expr","locations":[{"start":{"line":8,"column":202},"end":{"line":8,"column":205}},{"start":{"line":8,"column":209},"end":{"line":8,"column":223}}]}},"s":{"0":0,"1":0,"2":0,"3":0,"4":0,"5":0,"6":0,"7":0,"8":0},"f":{"0":0},"b":{"0":[0,0],"1":[0,0]}}
,"/Users/james.baxley/Products/heighliner/.research/graphql/src/expression-engine/mysql.js": {"path":"/Users/james.baxley/Products/heighliner/.research/graphql/src/expression-engine/mysql.js","statementMap":{"0":{"start":{"line":1,"column":39},"end":{"line":1,"column":101}},"1":{"start":{"line":1,"column":101},"end":{"line":1,"column":136}},"2":{"start":{"line":1,"column":156},"end":{"line":1,"column":201}},"3":{"start":{"line":1,"column":222},"end":{"line":1,"column":259}},"4":{"start":{"line":1,"column":283},"end":{"line":1,"column":330}},"5":{"start":{"line":1,"column":354},"end":{"line":1,"column":394}},"6":{"start":{"line":1,"column":415},"end":{"line":1,"column":459}},"7":{"start":{"line":1,"column":480},"end":{"line":1,"column":517}},"8":{"start":{"line":1,"column":533},"end":{"line":1,"column":573}},"9":{"start":{"line":1,"column":590},"end":{"line":1,"column":622}},"10":{"start":{"line":1,"column":623},"end":{"line":17,"column":18}},"11":{"start":{"line":17,"column":411},"end":{"line":17,"column":429}},"12":{"start":{"line":19,"column":11},"end":{"line":19,"column":46}},"13":{"start":{"line":20,"column":35},"end":{"line":20,"column":41}},"14":{"start":{"line":20,"column":77},"end":{"line":20,"column":83}},"15":{"start":{"line":20,"column":147},"end":{"line":20,"column":179}},"16":{"start":{"line":20,"column":179},"end":{"line":39,"column":5}},"17":{"start":{"line":20,"column":249},"end":{"line":26,"column":35}},"18":{"start":{"line":30,"column":4},"end":{"line":30,"column":95}},"19":{"start":{"line":32,"column":4},"end":{"line":38,"column":7}},"20":{"start":{"line":36,"column":6},"end":{"line":36,"column":23}},"21":{"start":{"line":37,"column":6},"end":{"line":37,"column":16}}},"fnMap":{"0":{"name":"noop","decl":{"start":{"line":17,"column":420},"end":{"line":17,"column":424}},"loc":{"start":{"line":17,"column":427},"end":{"line":17,"column":429}}},"1":{"name":"connect","decl":{"start":{"line":20,"column":93},"end":{"line":20,"column":100}},"loc":{"start":{"line":20,"column":146},"end":{"line":40,"column":1}}},"2":{"name":"(anonymous_2)","decl":{"start":{"line":20,"column":234},"end":{"line":20,"column":235}},"loc":{"start":{"line":20,"column":248},"end":{"line":39,"column":3}}},"3":{"name":"(anonymous_3)","decl":{"start":{"line":33,"column":9},"end":{"line":33,"column":10}},"loc":{"start":{"line":33,"column":47},"end":{"line":33,"column":65}}},"4":{"name":"(anonymous_4)","decl":{"start":{"line":34,"column":9},"end":{"line":34,"column":10}},"loc":{"start":{"line":34,"column":47},"end":{"line":34,"column":112}}},"5":{"name":"(anonymous_5)","decl":{"start":{"line":35,"column":10},"end":{"line":35,"column":11}},"loc":{"start":{"line":35,"column":23},"end":{"line":38,"column":5}}}},"branchMap":{"0":{"loc":{"start":{"line":20,"column":152},"end":{"line":20,"column":178}},"type":"binary-expr","locations":[{"start":{"line":20,"column":152},"end":{"line":20,"column":159}},{"start":{"line":20,"column":163},"end":{"line":20,"column":178}}]},"1":{"loc":{"start":{"line":22,"column":15},"end":{"line":22,"column":66}},"type":"cond-expr","locations":[{"start":{"line":22,"column":55},"end":{"line":22,"column":59}},{"start":{"line":22,"column":62},"end":{"line":22,"column":66}}]}},"s":{"0":0,"1":0,"2":0,"3":0,"4":0,"5":0,"6":0,"7":0,"8":0,"9":0,"10":0,"11":0,"12":0,"13":0,"14":0,"15":0,"16":0,"17":0,"18":0,"19":0,"20":0,"21":0},"f":{"0":0,"1":0,"2":0,"3":0,"4":0,"5":0},"b":{"0":[0,0],"1":[0,0]}}
,"/Users/james.baxley/Products/heighliner/.research/graphql/src/expression-engine/models/index.js": {"path":"/Users/james.baxley/Products/heighliner/.research/graphql/src/expression-engine/models/index.js","statementMap":{"0":{"start":{"line":1,"column":39},"end":{"line":1,"column":101}},"1":{"start":{"line":1,"column":101},"end":{"line":23,"column":28}},"2":{"start":{"line":23,"column":1262},"end":{"line":23,"column":1316}},"3":{"start":{"line":23,"column":1330},"end":{"line":23,"column":1745}},"4":{"start":{"line":24,"column":22},"end":{"line":24,"column":24}},"5":{"start":{"line":26,"column":2},"end":{"line":28,"column":3}},"6":{"start":{"line":27,"column":4},"end":{"line":27,"column":105}},"7":{"start":{"line":30,"column":2},"end":{"line":32,"column":3}},"8":{"start":{"line":31,"column":4},"end":{"line":31,"column":64}},"9":{"start":{"line":31,"column":29},"end":{"line":31,"column":64}},"10":{"start":{"line":34,"column":2},"end":{"line":34,"column":23}}},"fnMap":{"0":{"name":"_interopRequireDefault","decl":{"start":{"line":23,"column":1233},"end":{"line":23,"column":1255}},"loc":{"start":{"line":23,"column":1261},"end":{"line":23,"column":1317}}},"1":{"name":"createTables","decl":{"start":{"line":23,"column":1755},"end":{"line":23,"column":1767}},"loc":{"start":{"line":23,"column":1770},"end":{"line":35,"column":1}}}},"branchMap":{"0":{"loc":{"start":{"line":23,"column":1269},"end":{"line":23,"column":1315}},"type":"cond-expr","locations":[{"start":{"line":23,"column":1293},"end":{"line":23,"column":1296}},{"start":{"line":23,"column":1299},"end":{"line":23,"column":1315}}]},"1":{"loc":{"start":{"line":23,"column":1269},"end":{"line":23,"column":1290}},"type":"binary-expr","locations":[{"start":{"line":23,"column":1269},"end":{"line":23,"column":1272}},{"start":{"line":23,"column":1276},"end":{"line":23,"column":1290}}]},"2":{"loc":{"start":{"line":31,"column":4},"end":{"line":31,"column":64}},"type":"if","locations":[{"start":{"line":31,"column":4},"end":{"line":31,"column":64}},{"start":{"line":31,"column":4},"end":{"line":31,"column":64}}]}},"s":{"0":0,"1":0,"2":0,"3":0,"4":0,"5":0,"6":0,"7":0,"8":0,"9":0,"10":0},"f":{"0":0,"1":0},"b":{"0":[0,0],"1":[0,0],"2":[0,0]}}
,"/Users/james.baxley/Products/heighliner/.research/graphql/src/expression-engine/models/content/images.js": {"path":"/Users/james.baxley/Products/heighliner/.research/graphql/src/expression-engine/models/content/images.js","statementMap":{"0":{"start":{"line":3,"column":21},"end":{"line":9,"column":1}},"1":{"start":{"line":10,"column":21},"end":{"line":10,"column":32}},"2":{"start":{"line":11,"column":21},"end":{"line":11,"column":32}},"3":{"start":{"line":13,"column":25},"end":{"line":22,"column":1}},"4":{"start":{"line":14,"column":2},"end":{"line":14,"column":29}},"5":{"start":{"line":14,"column":17},"end":{"line":14,"column":29}},"6":{"start":{"line":16,"column":16},"end":{"line":16,"column":35}},"7":{"start":{"line":17,"column":2},"end":{"line":17,"column":42}},"8":{"start":{"line":18,"column":15},"end":{"line":18,"column":30}},"9":{"start":{"line":19,"column":2},"end":{"line":19,"column":54}},"10":{"start":{"line":21,"column":2},"end":{"line":21,"column":16}},"11":{"start":{"line":24,"column":21},"end":{"line":44,"column":1}},"12":{"start":{"line":25,"column":17},"end":{"line":25,"column":19}},"13":{"start":{"line":26,"column":20},"end":{"line":26,"column":49}},"14":{"start":{"line":28,"column":2},"end":{"line":32,"column":3}},"15":{"start":{"line":29,"column":4},"end":{"line":31,"column":6}},"16":{"start":{"line":30,"column":7},"end":{"line":30,"column":48}},"17":{"start":{"line":34,"column":2},"end":{"line":41,"column":5}},"18":{"start":{"line":35,"column":4},"end":{"line":40,"column":7}},"19":{"start":{"line":36,"column":27},"end":{"line":36,"column":44}},"20":{"start":{"line":37,"column":6},"end":{"line":37,"column":68}},"21":{"start":{"line":38,"column":6},"end":{"line":38,"column":33}},"22":{"start":{"line":39,"column":6},"end":{"line":39,"column":32}},"23":{"start":{"line":43,"column":2},"end":{"line":43,"column":16}}},"fnMap":{"0":{"name":"(anonymous_0)","decl":{"start":{"line":13,"column":25},"end":{"line":13,"column":26}},"loc":{"start":{"line":13,"column":45},"end":{"line":22,"column":1}}},"1":{"name":"(anonymous_1)","decl":{"start":{"line":24,"column":21},"end":{"line":24,"column":22}},"loc":{"start":{"line":24,"column":72},"end":{"line":44,"column":1}}},"2":{"name":"(anonymous_2)","decl":{"start":{"line":29,"column":28},"end":{"line":29,"column":29}},"loc":{"start":{"line":30,"column":7},"end":{"line":30,"column":48}}},"3":{"name":"(anonymous_3)","decl":{"start":{"line":34,"column":13},"end":{"line":34,"column":14}},"loc":{"start":{"line":34,"column":24},"end":{"line":41,"column":3}}},"4":{"name":"(anonymous_4)","decl":{"start":{"line":35,"column":18},"end":{"line":35,"column":19}},"loc":{"start":{"line":35,"column":30},"end":{"line":40,"column":5}}}},"branchMap":{"0":{"loc":{"start":{"line":14,"column":2},"end":{"line":14,"column":29}},"type":"if","locations":[{"start":{"line":14,"column":2},"end":{"line":14,"column":29}},{"start":{"line":14,"column":2},"end":{"line":14,"column":29}}]},"1":{"loc":{"start":{"line":24,"column":30},"end":{"line":24,"column":67}},"type":"default-arg","locations":[{"start":{"line":24,"column":40},"end":{"line":24,"column":67}}]},"2":{"loc":{"start":{"line":26,"column":20},"end":{"line":26,"column":49}},"type":"binary-expr","locations":[{"start":{"line":26,"column":20},"end":{"line":26,"column":33}},{"start":{"line":26,"column":37},"end":{"line":26,"column":49}}]},"3":{"loc":{"start":{"line":28,"column":2},"end":{"line":32,"column":3}},"type":"if","locations":[{"start":{"line":28,"column":2},"end":{"line":32,"column":3}},{"start":{"line":28,"column":2},"end":{"line":32,"column":3}}]},"4":{"loc":{"start":{"line":28,"column":6},"end":{"line":28,"column":49}},"type":"binary-expr","locations":[{"start":{"line":28,"column":6},"end":{"line":28,"column":20}},{"start":{"line":28,"column":24},"end":{"line":28,"column":49}}]}},"s":{"0":2,"1":2,"2":2,"3":2,"4":96,"5":20,"6":76,"7":76,"8":76,"9":76,"10":76,"11":2,"12":17,"13":17,"14":17,"15":2,"16":4,"17":17,"18":22,"19":96,"20":96,"21":96,"22":96,"23":17},"f":{"0":96,"1":17,"2":4,"3":22,"4":96},"b":{"0":[20,76],"1":[7],"2":[17,14],"3":[2,15],"4":[17,11]},"_coverageSchema":"332fd63041d2c1bcb487cc26dd0d5f7d97098a6c","hash":"d89e0d75ba65c91ac9fa3072a38c62e2356951e9"}
,"/Users/james.baxley/Products/heighliner/.research/graphql/src/expression-engine/models/content/index.js": {"path":"/Users/james.baxley/Products/heighliner/.research/graphql/src/expression-engine/models/content/index.js","statementMap":{"0":{"start":{"line":1,"column":39},"end":{"line":1,"column":101}},"1":{"start":{"line":6,"column":176},"end":{"line":6,"column":230}},"2":{"start":{"line":6,"column":231},"end":{"line":13,"column":57}}},"fnMap":{"0":{"name":"_interopRequireDefault","decl":{"start":{"line":6,"column":147},"end":{"line":6,"column":169}},"loc":{"start":{"line":6,"column":175},"end":{"line":6,"column":231}}}},"branchMap":{"0":{"loc":{"start":{"line":6,"column":183},"end":{"line":6,"column":229}},"type":"cond-expr","locations":[{"start":{"line":6,"column":207},"end":{"line":6,"column":210}},{"start":{"line":6,"column":213},"end":{"line":6,"column":229}}]},"1":{"loc":{"start":{"line":6,"column":183},"end":{"line":6,"column":204}},"type":"binary-expr","locations":[{"start":{"line":6,"column":183},"end":{"line":6,"column":186}},{"start":{"line":6,"column":190},"end":{"line":6,"column":204}}]}},"s":{"0":0,"1":0,"2":0},"f":{"0":0},"b":{"0":[0,0],"1":[0,0]}}
,"/Users/james.baxley/Products/heighliner/.research/graphql/src/expression-engine/models/content/model.js": {"path":"/Users/james.baxley/Products/heighliner/.research/graphql/src/expression-engine/models/content/model.js","statementMap":{"0":{"start":{"line":1,"column":39},"end":{"line":1,"column":101}},"1":{"start":{"line":1,"column":101},"end":{"line":1,"column":129}},"2":{"start":{"line":1,"column":141},"end":{"line":1,"column":185}},"3":{"start":{"line":1,"column":199},"end":{"line":1,"column":228}},"4":{"start":{"line":1,"column":252},"end":{"line":1,"column":299}},"5":{"start":{"line":1,"column":323},"end":{"line":1,"column":363}},"6":{"start":{"line":1,"column":386},"end":{"line":1,"column":432}},"7":{"start":{"line":1,"column":455},"end":{"line":1,"column":494}},"8":{"start":{"line":1,"column":514},"end":{"line":1,"column":550}},"9":{"start":{"line":1,"column":571},"end":{"line":1,"column":607}},"10":{"start":{"line":1,"column":623},"end":{"line":1,"column":663}},"11":{"start":{"line":1,"column":680},"end":{"line":1,"column":712}},"12":{"start":{"line":1,"column":738},"end":{"line":1,"column":787}},"13":{"start":{"line":1,"column":813},"end":{"line":1,"column":855}},"14":{"start":{"line":1,"column":878},"end":{"line":1,"column":934}},"15":{"start":{"line":1,"column":958},"end":{"line":1,"column":997}},"16":{"start":{"line":1,"column":1021},"end":{"line":1,"column":1068}},"17":{"start":{"line":1,"column":1092},"end":{"line":1,"column":1132}},"18":{"start":{"line":1,"column":1153},"end":{"line":1,"column":1197}},"19":{"start":{"line":1,"column":1218},"end":{"line":1,"column":1255}},"20":{"start":{"line":1,"column":1290},"end":{"line":1,"column":1348}},"21":{"start":{"line":1,"column":1383},"end":{"line":1,"column":1434}},"22":{"start":{"line":1,"column":1452},"end":{"line":1,"column":1493}},"23":{"start":{"line":1,"column":1511},"end":{"line":1,"column":1545}},"24":{"start":{"line":41,"column":10},"end":{"line":402,"column":375}},"25":{"start":{"line":41,"column":44},"end":{"line":41,"column":82}},"26":{"start":{"line":44,"column":313},"end":{"line":44,"column":433}},"27":{"start":{"line":44,"column":434},"end":{"line":44,"column":459}},"28":{"start":{"line":47,"column":3},"end":{"line":402,"column":351}},"29":{"start":{"line":50,"column":22},"end":{"line":50,"column":26}},"30":{"start":{"line":51,"column":6},"end":{"line":55,"column":9}},"31":{"start":{"line":52,"column":8},"end":{"line":52,"column":42}},"32":{"start":{"line":52,"column":35},"end":{"line":52,"column":42}},"33":{"start":{"line":54,"column":8},"end":{"line":54,"column":71}},"34":{"start":{"line":57,"column":6},"end":{"line":57,"column":23}},"35":{"start":{"line":61,"column":6},"end":{"line":73,"column":9}},"36":{"start":{"line":62,"column":19},"end":{"line":62,"column":35}},"37":{"start":{"line":64,"column":8},"end":{"line":70,"column":9}},"38":{"start":{"line":65,"column":26},"end":{"line":65,"column":41}},"39":{"start":{"line":66,"column":10},"end":{"line":66,"column":28}},"40":{"start":{"line":67,"column":10},"end":{"line":67,"column":37}},"41":{"start":{"line":69,"column":10},"end":{"line":69,"column":61}},"42":{"start":{"line":72,"column":8},"end":{"line":72,"column":78}},"43":{"start":{"line":74,"column":61},"end":{"line":110,"column":149}},"44":{"start":{"line":76,"column":30},"end":{"line":76,"column":34}},"45":{"start":{"line":76,"column":66},"end":{"line":110,"column":146}},"46":{"start":{"line":76,"column":129},"end":{"line":110,"column":128}},"47":{"start":{"line":76,"column":140},"end":{"line":110,"column":127}},"48":{"start":{"line":76,"column":187},"end":{"line":77,"column":46}},"49":{"start":{"line":77,"column":21},"end":{"line":77,"column":39}},"50":{"start":{"line":77,"column":39},"end":{"line":77,"column":45}},"51":{"start":{"line":77,"column":46},"end":{"line":77,"column":138}},"52":{"start":{"line":77,"column":145},"end":{"line":77,"column":163}},"53":{"start":{"line":77,"column":163},"end":{"line":83,"column":143}},"54":{"start":{"line":83,"column":150},"end":{"line":83,"column":173}},"55":{"start":{"line":86,"column":16},"end":{"line":86,"column":68}},"56":{"start":{"line":86,"column":68},"end":{"line":86,"column":86}},"57":{"start":{"line":86,"column":86},"end":{"line":110,"column":30}},"58":{"start":{"line":110,"column":37},"end":{"line":110,"column":85}},"59":{"start":{"line":110,"column":103},"end":{"line":110,"column":126}},"60":{"start":{"line":110,"column":180},"end":{"line":110,"column":216}},"61":{"start":{"line":110,"column":217},"end":{"line":110,"column":234}},"62":{"start":{"line":115,"column":24},"end":{"line":115,"column":26}},"63":{"start":{"line":116,"column":6},"end":{"line":119,"column":9}},"64":{"start":{"line":118,"column":8},"end":{"line":118,"column":41}},"65":{"start":{"line":120,"column":6},"end":{"line":120,"column":25}},"66":{"start":{"line":121,"column":72},"end":{"line":141,"column":330}},"67":{"start":{"line":123,"column":63},"end":{"line":141,"column":327}},"68":{"start":{"line":123,"column":128},"end":{"line":141,"column":308}},"69":{"start":{"line":123,"column":139},"end":{"line":141,"column":307}},"70":{"start":{"line":123,"column":188},"end":{"line":124,"column":68}},"71":{"start":{"line":124,"column":42},"end":{"line":124,"column":61}},"72":{"start":{"line":124,"column":61},"end":{"line":124,"column":67}},"73":{"start":{"line":124,"column":68},"end":{"line":124,"column":106}},"74":{"start":{"line":124,"column":113},"end":{"line":124,"column":132}},"75":{"start":{"line":124,"column":132},"end":{"line":128,"column":80}},"76":{"start":{"line":128,"column":87},"end":{"line":128,"column":112}},"77":{"start":{"line":131,"column":16},"end":{"line":131,"column":151}},"78":{"start":{"line":133,"column":16},"end":{"line":133,"column":79}},"79":{"start":{"line":133,"column":79},"end":{"line":133,"column":98}},"80":{"start":{"line":133,"column":98},"end":{"line":141,"column":206}},"81":{"start":{"line":141,"column":213},"end":{"line":141,"column":263}},"82":{"start":{"line":141,"column":282},"end":{"line":141,"column":306}},"83":{"start":{"line":141,"column":377},"end":{"line":141,"column":413}},"84":{"start":{"line":141,"column":414},"end":{"line":141,"column":442}},"85":{"start":{"line":141,"column":512},"end":{"line":154,"column":157}},"86":{"start":{"line":144,"column":29},"end":{"line":144,"column":33}},"87":{"start":{"line":144,"column":34},"end":{"line":154,"column":154}},"88":{"start":{"line":144,"column":99},"end":{"line":154,"column":135}},"89":{"start":{"line":144,"column":110},"end":{"line":154,"column":134}},"90":{"start":{"line":144,"column":159},"end":{"line":144,"column":178}},"91":{"start":{"line":144,"column":178},"end":{"line":154,"column":34}},"92":{"start":{"line":154,"column":41},"end":{"line":154,"column":91}},"93":{"start":{"line":154,"column":109},"end":{"line":154,"column":133}},"94":{"start":{"line":154,"column":194},"end":{"line":154,"column":230}},"95":{"start":{"line":154,"column":231},"end":{"line":154,"column":259}},"96":{"start":{"line":154,"column":331},"end":{"line":172,"column":151}},"97":{"start":{"line":157,"column":49},"end":{"line":157,"column":53}},"98":{"start":{"line":157,"column":72},"end":{"line":172,"column":148}},"99":{"start":{"line":157,"column":137},"end":{"line":172,"column":129}},"100":{"start":{"line":157,"column":148},"end":{"line":172,"column":128}},"101":{"start":{"line":159,"column":16},"end":{"line":159,"column":29}},"102":{"start":{"line":160,"column":16},"end":{"line":162,"column":17}},"103":{"start":{"line":161,"column":18},"end":{"line":161,"column":125}},"104":{"start":{"line":164,"column":16},"end":{"line":164,"column":84}},"105":{"start":{"line":164,"column":84},"end":{"line":172,"column":85}},"106":{"start":{"line":172,"column":103},"end":{"line":172,"column":127}},"107":{"start":{"line":172,"column":202},"end":{"line":172,"column":238}},"108":{"start":{"line":172,"column":239},"end":{"line":172,"column":269}},"109":{"start":{"line":172,"column":333},"end":{"line":186,"column":213}},"110":{"start":{"line":176,"column":27},"end":{"line":186,"column":210}},"111":{"start":{"line":176,"column":92},"end":{"line":186,"column":191}},"112":{"start":{"line":176,"column":103},"end":{"line":186,"column":190}},"113":{"start":{"line":176,"column":152},"end":{"line":186,"column":147}},"114":{"start":{"line":186,"column":165},"end":{"line":186,"column":189}},"115":{"start":{"line":186,"column":251},"end":{"line":186,"column":287}},"116":{"start":{"line":186,"column":288},"end":{"line":186,"column":310}},"117":{"start":{"line":186,"column":373},"end":{"line":199,"column":143}},"118":{"start":{"line":191,"column":17},"end":{"line":199,"column":140}},"119":{"start":{"line":191,"column":82},"end":{"line":199,"column":121}},"120":{"start":{"line":191,"column":93},"end":{"line":199,"column":120}},"121":{"start":{"line":191,"column":142},"end":{"line":199,"column":77}},"122":{"start":{"line":199,"column":95},"end":{"line":199,"column":119}},"123":{"start":{"line":199,"column":174},"end":{"line":199,"column":210}},"124":{"start":{"line":199,"column":211},"end":{"line":199,"column":232}},"125":{"start":{"line":199,"column":295},"end":{"line":211,"column":86}},"126":{"start":{"line":199,"column":388},"end":{"line":199,"column":392}},"127":{"start":{"line":199,"column":393},"end":{"line":211,"column":83}},"128":{"start":{"line":199,"column":458},"end":{"line":211,"column":64}},"129":{"start":{"line":199,"column":469},"end":{"line":211,"column":63}},"130":{"start":{"line":199,"column":518},"end":{"line":211,"column":20}},"131":{"start":{"line":207,"column":18},"end":{"line":207,"column":81}},"132":{"start":{"line":207,"column":31},"end":{"line":207,"column":81}},"133":{"start":{"line":209,"column":18},"end":{"line":210,"column":210}},"134":{"start":{"line":211,"column":38},"end":{"line":211,"column":62}},"135":{"start":{"line":211,"column":113},"end":{"line":211,"column":149}},"136":{"start":{"line":211,"column":150},"end":{"line":211,"column":171}},"137":{"start":{"line":211,"column":234},"end":{"line":216,"column":141}},"138":{"start":{"line":211,"column":314},"end":{"line":216,"column":138}},"139":{"start":{"line":211,"column":379},"end":{"line":216,"column":119}},"140":{"start":{"line":211,"column":390},"end":{"line":216,"column":118}},"141":{"start":{"line":211,"column":439},"end":{"line":216,"column":75}},"142":{"start":{"line":216,"column":93},"end":{"line":216,"column":117}},"143":{"start":{"line":216,"column":167},"end":{"line":216,"column":204}},"144":{"start":{"line":216,"column":205},"end":{"line":216,"column":225}},"145":{"start":{"line":216,"column":285},"end":{"line":239,"column":202}},"146":{"start":{"line":216,"column":365},"end":{"line":239,"column":199}},"147":{"start":{"line":216,"column":430},"end":{"line":239,"column":180}},"148":{"start":{"line":216,"column":441},"end":{"line":239,"column":179}},"149":{"start":{"line":216,"column":490},"end":{"line":239,"column":136}},"150":{"start":{"line":239,"column":154},"end":{"line":239,"column":178}},"151":{"start":{"line":239,"column":225},"end":{"line":239,"column":262}},"152":{"start":{"line":239,"column":263},"end":{"line":239,"column":280}},"153":{"start":{"line":239,"column":344},"end":{"line":284,"column":203}},"154":{"start":{"line":243,"column":28},"end":{"line":243,"column":42}},"155":{"start":{"line":243,"column":61},"end":{"line":243,"column":83}},"156":{"start":{"line":243,"column":96},"end":{"line":243,"column":108}},"157":{"start":{"line":243,"column":118},"end":{"line":243,"column":131}},"158":{"start":{"line":243,"column":142},"end":{"line":284,"column":200}},"159":{"start":{"line":243,"column":209},"end":{"line":284,"column":180}},"160":{"start":{"line":243,"column":220},"end":{"line":284,"column":179}},"161":{"start":{"line":245,"column":16},"end":{"line":245,"column":58}},"162":{"start":{"line":246,"column":16},"end":{"line":246,"column":109}},"163":{"start":{"line":246,"column":109},"end":{"line":284,"column":135}},"164":{"start":{"line":281,"column":18},"end":{"line":281,"column":57}},"165":{"start":{"line":284,"column":153},"end":{"line":284,"column":178}},"166":{"start":{"line":284,"column":246},"end":{"line":284,"column":283}},"167":{"start":{"line":284,"column":284},"end":{"line":284,"column":305}},"168":{"start":{"line":284,"column":366},"end":{"line":363,"column":203}},"169":{"start":{"line":289,"column":25},"end":{"line":289,"column":36}},"170":{"start":{"line":289,"column":55},"end":{"line":289,"column":77}},"171":{"start":{"line":289,"column":92},"end":{"line":289,"column":110}},"172":{"start":{"line":289,"column":124},"end":{"line":289,"column":137}},"173":{"start":{"line":289,"column":146},"end":{"line":289,"column":158}},"174":{"start":{"line":289,"column":179},"end":{"line":363,"column":200}},"175":{"start":{"line":289,"column":246},"end":{"line":363,"column":180}},"176":{"start":{"line":289,"column":257},"end":{"line":363,"column":179}},"177":{"start":{"line":290,"column":16},"end":{"line":290,"column":58}},"178":{"start":{"line":291,"column":16},"end":{"line":297,"column":36}},"179":{"start":{"line":308,"column":16},"end":{"line":314,"column":19}},"180":{"start":{"line":311,"column":18},"end":{"line":311,"column":64}},"181":{"start":{"line":311,"column":38},"end":{"line":311,"column":64}},"182":{"start":{"line":312,"column":18},"end":{"line":312,"column":63}},"183":{"start":{"line":312,"column":37},"end":{"line":312,"column":63}},"184":{"start":{"line":313,"column":18},"end":{"line":313,"column":27}},"185":{"start":{"line":317,"column":16},"end":{"line":317,"column":112}},"186":{"start":{"line":318,"column":16},"end":{"line":318,"column":156}},"187":{"start":{"line":319,"column":16},"end":{"line":319,"column":129}},"188":{"start":{"line":323,"column":16},"end":{"line":363,"column":135}},"189":{"start":{"line":360,"column":18},"end":{"line":360,"column":87}},"190":{"start":{"line":363,"column":153},"end":{"line":363,"column":178}},"191":{"start":{"line":363,"column":243},"end":{"line":363,"column":280}},"192":{"start":{"line":363,"column":281},"end":{"line":363,"column":299}},"193":{"start":{"line":363,"column":354},"end":{"line":402,"column":265}},"194":{"start":{"line":367,"column":16},"end":{"line":367,"column":86}},"195":{"start":{"line":367,"column":99},"end":{"line":367,"column":111}},"196":{"start":{"line":367,"column":166},"end":{"line":402,"column":262}},"197":{"start":{"line":367,"column":233},"end":{"line":402,"column":242}},"198":{"start":{"line":367,"column":244},"end":{"line":402,"column":241}},"199":{"start":{"line":368,"column":16},"end":{"line":368,"column":59}},"200":{"start":{"line":371,"column":16},"end":{"line":371,"column":182}},"201":{"start":{"line":372,"column":16},"end":{"line":372,"column":174}},"202":{"start":{"line":374,"column":16},"end":{"line":374,"column":184}},"203":{"start":{"line":376,"column":16},"end":{"line":377,"column":105}},"204":{"start":{"line":379,"column":16},"end":{"line":382,"column":109}},"205":{"start":{"line":386,"column":16},"end":{"line":386,"column":104}},"206":{"start":{"line":386,"column":52},"end":{"line":386,"column":104}},"207":{"start":{"line":386,"column":104},"end":{"line":386,"column":124}},"208":{"start":{"line":386,"column":124},"end":{"line":402,"column":137}},"209":{"start":{"line":402,"column":144},"end":{"line":402,"column":196}},"210":{"start":{"line":402,"column":215},"end":{"line":402,"column":240}},"211":{"start":{"line":402,"column":293},"end":{"line":402,"column":330}},"212":{"start":{"line":402,"column":331},"end":{"line":402,"column":343}},"213":{"start":{"line":402,"column":351},"end":{"line":402,"column":366}}},"fnMap":{"0":{"name":"(anonymous_0)","decl":{"start":{"line":41,"column":28},"end":{"line":41,"column":29}},"loc":{"start":{"line":41,"column":43},"end":{"line":402,"column":367}}},"1":{"name":"Content","decl":{"start":{"line":44,"column":37},"end":{"line":44,"column":44}},"loc":{"start":{"line":44,"column":47},"end":{"line":47,"column":3}}},"2":{"name":"pickField","decl":{"start":{"line":47,"column":76},"end":{"line":47,"column":85}},"loc":{"start":{"line":49,"column":18},"end":{"line":58,"column":5}}},"3":{"name":"(anonymous_3)","decl":{"start":{"line":51,"column":21},"end":{"line":51,"column":22}},"loc":{"start":{"line":51,"column":34},"end":{"line":55,"column":7}}},"4":{"name":"createFieldNames","decl":{"start":{"line":58,"column":52},"end":{"line":58,"column":68}},"loc":{"start":{"line":60,"column":20},"end":{"line":74,"column":5}}},"5":{"name":"(anonymous_5)","decl":{"start":{"line":61,"column":24},"end":{"line":61,"column":25}},"loc":{"start":{"line":61,"column":41},"end":{"line":73,"column":7}}},"6":{"name":"(anonymous_6)","decl":{"start":{"line":74,"column":36},"end":{"line":74,"column":37}},"loc":{"start":{"line":74,"column":48},"end":{"line":110,"column":235}}},"7":{"name":"_callee","decl":{"start":{"line":74,"column":129},"end":{"line":74,"column":136}},"loc":{"start":{"line":76,"column":16},"end":{"line":110,"column":147}}},"8":{"name":"_callee$","decl":{"start":{"line":76,"column":109},"end":{"line":76,"column":117}},"loc":{"start":{"line":76,"column":128},"end":{"line":110,"column":129}}},"9":{"name":"(anonymous_9)","decl":{"start":{"line":78,"column":76},"end":{"line":78,"column":77}},"loc":{"start":{"line":78,"column":114},"end":{"line":83,"column":140}}},"10":{"name":"(anonymous_10)","decl":{"start":{"line":87,"column":39},"end":{"line":87,"column":40}},"loc":{"start":{"line":87,"column":77},"end":{"line":110,"column":27}}},"11":{"name":"getFromId","decl":{"start":{"line":110,"column":159},"end":{"line":110,"column":168}},"loc":{"start":{"line":110,"column":179},"end":{"line":110,"column":217}}},"12":{"name":"createFieldObject","decl":{"start":{"line":110,"column":285},"end":{"line":110,"column":302}},"loc":{"start":{"line":114,"column":12},"end":{"line":121,"column":5}}},"13":{"name":"(anonymous_13)","decl":{"start":{"line":116,"column":21},"end":{"line":116,"column":22}},"loc":{"start":{"line":116,"column":34},"end":{"line":119,"column":7}}},"14":{"name":"(anonymous_14)","decl":{"start":{"line":121,"column":47},"end":{"line":121,"column":48}},"loc":{"start":{"line":121,"column":59},"end":{"line":141,"column":443}}},"15":{"name":"_callee2","decl":{"start":{"line":121,"column":140},"end":{"line":121,"column":148}},"loc":{"start":{"line":123,"column":32},"end":{"line":141,"column":328}}},"16":{"name":"_callee2$","decl":{"start":{"line":123,"column":106},"end":{"line":123,"column":115}},"loc":{"start":{"line":123,"column":127},"end":{"line":141,"column":309}}},"17":{"name":"(anonymous_17)","decl":{"start":{"line":126,"column":82},"end":{"line":126,"column":83}},"loc":{"start":{"line":126,"column":120},"end":{"line":128,"column":77}}},"18":{"name":"(anonymous_18)","decl":{"start":{"line":131,"column":40},"end":{"line":131,"column":41}},"loc":{"start":{"line":131,"column":79},"end":{"line":131,"column":149}}},"19":{"name":"(anonymous_19)","decl":{"start":{"line":134,"column":59},"end":{"line":134,"column":60}},"loc":{"start":{"line":134,"column":97},"end":{"line":141,"column":203}}},"20":{"name":"getContentFromMatrix","decl":{"start":{"line":141,"column":340},"end":{"line":141,"column":360}},"loc":{"start":{"line":141,"column":376},"end":{"line":141,"column":414}}},"21":{"name":"(anonymous_21)","decl":{"start":{"line":141,"column":487},"end":{"line":141,"column":488}},"loc":{"start":{"line":141,"column":499},"end":{"line":154,"column":260}}},"22":{"name":"_callee3","decl":{"start":{"line":141,"column":580},"end":{"line":141,"column":588}},"loc":{"start":{"line":144,"column":15},"end":{"line":154,"column":155}}},"23":{"name":"_callee3$","decl":{"start":{"line":144,"column":77},"end":{"line":144,"column":86}},"loc":{"start":{"line":144,"column":98},"end":{"line":154,"column":136}}},"24":{"name":"(anonymous_24)","decl":{"start":{"line":146,"column":92},"end":{"line":146,"column":93}},"loc":{"start":{"line":146,"column":130},"end":{"line":153,"column":142}}},"25":{"name":"getFromLowReorderSet","decl":{"start":{"line":154,"column":167},"end":{"line":154,"column":187}},"loc":{"start":{"line":154,"column":193},"end":{"line":154,"column":231}}},"26":{"name":"(anonymous_26)","decl":{"start":{"line":154,"column":306},"end":{"line":154,"column":307}},"loc":{"start":{"line":154,"column":318},"end":{"line":172,"column":270}}},"27":{"name":"_callee4","decl":{"start":{"line":154,"column":399},"end":{"line":154,"column":407}},"loc":{"start":{"line":157,"column":35},"end":{"line":172,"column":149}}},"28":{"name":"_callee4$","decl":{"start":{"line":157,"column":115},"end":{"line":157,"column":124}},"loc":{"start":{"line":157,"column":136},"end":{"line":172,"column":130}}},"29":{"name":"(anonymous_29)","decl":{"start":{"line":165,"column":56},"end":{"line":165,"column":57}},"loc":{"start":{"line":165,"column":94},"end":{"line":172,"column":82}}},"30":{"name":"getEntryFromFieldValue","decl":{"start":{"line":172,"column":161},"end":{"line":172,"column":183}},"loc":{"start":{"line":172,"column":201},"end":{"line":172,"column":239}}},"31":{"name":"(anonymous_31)","decl":{"start":{"line":172,"column":308},"end":{"line":172,"column":309}},"loc":{"start":{"line":172,"column":320},"end":{"line":186,"column":311}}},"32":{"name":"_callee5","decl":{"start":{"line":172,"column":401},"end":{"line":172,"column":409}},"loc":{"start":{"line":176,"column":26},"end":{"line":186,"column":211}}},"33":{"name":"_callee5$","decl":{"start":{"line":176,"column":70},"end":{"line":176,"column":79}},"loc":{"start":{"line":176,"column":91},"end":{"line":186,"column":192}}},"34":{"name":"(anonymous_34)","decl":{"start":{"line":178,"column":79},"end":{"line":178,"column":80}},"loc":{"start":{"line":178,"column":117},"end":{"line":180,"column":73}}},"35":{"name":"(anonymous_35)","decl":{"start":{"line":185,"column":22},"end":{"line":185,"column":23}},"loc":{"start":{"line":185,"column":61},"end":{"line":186,"column":144}}},"36":{"name":"findByParentId","decl":{"start":{"line":186,"column":223},"end":{"line":186,"column":237}},"loc":{"start":{"line":186,"column":250},"end":{"line":186,"column":288}}},"37":{"name":"(anonymous_37)","decl":{"start":{"line":186,"column":348},"end":{"line":186,"column":349}},"loc":{"start":{"line":186,"column":360},"end":{"line":199,"column":233}}},"38":{"name":"_callee6","decl":{"start":{"line":186,"column":441},"end":{"line":186,"column":449}},"loc":{"start":{"line":191,"column":16},"end":{"line":199,"column":141}}},"39":{"name":"_callee6$","decl":{"start":{"line":191,"column":60},"end":{"line":191,"column":69}},"loc":{"start":{"line":191,"column":81},"end":{"line":199,"column":122}}},"40":{"name":"(anonymous_40)","decl":{"start":{"line":192,"column":79},"end":{"line":192,"column":80}},"loc":{"start":{"line":192,"column":117},"end":{"line":194,"column":72}}},"41":{"name":"(anonymous_41)","decl":{"start":{"line":197,"column":21},"end":{"line":197,"column":22}},"loc":{"start":{"line":197,"column":60},"end":{"line":197,"column":73}}},"42":{"name":"(anonymous_42)","decl":{"start":{"line":199,"column":21},"end":{"line":199,"column":22}},"loc":{"start":{"line":199,"column":60},"end":{"line":199,"column":74}}},"43":{"name":"findByChildId","decl":{"start":{"line":199,"column":153},"end":{"line":199,"column":166}},"loc":{"start":{"line":199,"column":173},"end":{"line":199,"column":211}}},"44":{"name":"(anonymous_44)","decl":{"start":{"line":199,"column":270},"end":{"line":199,"column":271}},"loc":{"start":{"line":199,"column":282},"end":{"line":211,"column":172}}},"45":{"name":"_callee7","decl":{"start":{"line":199,"column":363},"end":{"line":199,"column":371}},"loc":{"start":{"line":199,"column":374},"end":{"line":211,"column":84}}},"46":{"name":"_callee7$","decl":{"start":{"line":199,"column":436},"end":{"line":199,"column":445}},"loc":{"start":{"line":199,"column":457},"end":{"line":211,"column":65}}},"47":{"name":"(anonymous_47)","decl":{"start":{"line":205,"column":21},"end":{"line":205,"column":22}},"loc":{"start":{"line":205,"column":60},"end":{"line":205,"column":96}}},"48":{"name":"(anonymous_48)","decl":{"start":{"line":206,"column":21},"end":{"line":206,"column":22}},"loc":{"start":{"line":206,"column":65},"end":{"line":211,"column":17}}},"49":{"name":"(anonymous_49)","decl":{"start":{"line":210,"column":25},"end":{"line":210,"column":26}},"loc":{"start":{"line":210,"column":96},"end":{"line":210,"column":207}}},"50":{"name":"getLiveStream","decl":{"start":{"line":211,"column":96},"end":{"line":211,"column":109}},"loc":{"start":{"line":211,"column":112},"end":{"line":211,"column":150}}},"51":{"name":"(anonymous_51)","decl":{"start":{"line":211,"column":208},"end":{"line":211,"column":209}},"loc":{"start":{"line":211,"column":220},"end":{"line":216,"column":226}}},"52":{"name":"_callee8","decl":{"start":{"line":211,"column":302},"end":{"line":211,"column":310}},"loc":{"start":{"line":211,"column":313},"end":{"line":216,"column":139}}},"53":{"name":"_callee8$","decl":{"start":{"line":211,"column":357},"end":{"line":211,"column":366}},"loc":{"start":{"line":211,"column":378},"end":{"line":216,"column":120}}},"54":{"name":"(anonymous_54)","decl":{"start":{"line":215,"column":61},"end":{"line":215,"column":62}},"loc":{"start":{"line":215,"column":99},"end":{"line":216,"column":72}}},"55":{"name":"getStreamUrl","decl":{"start":{"line":216,"column":151},"end":{"line":216,"column":163}},"loc":{"start":{"line":216,"column":166},"end":{"line":216,"column":205}}},"56":{"name":"(anonymous_56)","decl":{"start":{"line":216,"column":259},"end":{"line":216,"column":260}},"loc":{"start":{"line":216,"column":271},"end":{"line":239,"column":281}}},"57":{"name":"_callee9","decl":{"start":{"line":216,"column":353},"end":{"line":216,"column":361}},"loc":{"start":{"line":216,"column":364},"end":{"line":239,"column":200}}},"58":{"name":"_callee9$","decl":{"start":{"line":216,"column":408},"end":{"line":216,"column":417}},"loc":{"start":{"line":216,"column":429},"end":{"line":239,"column":181}}},"59":{"name":"(anonymous_59)","decl":{"start":{"line":221,"column":49},"end":{"line":221,"column":50}},"loc":{"start":{"line":221,"column":87},"end":{"line":237,"column":97}}},"60":{"name":"(anonymous_60)","decl":{"start":{"line":239,"column":21},"end":{"line":239,"column":22}},"loc":{"start":{"line":239,"column":60},"end":{"line":239,"column":133}}},"61":{"name":"getIsLive","decl":{"start":{"line":239,"column":212},"end":{"line":239,"column":221}},"loc":{"start":{"line":239,"column":224},"end":{"line":239,"column":263}}},"62":{"name":"(anonymous_62)","decl":{"start":{"line":239,"column":318},"end":{"line":239,"column":319}},"loc":{"start":{"line":239,"column":330},"end":{"line":284,"column":306}}},"63":{"name":"_callee10","decl":{"start":{"line":239,"column":412},"end":{"line":239,"column":421}},"loc":{"start":{"line":243,"column":13},"end":{"line":284,"column":201}}},"64":{"name":"_callee10$","decl":{"start":{"line":243,"column":185},"end":{"line":243,"column":195}},"loc":{"start":{"line":243,"column":208},"end":{"line":284,"column":181}}},"65":{"name":"(anonymous_65)","decl":{"start":{"line":247,"column":70},"end":{"line":247,"column":71}},"loc":{"start":{"line":247,"column":108},"end":{"line":272,"column":77}}},"66":{"name":"(anonymous_66)","decl":{"start":{"line":279,"column":21},"end":{"line":279,"column":22}},"loc":{"start":{"line":279,"column":34},"end":{"line":282,"column":17}}},"67":{"name":"(anonymous_67)","decl":{"start":{"line":284,"column":21},"end":{"line":284,"column":22}},"loc":{"start":{"line":284,"column":60},"end":{"line":284,"column":132}}},"68":{"name":"findByTagName","decl":{"start":{"line":284,"column":213},"end":{"line":284,"column":226}},"loc":{"start":{"line":284,"column":245},"end":{"line":284,"column":284}}},"69":{"name":"(anonymous_69)","decl":{"start":{"line":284,"column":340},"end":{"line":284,"column":341}},"loc":{"start":{"line":284,"column":352},"end":{"line":363,"column":300}}},"70":{"name":"_callee11","decl":{"start":{"line":284,"column":434},"end":{"line":284,"column":443}},"loc":{"start":{"line":289,"column":13},"end":{"line":363,"column":201}}},"71":{"name":"_callee11$","decl":{"start":{"line":289,"column":222},"end":{"line":289,"column":232}},"loc":{"start":{"line":289,"column":245},"end":{"line":363,"column":181}}},"72":{"name":"(anonymous_72)","decl":{"start":{"line":309,"column":20},"end":{"line":309,"column":21}},"loc":{"start":{"line":309,"column":59},"end":{"line":309,"column":84}}},"73":{"name":"(anonymous_73)","decl":{"start":{"line":310,"column":20},"end":{"line":310,"column":21}},"loc":{"start":{"line":310,"column":33},"end":{"line":314,"column":17}}},"74":{"name":"(anonymous_74)","decl":{"start":{"line":318,"column":46},"end":{"line":318,"column":47}},"loc":{"start":{"line":318,"column":85},"end":{"line":318,"column":154}}},"75":{"name":"(anonymous_75)","decl":{"start":{"line":323,"column":105},"end":{"line":323,"column":106}},"loc":{"start":{"line":323,"column":143},"end":{"line":349,"column":72}}},"76":{"name":"(anonymous_76)","decl":{"start":{"line":356,"column":21},"end":{"line":356,"column":22}},"loc":{"start":{"line":356,"column":34},"end":{"line":361,"column":17}}},"77":{"name":"(anonymous_77)","decl":{"start":{"line":363,"column":21},"end":{"line":363,"column":22}},"loc":{"start":{"line":363,"column":60},"end":{"line":363,"column":132}}},"78":{"name":"findByTags","decl":{"start":{"line":363,"column":213},"end":{"line":363,"column":223}},"loc":{"start":{"line":363,"column":242},"end":{"line":363,"column":281}}},"79":{"name":"(anonymous_79)","decl":{"start":{"line":363,"column":328},"end":{"line":363,"column":329}},"loc":{"start":{"line":363,"column":340},"end":{"line":402,"column":344}}},"80":{"name":"_callee12","decl":{"start":{"line":363,"column":422},"end":{"line":363,"column":431}},"loc":{"start":{"line":363,"column":434},"end":{"line":402,"column":263}}},"81":{"name":"_callee12$","decl":{"start":{"line":367,"column":209},"end":{"line":367,"column":219}},"loc":{"start":{"line":367,"column":232},"end":{"line":402,"column":243}}},"82":{"name":"(anonymous_82)","decl":{"start":{"line":387,"column":72},"end":{"line":387,"column":73}},"loc":{"start":{"line":387,"column":110},"end":{"line":398,"column":44}}},"83":{"name":"(anonymous_83)","decl":{"start":{"line":402,"column":23},"end":{"line":402,"column":24}},"loc":{"start":{"line":402,"column":62},"end":{"line":402,"column":134}}},"84":{"name":"find","decl":{"start":{"line":402,"column":275},"end":{"line":402,"column":279}},"loc":{"start":{"line":402,"column":292},"end":{"line":402,"column":331}}}},"branchMap":{"0":{"loc":{"start":{"line":44,"column":361},"end":{"line":44,"column":420}},"type":"binary-expr","locations":[{"start":{"line":44,"column":361},"end":{"line":44,"column":378}},{"start":{"line":44,"column":382},"end":{"line":44,"column":420}}]},"1":{"loc":{"start":{"line":52,"column":8},"end":{"line":52,"column":42}},"type":"if","locations":[{"start":{"line":52,"column":8},"end":{"line":52,"column":42}},{"start":{"line":52,"column":8},"end":{"line":52,"column":42}}]},"2":{"loc":{"start":{"line":64,"column":8},"end":{"line":70,"column":9}},"type":"if","locations":[{"start":{"line":64,"column":8},"end":{"line":70,"column":9}},{"start":{"line":64,"column":8},"end":{"line":70,"column":9}}]},"3":{"loc":{"start":{"line":76,"column":140},"end":{"line":110,"column":127}},"type":"switch","locations":[{"start":{"line":76,"column":180},"end":{"line":77,"column":138}},{"start":{"line":77,"column":138},"end":{"line":83,"column":143}},{"start":{"line":83,"column":143},"end":{"line":110,"column":30}},{"start":{"line":110,"column":30},"end":{"line":110,"column":85}},{"start":{"line":110,"column":85},"end":{"line":110,"column":92}},{"start":{"line":110,"column":92},"end":{"line":110,"column":126}}]},"4":{"loc":{"start":{"line":76,"column":187},"end":{"line":77,"column":46}},"type":"if","locations":[{"start":{"line":76,"column":187},"end":{"line":77,"column":46}},{"start":{"line":76,"column":187},"end":{"line":77,"column":46}}]},"5":{"loc":{"start":{"line":123,"column":139},"end":{"line":141,"column":307}},"type":"switch","locations":[{"start":{"line":123,"column":181},"end":{"line":124,"column":106}},{"start":{"line":124,"column":106},"end":{"line":128,"column":80}},{"start":{"line":128,"column":80},"end":{"line":141,"column":206}},{"start":{"line":141,"column":206},"end":{"line":141,"column":263}},{"start":{"line":141,"column":263},"end":{"line":141,"column":271}},{"start":{"line":141,"column":271},"end":{"line":141,"column":306}}]},"6":{"loc":{"start":{"line":123,"column":188},"end":{"line":124,"column":68}},"type":"if","locations":[{"start":{"line":123,"column":188},"end":{"line":124,"column":68}},{"start":{"line":123,"column":188},"end":{"line":124,"column":68}}]},"7":{"loc":{"start":{"line":124,"column":16},"end":{"line":124,"column":38}},"type":"binary-expr","locations":[{"start":{"line":124,"column":16},"end":{"line":124,"column":25}},{"start":{"line":124,"column":29},"end":{"line":124,"column":38}}]},"8":{"loc":{"start":{"line":144,"column":110},"end":{"line":154,"column":134}},"type":"switch","locations":[{"start":{"line":144,"column":152},"end":{"line":154,"column":34}},{"start":{"line":154,"column":34},"end":{"line":154,"column":91}},{"start":{"line":154,"column":91},"end":{"line":154,"column":98}},{"start":{"line":154,"column":98},"end":{"line":154,"column":133}}]},"9":{"loc":{"start":{"line":157,"column":148},"end":{"line":172,"column":128}},"type":"switch","locations":[{"start":{"line":157,"column":190},"end":{"line":172,"column":85}},{"start":{"line":172,"column":85},"end":{"line":172,"column":92}},{"start":{"line":172,"column":92},"end":{"line":172,"column":127}}]},"10":{"loc":{"start":{"line":160,"column":16},"end":{"line":162,"column":17}},"type":"if","locations":[{"start":{"line":160,"column":16},"end":{"line":162,"column":17}},{"start":{"line":160,"column":16},"end":{"line":162,"column":17}}]},"11":{"loc":{"start":{"line":176,"column":103},"end":{"line":186,"column":190}},"type":"switch","locations":[{"start":{"line":176,"column":145},"end":{"line":186,"column":147}},{"start":{"line":186,"column":147},"end":{"line":186,"column":154}},{"start":{"line":186,"column":154},"end":{"line":186,"column":189}}]},"12":{"loc":{"start":{"line":191,"column":93},"end":{"line":199,"column":120}},"type":"switch","locations":[{"start":{"line":191,"column":135},"end":{"line":199,"column":77}},{"start":{"line":199,"column":77},"end":{"line":199,"column":84}},{"start":{"line":199,"column"
[...]
ine":88,"column":58}},"44":{"start":{"line":89,"column":13},"end":{"line":89,"column":70}},"45":{"start":{"line":91,"column":18},"end":{"line":91,"column":20}},"46":{"start":{"line":92,"column":14},"end":{"line":92,"column":81}},"47":{"start":{"line":94,"column":2},"end":{"line":104,"column":13}},"48":{"start":{"line":96,"column":4},"end":{"line":96,"column":40}},"49":{"start":{"line":108,"column":0},"end":{"line":117,"column":3}},"50":{"start":{"line":109,"column":37},"end":{"line":109,"column":58}},"51":{"start":{"line":110,"column":13},"end":{"line":110,"column":70}},"52":{"start":{"line":112,"column":44},"end":{"line":112,"column":87}},"53":{"start":{"line":113,"column":14},"end":{"line":113,"column":81}},"54":{"start":{"line":115,"column":2},"end":{"line":115,"column":16}},"55":{"start":{"line":116,"column":2},"end":{"line":116,"column":36}}},"fnMap":{"0":{"name":"(anonymous_0)","decl":{"start":{"line":5,"column":68},"end":{"line":5,"column":69}},"loc":{"start":{"line":5,"column":80},"end":{"line":16,"column":1}}},"1":{"name":"(anonymous_1)","decl":{"start":{"line":12,"column":23},"end":{"line":12,"column":24}},"loc":{"start":{"line":12,"column":61},"end":{"line":12,"column":126}}},"2":{"name":"(anonymous_2)","decl":{"start":{"line":13,"column":7},"end":{"line":13,"column":8}},"loc":{"start":{"line":13,"column":25},"end":{"line":15,"column":3}}},"3":{"name":"(anonymous_3)","decl":{"start":{"line":18,"column":74},"end":{"line":18,"column":75}},"loc":{"start":{"line":18,"column":86},"end":{"line":32,"column":1}}},"4":{"name":"spyLookup","decl":{"start":{"line":25,"column":27},"end":{"line":25,"column":36}},"loc":{"start":{"line":25,"column":65},"end":{"line":26,"column":66}}},"5":{"name":"(anonymous_5)","decl":{"start":{"line":29,"column":39},"end":{"line":29,"column":40}},"loc":{"start":{"line":29,"column":57},"end":{"line":31,"column":3}}},"6":{"name":"(anonymous_6)","decl":{"start":{"line":34,"column":77},"end":{"line":34,"column":78}},"loc":{"start":{"line":34,"column":89},"end":{"line":57,"column":1}}},"7":{"name":"spyLookup","decl":{"start":{"line":41,"column":27},"end":{"line":41,"column":36}},"loc":{"start":{"line":41,"column":65},"end":{"line":42,"column":66}}},"8":{"name":"(anonymous_8)","decl":{"start":{"line":46,"column":7},"end":{"line":46,"column":8}},"loc":{"start":{"line":46,"column":25},"end":{"line":48,"column":3}}},"9":{"name":"(anonymous_9)","decl":{"start":{"line":49,"column":7},"end":{"line":49,"column":8}},"loc":{"start":{"line":49,"column":45},"end":{"line":55,"column":11}}},"10":{"name":"(anonymous_10)","decl":{"start":{"line":60,"column":50},"end":{"line":60,"column":51}},"loc":{"start":{"line":60,"column":62},"end":{"line":71,"column":1}}},"11":{"name":"(anonymous_11)","decl":{"start":{"line":68,"column":7},"end":{"line":68,"column":8}},"loc":{"start":{"line":68,"column":19},"end":{"line":70,"column":3}}},"12":{"name":"(anonymous_12)","decl":{"start":{"line":73,"column":56},"end":{"line":73,"column":57}},"loc":{"start":{"line":73,"column":68},"end":{"line":85,"column":1}}},"13":{"name":"(anonymous_13)","decl":{"start":{"line":81,"column":7},"end":{"line":81,"column":8}},"loc":{"start":{"line":81,"column":26},"end":{"line":84,"column":3}}},"14":{"name":"(anonymous_14)","decl":{"start":{"line":87,"column":61},"end":{"line":87,"column":62}},"loc":{"start":{"line":87,"column":73},"end":{"line":106,"column":1}}},"15":{"name":"(anonymous_15)","decl":{"start":{"line":95,"column":7},"end":{"line":95,"column":8}},"loc":{"start":{"line":95,"column":25},"end":{"line":97,"column":3}}},"16":{"name":"(anonymous_16)","decl":{"start":{"line":98,"column":7},"end":{"line":98,"column":8}},"loc":{"start":{"line":98,"column":45},"end":{"line":104,"column":11}}},"17":{"name":"(anonymous_17)","decl":{"start":{"line":108,"column":67},"end":{"line":108,"column":68}},"loc":{"start":{"line":108,"column":79},"end":{"line":117,"column":1}}}},"branchMap":{},"s":{"0":0,"1":0,"2":0,"3":0,"4":0,"5":0,"6":0,"7":0,"8":0,"9":0,"10":0,"11":0,"12":0,"13":0,"14":0,"15":0,"16":0,"17":0,"18":0,"19":0,"20":0,"21":0,"22":0,"23":0,"24":0,"25":0,"26":0,"27":0,"28":0,"29":0,"30":0,"31":0,"32":0,"33":0,"34":0,"35":0,"36":0,"37":0,"38":0,"39":0,"40":0,"41":0,"42":0,"43":0,"44":0,"45":0,"46":0,"47":0,"48":0,"49":0,"50":0,"51":0,"52":0,"53":0,"54":0,"55":0},"f":{"0":0,"1":0,"2":0,"3":0,"4":0,"5":0,"6":0,"7":0,"8":0,"9":0,"10":0,"11":0,"12":0,"13":0,"14":0,"15":0,"16":0,"17":0},"b":{}}
,"/Users/james.baxley/Products/heighliner/.research/graphql/src/util/cache/__test__/mutations.integration.js": {"path":"/Users/james.baxley/Products/heighliner/.research/graphql/src/util/cache/__test__/mutations.integration.js","statementMap":{"0":{"start":{"line":1,"column":58},"end":{"line":1,"column":94}},"1":{"start":{"line":1,"column":115},"end":{"line":1,"column":151}},"2":{"start":{"line":1,"column":169},"end":{"line":1,"column":216}},"3":{"start":{"line":1,"column":235},"end":{"line":1,"column":269}},"4":{"start":{"line":1,"column":295},"end":{"line":1,"column":344}},"5":{"start":{"line":1,"column":370},"end":{"line":1,"column":412}},"6":{"start":{"line":1,"column":451},"end":{"line":1,"column":505}},"7":{"start":{"line":26,"column":0},"end":{"line":38,"column":118}}},"fnMap":{"0":{"name":"_interopRequireDefault","decl":{"start":{"line":1,"column":422},"end":{"line":1,"column":444}},"loc":{"start":{"line":1,"column":450},"end":{"line":1,"column":506}}},"1":{"name":"_callee","decl":{"start":{"line":26,"column":163},"end":{"line":26,"column":170}},"loc":{"start":{"line":26,"column":199},"end":{"line":38,"column":114}}}},"branchMap":{"0":{"loc":{"start":{"line":1,"column":458},"end":{"line":1,"column":504}},"type":"cond-expr","locations":[{"start":{"line":1,"column":482},"end":{"line":1,"column":485}},{"start":{"line":1,"column":488},"end":{"line":1,"column":504}}]},"1":{"loc":{"start":{"line":1,"column":458},"end":{"line":1,"column":479}},"type":"binary-expr","locations":[{"start":{"line":1,"column":458},"end":{"line":1,"column":461}},{"start":{"line":1,"column":465},"end":{"line":1,"column":479}}]}},"s":{"0":0,"1":0,"2":0,"3":0,"4":0,"5":0,"6":0,"7":0},"f":{"0":0,"1":0},"b":{"0":[0,0],"1":[0,0]}}
,"/Users/james.baxley/Products/heighliner/.research/graphql/src/util/node/index.js": {"path":"/Users/james.baxley/Products/heighliner/.research/graphql/src/util/node/index.js","statementMap":{},"fnMap":{},"branchMap":{},"s":{},"f":{},"b":{},"_coverageSchema":"332fd63041d2c1bcb487cc26dd0d5f7d97098a6c","hash":"96b408a79fd6244de9918fd972ccf70d31eaf2c1"}
,"/Users/james.baxley/Products/heighliner/.research/graphql/src/util/node/model.js": {"path":"/Users/james.baxley/Products/heighliner/.research/graphql/src/util/node/model.js","statementMap":{"0":{"start":{"line":3,"column":15},"end":{"line":3,"column":55}},"1":{"start":{"line":8,"column":4},"end":{"line":8,"column":33}},"2":{"start":{"line":13,"column":27},"end":{"line":13,"column":51}},"3":{"start":{"line":15,"column":4},"end":{"line":17,"column":5}},"4":{"start":{"line":16,"column":6},"end":{"line":16,"column":62}},"5":{"start":{"line":19,"column":4},"end":{"line":25,"column":5}},"6":{"start":{"line":20,"column":19},"end":{"line":20,"column":71}},"7":{"start":{"line":21,"column":6},"end":{"line":21,"column":27}},"8":{"start":{"line":22,"column":6},"end":{"line":22,"column":18}},"9":{"start":{"line":24,"column":6},"end":{"line":24,"column":39}},"10":{"start":{"line":31,"column":17},"end":{"line":31,"column":54}},"11":{"start":{"line":33,"column":18},"end":{"line":33,"column":63}},"12":{"start":{"line":34,"column":2},"end":{"line":34,"column":35}},"13":{"start":{"line":36,"column":2},"end":{"line":36,"column":30}},"14":{"start":{"line":40,"column":19},"end":{"line":40,"column":58}},"15":{"start":{"line":42,"column":18},"end":{"line":42,"column":70}},"16":{"start":{"line":43,"column":2},"end":{"line":43,"column":38}},"17":{"start":{"line":45,"column":23},"end":{"line":45,"column":54}},"18":{"start":{"line":46,"column":2},"end":{"line":46,"column":24}}},"fnMap":{"0":{"name":"(anonymous_0)","decl":{"start":{"line":7,"column":2},"end":{"line":7,"column":3}},"loc":{"start":{"line":7,"column":23},"end":{"line":9,"column":3}}},"1":{"name":"(anonymous_1)","decl":{"start":{"line":12,"column":2},"end":{"line":12,"column":3}},"loc":{"start":{"line":12,"column":23},"end":{"line":26,"column":3}}},"2":{"name":"createGlobalId","decl":{"start":{"line":30,"column":16},"end":{"line":30,"column":30}},"loc":{"start":{"line":30,"column":41},"end":{"line":37,"column":1}}},"3":{"name":"parseGlobalId","decl":{"start":{"line":39,"column":16},"end":{"line":39,"column":29}},"loc":{"start":{"line":39,"column":41},"end":{"line":47,"column":1}}}},"branchMap":{"0":{"loc":{"start":{"line":3,"column":15},"end":{"line":3,"column":55}},"type":"binary-expr","locations":[{"start":{"line":3,"column":15},"end":{"line":3,"column":33}},{"start":{"line":3,"column":37},"end":{"line":3,"column":55}}]},"1":{"loc":{"start":{"line":15,"column":4},"end":{"line":17,"column":5}},"type":"if","locations":[{"start":{"line":15,"column":4},"end":{"line":17,"column":5}},{"start":{"line":15,"column":4},"end":{"line":17,"column":5}}]},"2":{"loc":{"start":{"line":15,"column":8},"end":{"line":15,"column":78}},"type":"binary-expr","locations":[{"start":{"line":15,"column":8},"end":{"line":15,"column":20}},{"start":{"line":15,"column":24},"end":{"line":15,"column":44}},{"start":{"line":15,"column":48},"end":{"line":15,"column":78}}]}},"s":{"0":9,"1":0,"2":0,"3":0,"4":0,"5":0,"6":0,"7":0,"8":0,"9":0,"10":13,"11":13,"12":13,"13":13,"14":1,"15":1,"16":1,"17":1,"18":1},"f":{"0":0,"1":0,"2":13,"3":1},"b":{"0":[9,9],"1":[0,0],"2":[0,0,0]},"_coverageSchema":"332fd63041d2c1bcb487cc26dd0d5f7d97098a6c","hash":"26f7236c85fabeab619a72f07ae0549ab5fdb1c5"}
,"/Users/james.baxley/Products/heighliner/.research/graphql/src/util/node/resolver.js": {"path":"/Users/james.baxley/Products/heighliner/.research/graphql/src/util/node/resolver.js","statementMap":{"0":{"start":{"line":4,"column":37},"end":{"line":4,"column":56}},"1":{"start":{"line":7,"column":50},"end":{"line":7,"column":72}}},"fnMap":{"0":{"name":"(anonymous_0)","decl":{"start":{"line":4,"column":10},"end":{"line":4,"column":11}},"loc":{"start":{"line":4,"column":37},"end":{"line":4,"column":56}}},"1":{"name":"(anonymous_1)","decl":{"start":{"line":7,"column":19},"end":{"line":7,"column":20}},"loc":{"start":{"line":7,"column":50},"end":{"line":7,"column":72}}}},"branchMap":{},"s":{"0":0,"1":0},"f":{"0":0,"1":0},"b":{},"_coverageSchema":"332fd63041d2c1bcb487cc26dd0d5f7d97098a6c","hash":"424c7645eb8e98e7ca6fd598e4297cd260a6e33c"}
,"/Users/james.baxley/Products/heighliner/.research/graphql/src/util/node/schema.js": {"path":"/Users/james.baxley/Products/heighliner/.research/graphql/src/util/node/schema.js","statementMap":{},"fnMap":{},"branchMap":{},"s":{},"f":{},"b":{},"_coverageSchema":"332fd63041d2c1bcb487cc26dd0d5f7d97098a6c","hash":"d8e04fb0f32e3889027390bba1c5962a46942526"}
,"/Users/james.baxley/Products/heighliner/.research/graphql/src/util/node/__test__/model.spec.js": {"path":"/Users/james.baxley/Products/heighliner/.research/graphql/src/util/node/__test__/model.spec.js","statementMap":{"0":{"start":{"line":1,"column":54},"end":{"line":1,"column":94}},"1":{"start":{"line":1,"column":111},"end":{"line":1,"column":143}},"2":{"start":{"line":1,"column":163},"end":{"line":1,"column":199}},"3":{"start":{"line":1,"column":220},"end":{"line":1,"column":256}},"4":{"start":{"line":1,"column":282},"end":{"line":1,"column":331}},"5":{"start":{"line":1,"column":357},"end":{"line":1,"column":399}},"6":{"start":{"line":1,"column":415},"end":{"line":1,"column":454}},"7":{"start":{"line":1,"column":470},"end":{"line":1,"column":502}},"8":{"start":{"line":3,"column":169},"end":{"line":3,"column":223}},"9":{"start":{"line":5,"column":0},"end":{"line":10,"column":3}},"10":{"start":{"line":6,"column":37},"end":{"line":6,"column":58}},"11":{"start":{"line":7,"column":39},"end":{"line":7,"column":60}},"12":{"start":{"line":9,"column":2},"end":{"line":9,"column":142}},"13":{"start":{"line":12,"column":0},"end":{"line":18,"column":3}},"14":{"start":{"line":13,"column":37},"end":{"line":13,"column":58}},"15":{"start":{"line":14,"column":41},"end":{"line":14,"column":62}},"16":{"start":{"line":15,"column":43},"end":{"line":15,"column":81}},"17":{"start":{"line":17,"column":2},"end":{"line":17,"column":109}},"18":{"start":{"line":20,"column":0},"end":{"line":26,"column":3}},"19":{"start":{"line":21,"column":37},"end":{"line":21,"column":58}},"20":{"start":{"line":22,"column":41},"end":{"line":22,"column":62}},"21":{"start":{"line":23,"column":43},"end":{"line":23,"column":81}},"22":{"start":{"line":25,"column":2},"end":{"line":25,"column":109}},"23":{"start":{"line":29,"column":0},"end":{"line":46,"column":100}},"24":{"start":{"line":49,"column":0},"end":{"line":68,"column":123}},"25":{"start":{"line":71,"column":0},"end":{"line":90,"column":122}}},"fnMap":{"0":{"name":"_interopRequireDefault","decl":{"start":{"line":3,"column":140},"end":{"line":3,"column":162}},"loc":{"start":{"line":3,"column":168},"end":{"line":3,"column":224}}},"1":{"name":"(anonymous_1)","decl":{"start":{"line":5,"column":69},"end":{"line":5,"column":70}},"loc":{"start":{"line":5,"column":81},"end":{"line":10,"column":1}}},"2":{"name":"(anonymous_2)","decl":{"start":{"line":12,"column":63},"end":{"line":12,"column":64}},"loc":{"start":{"line":12,"column":75},"end":{"line":18,"column":1}}},"3":{"name":"(anonymous_3)","decl":{"start":{"line":20,"column":73},"end":{"line":20,"column":74}},"loc":{"start":{"line":20,"column":85},"end":{"line":26,"column":1}}},"4":{"name":"_callee","decl":{"start":{"line":29,"column":191},"end":{"line":29,"column":198}},"loc":{"start":{"line":29,"column":227},"end":{"line":46,"column":96}}},"5":{"name":"_callee2","decl":{"start":{"line":49,"column":191},"end":{"line":49,"column":199}},"loc":{"start":{"line":49,"column":228},"end":{"line":68,"column":119}}},"6":{"name":"_callee3","decl":{"start":{"line":71,"column":184},"end":{"line":71,"column":192}},"loc":{"start":{"line":71,"column":221},"end":{"line":90,"column":118}}}},"branchMap":{"0":{"loc":{"start":{"line":3,"column":176},"end":{"line":3,"column":222}},"type":"cond-expr","locations":[{"start":{"line":3,"column":200},"end":{"line":3,"column":203}},{"start":{"line":3,"column":206},"end":{"line":3,"column":222}}]},"1":{"loc":{"start":{"line":3,"column":176},"end":{"line":3,"column":197}},"type":"binary-expr","locations":[{"start":{"line":3,"column":176},"end":{"line":3,"column":179}},{"start":{"line":3,"column":183},"end":{"line":3,"column":197}}]}},"s":{"0":0,"1":0,"2":0,"3":0,"4":0,"5":0,"6":0,"7":0,"8":0,"9":0,"10":0,"11":0,"12":0,"13":0,"14":0,"15":0,"16":0,"17":0,"18":0,"19":0,"20":0,"21":0,"22":0,"23":0,"24":0,"25":0},"f":{"0":0,"1":0,"2":0,"3":0,"4":0,"5":0,"6":0},"b":{"0":[0,0],"1":[0,0]}}
,"/Users/james.baxley/Products/heighliner/.research/graphql/src/util/node/__test__/queries.integration.js": {"path":"/Users/james.baxley/Products/heighliner/.research/graphql/src/util/node/__test__/queries.integration.js","statementMap":{"0":{"start":{"line":1,"column":58},"end":{"line":1,"column":94}},"1":{"start":{"line":1,"column":115},"end":{"line":1,"column":151}},"2":{"start":{"line":1,"column":169},"end":{"line":1,"column":216}},"3":{"start":{"line":1,"column":235},"end":{"line":1,"column":269}},"4":{"start":{"line":1,"column":295},"end":{"line":1,"column":344}},"5":{"start":{"line":1,"column":370},"end":{"line":1,"column":412}},"6":{"start":{"line":1,"column":451},"end":{"line":1,"column":505}},"7":{"start":{"line":27,"column":0},"end":{"line":37,"column":118}}},"fnMap":{"0":{"name":"_interopRequireDefault","decl":{"start":{"line":1,"column":422},"end":{"line":1,"column":444}},"loc":{"start":{"line":1,"column":450},"end":{"line":1,"column":506}}},"1":{"name":"_callee","decl":{"start":{"line":27,"column":163},"end":{"line":27,"column":170}},"loc":{"start":{"line":27,"column":199},"end":{"line":37,"column":114}}}},"branchMap":{"0":{"loc":{"start":{"line":1,"column":458},"end":{"line":1,"column":504}},"type":"cond-expr","locations":[{"start":{"line":1,"column":482},"end":{"line":1,"column":485}},{"start":{"line":1,"column":488},"end":{"line":1,"column":504}}]},"1":{"loc":{"start":{"line":1,"column":458},"end":{"line":1,"column":479}},"type":"binary-expr","locations":[{"start":{"line":1,"column":458},"end":{"line":1,"column":461}},{"start":{"line":1,"column":465},"end":{"line":1,"column":479}}]}},"s":{"0":0,"1":0,"2":0,"3":0,"4":0,"5":0,"6":0,"7":0},"f":{"0":0,"1":0},"b":{"0":[0,0],"1":[0,0]}}
,"/Users/james.baxley/Products/heighliner/.research/graphql/src/util/node/__test__/resolver.spec.js": {"path":"/Users/james.baxley/Products/heighliner/.research/graphql/src/util/node/__test__/resolver.spec.js","statementMap":{"0":{"start":{"line":1,"column":51},"end":{"line":1,"column":95}},"1":{"start":{"line":1,"column":109},"end":{"line":1,"column":138}},"2":{"start":{"line":3,"column":181},"end":{"line":3,"column":235}},"3":{"start":{"line":5,"column":17},"end":{"line":7,"column":18}},"4":{"start":{"line":10,"column":0},"end":{"line":16,"column":3}},"5":{"start":{"line":13,"column":2},"end":{"line":13,"column":42}},"6":{"start":{"line":14,"column":2},"end":{"line":14,"column":81}},"7":{"start":{"line":15,"column":2},"end":{"line":15,"column":91}},"8":{"start":{"line":18,"column":0},"end":{"line":30,"column":3}},"9":{"start":{"line":21,"column":15},"end":{"line":25,"column":7}},"10":{"start":{"line":23,"column":6},"end":{"line":23,"column":46}},"11":{"start":{"line":24,"column":6},"end":{"line":24,"column":18}},"12":{"start":{"line":28,"column":15},"end":{"line":28,"column":71}},"13":{"start":{"line":29,"column":2},"end":{"line":29,"column":44}},"14":{"start":{"line":32,"column":0},"end":{"line":47,"column":3}},"15":{"start":{"line":35,"column":41},"end":{"line":35,"column":62}},"16":{"start":{"line":36,"column":15},"end":{"line":41,"column":11}},"17":{"start":{"line":39,"column":8},"end":{"line":39,"column":35}},"18":{"start":{"line":40,"column":8},"end":{"line":40,"column":26}},"19":{"start":{"line":45,"column":13},"end":{"line":45,"column":65}},"20":{"start":{"line":46,"column":2},"end":{"line":46,"column":35}}},"fnMap":{"0":{"name":"_interopRequireDefault","decl":{"start":{"line":3,"column":152},"end":{"line":3,"column":174}},"loc":{"start":{"line":3,"column":180},"end":{"line":3,"column":236}}},"1":{"name":"(anonymous_1)","decl":{"start":{"line":10,"column":60},"end":{"line":10,"column":61}},"loc":{"start":{"line":10,"column":72},"end":{"line":16,"column":1}}},"2":{"name":"(anonymous_2)","decl":{"start":{"line":18,"column":61},"end":{"line":18,"column":62}},"loc":{"start":{"line":18,"column":73},"end":{"line":30,"column":1}}},"3":{"name":"getType","decl":{"start":{"line":22,"column":22},"end":{"line":22,"column":29}},"loc":{"start":{"line":22,"column":36},"end":{"line":25,"column":5}}},"4":{"name":"(anonymous_4)","decl":{"start":{"line":32,"column":61},"end":{"line":32,"column":62}},"loc":{"start":{"line":32,"column":73},"end":{"line":47,"column":1}}},"5":{"name":"get","decl":{"start":{"line":38,"column":20},"end":{"line":38,"column":23}},"loc":{"start":{"line":38,"column":28},"end":{"line":41,"column":7}}}},"branchMap":{"0":{"loc":{"start":{"line":3,"column":188},"end":{"line":3,"column":234}},"type":"cond-expr","locations":[{"start":{"line":3,"column":212},"end":{"line":3,"column":215}},{"start":{"line":3,"column":218},"end":{"line":3,"column":234}}]},"1":{"loc":{"start":{"line":3,"column":188},"end":{"line":3,"column":209}},"type":"binary-expr","locations":[{"start":{"line":3,"column":188},"end":{"line":3,"column":191}},{"start":{"line":3,"column":195},"end":{"line":3,"column":209}}]}},"s":{"0":0,"1":0,"2":0,"3":0,"4":0,"5":0,"6":0,"7":0,"8":0,"9":0,"10":0,"11":0,"12":0,"13":0,"14":0,"15":0,"16":0,"17":0,"18":0,"19":0,"20":0},"f":{"0":0,"1":0,"2":0,"3":0,"4":0,"5":0},"b":{"0":[0,0],"1":[0,0]}}
}
