TN:
SF:/Users/james.baxley/Products/heighliner/.research/graphql/src/schema.js
FN:1,(anonymous_0)
FN:73,_callee2
FN:226,createApp
FN:226,_interopRequireDefault
FNF:4
FNH:0
FNDA:0,(anonymous_0)
FNDA:0,_callee2
FNDA:0,createApp
FNDA:0,_interopRequireDefault
DA:1,0
DA:226,0
DA:229,0
DA:233,0
LF:4
LH:0
BRDA:226,0,0,0
BRDA:226,0,1,0
BRDA:226,1,0,0
BRDA:226,1,1,0
BRF:4
BRH:0
end_of_record
TN:
SF:/Users/james.baxley/Products/heighliner/.research/graphql/src/server.js
FN:1,(anonymous_0)
FN:95,_callee
FN:160,start
FN:160,(anonymous_3)
FN:166,(anonymous_4)
FN:166,(anonymous_5)
FN:166,(anonymous_6)
FN:166,(anonymous_7)
FN:166,origin
FNF:9
FNH:0
FNDA:0,(anonymous_0)
FNDA:0,_callee
FNDA:0,start
FNDA:0,(anonymous_3)
FNDA:0,(anonymous_4)
FNDA:0,(anonymous_5)
FNDA:0,(anonymous_6)
FNDA:0,(anonymous_7)
FNDA:0,origin
DA:1,0
DA:160,0
DA:161,0
DA:166,0
LF:4
LH:0
BRDA:160,0,0,0
BRDA:160,0,1,0
BRDA:160,1,0,0
BRDA:160,1,1,0
BRDA:160,2,0,0
BRDA:160,2,1,0
BRDA:166,3,0,0
BRDA:166,3,1,0
BRDA:166,4,0,0
BRDA:166,4,1,0
BRDA:166,5,0,0
BRDA:166,5,1,0
BRF:12
BRH:0
end_of_record
TN:
SF:/Users/james.baxley/Products/heighliner/.research/graphql/src/apollos/index.js
FNF:0
FNH:0
DA:1,0
DA:7,0
LF:2
LH:0
BRF:0
BRH:0
end_of_record
TN:
SF:/Users/james.baxley/Products/heighliner/.research/graphql/src/apollos/mongo.js
FN:7,connect
FN:9,(anonymous_1)
FN:12,(anonymous_2)
FN:25,(anonymous_3)
FN:32,(anonymous_4)
FN:36,(anonymous_5)
FN:44,(anonymous_6)
FN:50,(anonymous_7)
FN:59,(anonymous_8)
FNF:9
FNH:8
FNDA:2,connect
FNDA:2,(anonymous_1)
FNDA:2,(anonymous_2)
FNDA:2,(anonymous_3)
FNDA:1,(anonymous_4)
FNDA:1,(anonymous_5)
FNDA:1,(anonymous_6)
FNDA:0,(anonymous_7)
FNDA:1,(anonymous_8)
DA:8,2
DA:9,2
DA:10,2
DA:13,2
DA:15,0
DA:20,2
DA:26,2
DA:27,2
DA:33,1
DA:37,1
DA:38,1
DA:39,1
DA:40,1
DA:41,1
DA:42,1
DA:43,1
DA:45,1
DA:46,1
DA:47,1
DA:48,1
DA:51,0
DA:52,0
DA:53,0
DA:54,0
DA:55,0
DA:60,1
DA:61,1
LF:27
LH:21
BRDA:8,0,0,2
BRDA:8,0,1,0
BRDA:13,1,0,2
BRDA:13,1,1,0
BRDA:41,2,0,0
BRDA:41,2,1,1
BRDA:46,3,0,0
BRDA:46,3,1,1
BRDA:52,4,0,0
BRDA:52,4,1,0
BRDA:53,5,0,0
BRDA:53,5,1,0
BRF:12
BRH:4
end_of_record
TN:
SF:/Users/james.baxley/Products/heighliner/.research/graphql/src/apollos/models/users/index.js
FN:5,_interopRequireDefault
FNF:1
FNH:0
FNDA:0,_interopRequireDefault
DA:1,0
DA:5,0
LF:2
LH:0
BRDA:5,0,0,0
BRDA:5,0,1,0
BRDA:5,1,0,0
BRDA:5,1,1,0
BRF:4
BRH:0
end_of_record
TN:
SF:/Users/james.baxley/Products/heighliner/.research/graphql/src/apollos/models/users/model.js
FN:24,(anonymous_0)
FN:29,(anonymous_1)
FN:31,(anonymous_2)
FN:34,(anonymous_3)
FN:42,(anonymous_4)
FNF:5
FNH:4
FNDA:4,(anonymous_0)
FNDA:1,(anonymous_1)
FNDA:0,(anonymous_2)
FNDA:2,(anonymous_3)
FNDA:2,(anonymous_4)
DA:6,1
DA:20,1
DA:25,4
DA:26,4
DA:31,1
DA:35,2
DA:38,2
DA:42,2
LF:8
LH:8
BRDA:24,0,0,3
BRF:1
BRH:1
end_of_record
TN:
SF:/Users/james.baxley/Products/heighliner/.research/graphql/src/apollos/models/users/queries.js
FNF:0
FNH:0
DA:1,0
LF:1
LH:0
BRF:0
BRH:0
end_of_record
TN:
SF:/Users/james.baxley/Products/heighliner/.research/graphql/src/apollos/models/users/resolver.js
FN:12,(anonymous_0)
FN:16,(anonymous_1)
FN:17,(anonymous_2)
FN:21,(anonymous_3)
FN:22,(anonymous_4)
FN:26,(anonymous_5)
FN:27,(anonymous_6)
FN:28,(anonymous_7)
FNF:8
FNH:8
FNDA:1,(anonymous_0)
FNDA:1,(anonymous_1)
FNDA:1,(anonymous_2)
FNDA:1,(anonymous_3)
FNDA:1,(anonymous_4)
FNDA:1,(anonymous_5)
FNDA:1,(anonymous_6)
FNDA:1,(anonymous_7)
DA:7,0
DA:12,1
DA:16,1
DA:17,1
DA:21,1
DA:22,1
DA:26,1
DA:27,1
DA:28,1
LF:9
LH:8
BRDA:7,0,0,0
BRDA:7,0,1,0
BRF:2
BRH:0
end_of_record
TN:
SF:/Users/james.baxley/Products/heighliner/.research/graphql/src/apollos/models/users/schema.js
FNF:0
FNH:0
DA:1,0
LF:1
LH:0
BRF:0
BRH:0
end_of_record
TN:
SF:/Users/james.baxley/Products/heighliner/.research/graphql/src/esv/fetch.js
FN:4,connect
FN:5,(anonymous_1)
FN:16,(anonymous_2)
FN:31,(anonymous_3)
FN:32,(anonymous_4)
FN:35,(anonymous_5)
FN:46,(anonymous_6)
FNF:7
FNH:2
FNDA:2,connect
FNDA:2,(anonymous_1)
FNDA:0,(anonymous_2)
FNDA:0,(anonymous_3)
FNDA:0,(anonymous_4)
FNDA:0,(anonymous_5)
FNDA:0,(anonymous_6)
DA:5,2
DA:6,2
DA:7,2
DA:17,0
DA:19,0
DA:21,0
DA:26,0
DA:28,0
DA:30,0
DA:31,0
DA:32,0
DA:36,0
DA:37,0
DA:38,0
DA:39,0
DA:40,0
DA:41,0
DA:42,0
DA:43,0
DA:47,0
DA:48,0
LF:21
LH:3
BRF:0
BRH:0
end_of_record
TN:
SF:/Users/james.baxley/Products/heighliner/.research/graphql/src/esv/index.js
FN:6,_interopRequireDefault
FNF:1
FNH:0
FNDA:0,_interopRequireDefault
DA:1,0
DA:6,0
DA:8,0
LF:3
LH:0
BRDA:6,0,0,0
BRDA:6,0,1,0
BRDA:6,1,0,0
BRDA:6,1,1,0
BRF:4
BRH:0
end_of_record
TN:
SF:/Users/james.baxley/Products/heighliner/.research/graphql/src/esv/models/scripture/index.js
FN:5,_interopRequireDefault
FNF:1
FNH:0
FNDA:0,_interopRequireDefault
DA:1,0
DA:5,0
LF:2
LH:0
BRDA:5,0,0,0
BRDA:5,0,1,0
BRDA:5,1,0,0
BRDA:5,1,1,0
BRF:4
BRH:0
end_of_record
TN:
SF:/Users/james.baxley/Products/heighliner/.research/graphql/src/esv/models/scripture/model.js
FN:8,(anonymous_0)
FN:13,(anonymous_1)
FN:14,(anonymous_2)
FNF:3
FNH:1
FNDA:1,(anonymous_0)
FNDA:0,(anonymous_1)
FNDA:0,(anonymous_2)
DA:9,1
DA:10,1
DA:14,0
DA:15,0
LF:4
LH:2
BRDA:8,0,0,1
BRF:1
BRH:1
end_of_record
TN:
SF:/Users/james.baxley/Products/heighliner/.research/graphql/src/esv/models/scripture/queries.js
FNF:0
FNH:0
DA:1,0
LF:1
LH:0
BRF:0
BRH:0
end_of_record
TN:
SF:/Users/james.baxley/Products/heighliner/.research/graphql/src/esv/models/scripture/resolver.js
FN:10,(anonymous_0)
FNF:1
FNH:1
FNDA:1,(anonymous_0)
DA:5,0
DA:10,1
LF:2
LH:1
BRF:0
BRH:0
end_of_record
TN:
SF:/Users/james.baxley/Products/heighliner/.research/graphql/src/esv/models/scripture/schema.js
FNF:0
FNH:0
DA:1,0
LF:1
LH:0
BRF:0
BRH:0
end_of_record
TN:
SF:/Users/james.baxley/Products/heighliner/.research/graphql/src/expression-engine/index.js
FN:8,_interopRequireDefault
FNF:1
FNH:0
FNDA:0,_interopRequireDefault
DA:1,0
DA:8,0
DA:10,0
LF:3
LH:0
BRDA:8,0,0,0
BRDA:8,0,1,0
BRDA:8,1,0,0
BRDA:8,1,1,0
BRF:4
BRH:0
end_of_record
TN:
SF:/Users/james.baxley/Products/heighliner/.research/graphql/src/expression-engine/mysql.js
FN:17,noop
FN:20,connect
FN:20,(anonymous_2)
FN:33,(anonymous_3)
FN:34,(anonymous_4)
FN:35,(anonymous_5)
FNF:6
FNH:0
FNDA:0,noop
FNDA:0,connect
FNDA:0,(anonymous_2)
FNDA:0,(anonymous_3)
FNDA:0,(anonymous_4)
FNDA:0,(anonymous_5)
DA:1,0
DA:17,0
DA:19,0
DA:20,0
DA:30,0
DA:32,0
DA:36,0
DA:37,0
LF:8
LH:0
BRDA:20,0,0,0
BRDA:20,0,1,0
BRDA:22,1,0,0
BRDA:22,1,1,0
BRF:4
BRH:0
end_of_record
TN:
SF:/Users/james.baxley/Products/heighliner/.research/graphql/src/expression-engine/models/index.js
FN:23,_interopRequireDefault
FN:23,createTables
FNF:2
FNH:0
FNDA:0,_interopRequireDefault
FNDA:0,createTables
DA:1,0
DA:23,0
DA:24,0
DA:26,0
DA:27,0
DA:30,0
DA:31,0
DA:34,0
LF:8
LH:0
BRDA:23,0,0,0
BRDA:23,0,1,0
BRDA:23,1,0,0
BRDA:23,1,1,0
BRDA:31,2,0,0
BRDA:31,2,1,0
BRF:6
BRH:0
end_of_record
TN:
SF:/Users/james.baxley/Products/heighliner/.research/graphql/src/expression-engine/models/content/images.js
FN:13,(anonymous_0)
FN:24,(anonymous_1)
FN:29,(anonymous_2)
FN:34,(anonymous_3)
FN:35,(anonymous_4)
FNF:5
FNH:5
FNDA:96,(anonymous_0)
FNDA:17,(anonymous_1)
FNDA:4,(anonymous_2)
FNDA:22,(anonymous_3)
FNDA:96,(anonymous_4)
DA:3,2
DA:10,2
DA:11,2
DA:13,2
DA:14,96
DA:16,76
DA:17,76
DA:18,76
DA:19,76
DA:21,76
DA:24,2
DA:25,17
DA:26,17
DA:28,17
DA:29,2
DA:30,4
DA:34,17
DA:35,22
DA:36,96
DA:37,96
DA:38,96
DA:39,96
DA:43,17
LF:23
LH:23
BRDA:14,0,0,20
BRDA:14,0,1,76
BRDA:24,1,0,7
BRDA:26,2,0,17
BRDA:26,2,1,14
BRDA:28,3,0,2
BRDA:28,3,1,15
BRDA:28,4,0,17
BRDA:28,4,1,11
BRF:9
BRH:9
end_of_record
TN:
SF:/Users/james.baxley/Products/heighliner/.research/graphql/src/expression-engine/models/content/index.js
FN:6,_interopRequireDefault
FNF:1
FNH:0
FNDA:0,_interopRequireDefault
DA:1,0
DA:6,0
LF:2
LH:0
BRDA:6,0,0,0
BRDA:6,0,1,0
BRDA:6,1,0,0
BRDA:6,1,1,0
BRF:4
BRH:0
end_of_record
TN:
SF:/Users/james.baxley/Products/heighliner/.research/graphql/src/expression-engine/models/content/model.js
FN:41,(anonymous_0)
FN:44,Content
FN:47,pickField
FN:51,(anonymous_3)
FN:58,createFieldNames
FN:61,(anonymous_5)
FN:74,(anonymous_6)
FN:74,_callee
FN:76,_callee$
FN:78,(anonymous_9)
FN:87,(anonymous_10)
FN:110,getFromId
FN:110,createFieldObject
FN:116,(anonymous_13)
FN:121,(anonymous_14)
FN:121,_callee2
FN:123,_callee2$
FN:126,(anonymous_17)
FN:131,(anonymous_18)
FN:134,(anonymous_19)
FN:141,getContentFromMatrix
FN:141,(anonymous_21)
FN:141,_callee3
FN:144,_callee3$
FN:146,(anonymous_24)
FN:154,getFromLowReorderSet
FN:154,(anonymous_26)
FN:154,_callee4
FN:157,_callee4$
FN:165,(anonymous_29)
FN:172,getEntryFromFieldValue
FN:172,(anonymous_31)
FN:172,_callee5
FN:176,_callee5$
FN:178,(anonymous_34)
FN:185,(anonymous_35)
FN:186,findByParentId
FN:186,(anonymous_37)
FN:186,_callee6
FN:191,_callee6$
FN:192,(anonymous_40)
FN:197,(anonymous_41)
FN:199,(anonymous_42)
FN:199,findByChildId
FN:199,(anonymous_44)
FN:199,_callee7
FN:199,_callee7$
FN:205,(anonymous_47)
FN:206,(anonymous_48)
FN:210,(anonymous_49)
FN:211,getLiveStream
FN:211,(anonymous_51)
FN:211,_callee8
FN:211,_callee8$
FN:215,(anonymous_54)
FN:216,getStreamUrl
FN:216,(anonymous_56)
FN:216,_callee9
FN:216,_callee9$
FN:221,(anonymous_59)
FN:239,(anonymous_60)
FN:239,getIsLive
FN:239,(anonymous_62)
FN:239,_callee10
FN:243,_callee10$
FN:247,(anonymous_65)
FN:279,(anonymous_66)
FN:284,(anonymous_67)
FN:284,findByTagName
FN:284,(anonymous_69)
FN:284,_callee11
FN:289,_callee11$
FN:309,(anonymous_72)
FN:310,(anonymous_73)
FN:318,(anonymous_74)
FN:323,(anonymous_75)
FN:356,(anonymous_76)
FN:363,(anonymous_77)
FN:363,findByTags
FN:363,(anonymous_79)
FN:363,_callee12
FN:367,_callee12$
FN:387,(anonymous_82)
FN:402,(anonymous_83)
FN:402,find
FNF:85
FNH:0
FNDA:0,(anonymous_0)
FNDA:0,Content
FNDA:0,pickField
FNDA:0,(anonymous_3)
FNDA:0,createFieldNames
FNDA:0,(anonymous_5)
FNDA:0,(anonymous_6)
FNDA:0,_callee
FNDA:0,_callee$
FNDA:0,(anonymous_9)
FNDA:0,(anonymous_10)
FNDA:0,getFromId
FNDA:0,createFieldObject
FNDA:0,(anonymous_13)
FNDA:0,(anonymous_14)
FNDA:0,_callee2
FNDA:0,_callee2$
FNDA:0,(anonymous_17)
FNDA:0,(anonymous_18)
FNDA:0,(anonymous_19)
FNDA:0,getContentFromMatrix
FNDA:0,(anonymous_21)
FNDA:0,_callee3
FNDA:0,_callee3$
FNDA:0,(anonymous_24)
FNDA:0,getFromLowReorderSet
FNDA:0,(anonymous_26)
FNDA:0,_callee4
FNDA:0,_callee4$
FNDA:0,(anonymous_29)
FNDA:0,getEntryFromFieldValue
FNDA:0,(anonymous_31)
FNDA:0,_callee5
FNDA:0,_callee5$
FNDA:0,(anonymous_34)
FNDA:0,(anonymous_35)
FNDA:0,findByParentId
FNDA:0,(anonymous_37)
FNDA:0,_callee6
FNDA:0,_callee6$
FNDA:0,(anonymous_40)
FNDA:0,(anonymous_41)
FNDA:0,(anonymous_42)
FNDA:0,findByChildId
FNDA:0,(anonymous_44)
FNDA:0,_callee7
FNDA:0,_callee7$
FNDA:0,(anonymous_47)
FNDA:0,(anonymous_48)
FNDA:0,(anonymous_49)
FNDA:0,getLiveStream
FNDA:0,(anonymous_51)
FNDA:0,_callee8
FNDA:0,_callee8$
FNDA:0,(anonymous_54)
FNDA:0,getStreamUrl
FNDA:0,(anonymous_56)
FNDA:0,_callee9
FNDA:0,_callee9$
FNDA:0,(anonymous_59)
FNDA:0,(anonymous_60)
FNDA:0,getIsLive
FNDA:0,(anonymous_62)
FNDA:0,_callee10
FNDA:0,_callee10$
FNDA:0,(anonymous_65)
FNDA:0,(anonymous_66)
FNDA:0,(anonymous_67)
FNDA:0,findByTagName
FNDA:0,(anonymous_69)
FNDA:0,_callee11
FNDA:0,_callee11$
FNDA:0,(anonymous_72)
FNDA:0,(anonymous_73)
FNDA:0,(anonymous_74)
FNDA:0,(anonymous_75)
FNDA:0,(anonymous_76)
FNDA:0,(anonymous_77)
FNDA:0,findByTags
FNDA:0,(anonymous_79)
FNDA:0,_callee12
FNDA:0,_callee12$
FNDA:0,(anonymous_82)
FNDA:0,(anonymous_83)
FNDA:0,find
DA:1,0
DA:41,0
DA:44,0
DA:47,0
DA:50,0
DA:51,0
DA:52,0
DA:54,0
DA:57,0
DA:61,0
DA:62,0
DA:64,0
DA:65,0
DA:66,0
DA:67,0
DA:69,0
DA:72,0
DA:74,0
DA:76,0
DA:77,0
DA:83,0
DA:86,0
DA:110,0
DA:115,0
DA:116,0
DA:118,0
DA:120,0
DA:121,0
DA:123,0
DA:124,0
DA:128,0
DA:131,0
DA:133,0
DA:141,0
DA:144,0
DA:154,0
DA:157,0
DA:159,0
DA:160,0
DA:161,0
DA:164,0
DA:172,0
DA:176,0
DA:186,0
DA:191,0
DA:199,0
DA:207,0
DA:209,0
DA:211,0
DA:216,0
DA:239,0
DA:243,0
DA:245,0
DA:246,0
DA:281,0
DA:284,0
DA:289,0
DA:290,0
DA:291,0
DA:308,0
DA:311,0
DA:312,0
DA:313,0
DA:317,0
DA:318,0
DA:319,0
DA:323,0
DA:360,0
DA:363,0
DA:367,0
DA:368,0
DA:371,0
DA:372,0
DA:374,0
DA:376,0
DA:379,0
DA:386,0
DA:402,0
LF:78
LH:0
BRDA:44,0,0,0
BRDA:44,0,1,0
BRDA:52,1,0,0
BRDA:52,1,1,0
BRDA:64,2,0,0
BRDA:64,2,1,0
BRDA:76,3,0,0
BRDA:76,3,1,0
BRDA:76,3,2,0
BRDA:76,3,3,0
BRDA:76,3,4,0
BRDA:76,3,5,0
BRDA:76,4,0,0
BRDA:76,4,1,0
BRDA:123,5,0,0
BRDA:123,5,1,0
BRDA:123,5,2,0
BRDA:123,5,3,0
BRDA:123,5,4,0
BRDA:123,5,5,0
BRDA:123,6,0,0
BRDA:123,6,1,0
BRDA:124,7,0,0
BRDA:124,7,1,0
BRDA:144,8,0,0
BRDA:144,8,1,0
BRDA:144,8,2,0
BRDA:144,8,3,0
BRDA:157,9,0,0
BRDA:157,9,1,0
BRDA:157,9,2,0
BRDA:160,10,0,0
BRDA:160,10,1,0
BRDA:176,11,0,0
BRDA:176,11,1,0
BRDA:176,11,2,0
BRDA:191,12,0,0
BRDA:191,12,1,0
BRDA:191,12,2,0
BRDA:199,13,0,0
BRDA:199,13,1,0
BRDA:199,13,2,0
BRDA:207,14,0,0
BRDA:207,14,1,0
BRDA:211,15,0,0
BRDA:211,15,1,0
BRDA:211,15,2,0
BRDA:216,16,0,0
BRDA:216,16,1,0
BRDA:216,16,2,0
BRDA:243,17,0,0
BRDA:243,17,1,0
BRDA:243,17,2,0
BRDA:245,18,0,0
BRDA:245,18,1,0
BRDA:289,19,0,0
BRDA:289,19,1,0
BRDA:289,19,2,0
BRDA:290,20,0,0
BRDA:290,20,1,0
BRDA:311,21,0,0
BRDA:311,21,1,0
BRDA:312,22,0,0
BRDA:312,22,1,0
BRDA:367,23,0,0
BRDA:367,23,1,0
BRDA:367,24,0,0
BRDA:367,24,1,0
BRDA:367,25,0,0
BRDA:367,25,1,0
BRDA:367,25,2,0
BRDA:367,25,3,0
BRDA:386,26,0,0
BRDA:386,26,1,0
BRF:74
BRH:0
end_of_record
TN:
SF:/Users/james.baxley/Products/heighliner/.research/graphql/src/expression-engine/models/content/queries.js
FNF:0
FNH:0
DA:1,0
DA:3,0
LF:2
LH:0
BRF:0
BRH:0
end_of_record
TN:
SF:/Users/james.baxley/Products/heighliner/.research/graphql/src/expression-engine/models/content/resolver.js
FN:40,(anonymous_0)
FN:41,(anonymous_1)
FN:82,(anonymous_2)
FN:83,(anonymous_3)
FN:87,(anonymous_4)
FN:88,(anonymous_5)
FN:89,(anonymous_6)
FN:93,(anonymous_7)
FN:94,(anonymous_8)
FN:98,(anonymous_9)
FN:99,(anonymous_10)
FN:100,(anonymous_11)
FN:101,(anonymous_12)
FN:102,(anonymous_13)
FN:103,(anonymous_14)
FN:104,(anonymous_15)
FN:105,(anonymous_16)
FN:111,(anonymous_17)
FN:129,(anonymous_18)
FN:130,(anonymous_19)
FN:132,(anonymous_20)
FN:143,(anonymous_21)
FN:149,(anonymous_22)
FN:164,(anonymous_23)
FN:169,(anonymous_24)
FN:170,(anonymous_25)
FN:171,(anonymous_26)
FN:172,(anonymous_27)
FN:175,(anonymous_28)
FN:183,(anonymous_29)
FN:188,(anonymous_30)
FN:190,(anonymous_31)
FN:192,(anonymous_32)
FN:194,(anonymous_33)
FN:198,(anonymous_34)
FN:199,(anonymous_35)
FN:203,(anonymous_36)
FN:204,(anonymous_37)
FN:205,(anonymous_38)
FN:206,(anonymous_39)
FN:207,(anonymous_40)
FN:208,(anonymous_41)
FN:209,(anonymous_42)
FN:210,(anonymous_43)
FN:211,(anonymous_44)
FN:215,(anonymous_45)
FN:217,(anonymous_46)
FN:224,(anonymous_47)
FN:230,(anonymous_48)
FNF:49
FNH:45
FNDA:3,(anonymous_0)
FNDA:3,(anonymous_1)
FNDA:1,(anonymous_2)
FNDA:1,(anonymous_3)
FNDA:1,(anonymous_4)
FNDA:1,(anonymous_5)
FNDA:1,(anonymous_6)
FNDA:1,(anonymous_7)
FNDA:1,(anonymous_8)
FNDA:2,(anonymous_9)
FNDA:1,(anonymous_10)
FNDA:1,(anonymous_11)
FNDA:1,(anonymous_12)
FNDA:1,(anonymous_13)
FNDA:1,(anonymous_14)
FNDA:2,(anonymous_15)
FNDA:2,(anonymous_16)
FNDA:8,(anonymous_17)
FNDA:7,(anonymous_18)
FNDA:7,(anonymous_19)
FNDA:4,(anonymous_20)
FNDA:0,(anonymous_21)
FNDA:4,(anonymous_22)
FNDA:3,(anonymous_23)
FNDA:1,(anonymous_24)
FNDA:1,(anonymous_25)
FNDA:1,(anonymous_26)
FNDA:4,(anonymous_27)
FNDA:4,(anonymous_28)
FNDA:1,(anonymous_29)
FNDA:1,(anonymous_30)
FNDA:1,(anonymous_31)
FNDA:1,(anonymous_32)
FNDA:1,(anonymous_33)
FNDA:0,(anonymous_34)
FNDA:0,(anonymous_35)
FNDA:1,(anonymous_36)
FNDA:1,(anonymous_37)
FNDA:1,(anonymous_38)
FNDA:1,(anonymous_39)
FNDA:1,(anonymous_40)
FNDA:1,(anonymous_41)
FNDA:1,(anonymous_42)
FNDA:1,(anonymous_43)
FNDA:3,(anonymous_44)
FNDA:1,(anonymous_45)
FNDA:4,(anonymous_46)
FNDA:0,(anonymous_47)
FNDA:1,(anonymous_48)
DA:12,1
DA:21,3
DA:39,3
DA:40,3
DA:42,3
DA:43,2
DA:44,1
DA:48,3
DA:50,3
DA:51,0
DA:53,3
DA:61,3
DA:62,1
DA:65,2
DA:66,1
DA:69,1
DA:73,1
DA:77,1
DA:82,1
DA:83,1
DA:87,1
DA:88,1
DA:89,1
DA:93,1
DA:94,1
DA:98,2
DA:99,1
DA:100,1
DA:101,1
DA:102,1
DA:103,1
DA:104,2
DA:106,2
DA:108,1
DA:109,1
DA:112,8
DA:114,7
DA:117,7
DA:118,6
DA:119,6
DA:123,7
DA:124,3
DA:125,3
DA:128,7
DA:129,7
DA:130,7
DA:133,4
DA:135,3
DA:144,0
DA:146,0
DA:147,0
DA:150,4
DA:151,3
DA:153,3
DA:154,2
DA:155,2
DA:158,3
DA:159,2
DA:160,2
DA:163,3
DA:164,3
DA:169,1
DA:170,1
DA:171,1
DA:173,4
DA:176,4
DA:178,3
DA:179,3
DA:180,3
DA:184,1
DA:185,1
DA:189,1
DA:191,1
DA:193,1
DA:195,1
DA:198,0
DA:199,0
DA:203,1
DA:204,1
DA:205,1
DA:206,1
DA:207,1
DA:208,1
DA:209,1
DA:210,1
DA:212,3
DA:213,3
DA:216,1
DA:218,4
DA:219,4
DA:221,1
DA:225,0
DA:227,0
DA:228,0
DA:230,1
LF:95
LH:86
BRDA:42,0,0,1
BRDA:42,0,1,2
BRDA:43,1,0,1
BRDA:43,1,1,1
BRDA:50,2,0,0
BRDA:50,2,1,3
BRDA:61,3,0,1
BRDA:61,3,1,2
BRDA:65,4,0,1
BRDA:65,4,1,1
BRDA:98,5,0,2
BRDA:98,5,1,1
BRDA:104,6,0,2
BRDA:104,6,1,1
BRDA:106,7,0,1
BRDA:106,7,1,1
BRDA:112,8,0,1
BRDA:112,8,1,7
BRDA:112,9,0,8
BRDA:112,9,1,2
BRDA:117,10,0,6
BRDA:117,10,1,1
BRDA:123,11,0,3
BRDA:123,11,1,4
BRDA:133,12,0,1
BRDA:133,12,1,3
BRDA:133,13,0,4
BRDA:133,13,1,2
BRDA:133,13,2,1
BRDA:137,14,0,3
BRDA:137,14,1,2
BRDA:137,14,2,1
BRDA:144,15,0,0
BRDA:144,15,1,0
BRDA:150,16,0,1
BRDA:150,16,1,3
BRDA:150,17,0,4
BRDA:150,17,1,2
BRDA:153,18,0,2
BRDA:153,18,1,1
BRDA:158,19,0,2
BRDA:158,19,1,1
BRDA:173,20,0,4
BRDA:173,20,1,3
BRDA:173,20,2,2
BRDA:176,21,0,1
BRDA:176,21,1,3
BRDA:178,22,0,3
BRDA:178,22,1,2
BRDA:179,23,0,0
BRDA:179,23,1,3
BRDA:212,24,0,1
BRDA:212,24,1,2
BRDA:213,25,0,2
BRDA:213,25,1,1
BRDA:219,26,0,3
BRDA:219,26,1,1
BRDA:219,27,0,4
BRDA:219,27,1,2
BRDA:225,28,0,0
BRDA:225,28,1,0
BRF:61
BRH:55
end_of_record
TN:
SF:/Users/james.baxley/Products/heighliner/.research/graphql/src/expression-engine/models/content/schema.js
FNF:0
FNH:0
DA:1,0
LF:1
LH:0
BRF:0
BRH:0
end_of_record
TN:
SF:/Users/james.baxley/Products/heighliner/.research/graphql/src/expression-engine/models/content/tables.js
FN:96,connect
FN:96,bind
FNF:2
FNH:0
FNDA:0,connect
FNDA:0,bind
DA:1,0
DA:96,0
DA:104,0
DA:105,0
DA:107,0
DA:108,0
DA:110,0
DA:111,0
DA:113,0
DA:114,0
DA:116,0
LF:11
LH:0
BRF:0
BRH:0
end_of_record
TN:
SF:/Users/james.baxley/Products/heighliner/.research/graphql/src/expression-engine/models/ee/index.js
FNF:0
FNH:0
DA:1,0
LF:1
LH:0
BRF:0
BRH:0
end_of_record
TN:
SF:/Users/james.baxley/Products/heighliner/.research/graphql/src/expression-engine/models/ee/matrix.js
FN:42,connect
FN:42,bind
FNF:2
FNH:0
FNDA:0,connect
FNDA:0,bind
DA:1,0
DA:42,0
DA:55,0
DA:56,0
DA:59,0
DA:60,0
DA:62,0
DA:63,0
LF:8
LH:0
BRF:0
BRH:0
end_of_record
TN:
SF:/Users/james.baxley/Products/heighliner/.research/graphql/src/expression-engine/models/ee/model.js
FN:8,(anonymous_0)
FN:13,(anonymous_1)
FN:17,(anonymous_2)
FN:24,(anonymous_3)
FN:25,(anonymous_4)
FN:28,(anonymous_5)
FN:34,(anonymous_6)
FN:45,(anonymous_7)
FN:52,(anonymous_8)
FNF:9
FNH:2
FNDA:0,(anonymous_0)
FNDA:0,(anonymous_1)
FNDA:0,(anonymous_2)
FNDA:0,(anonymous_3)
FNDA:0,(anonymous_4)
FNDA:0,(anonymous_5)
FNDA:0,(anonymous_6)
FNDA:6,(anonymous_7)
FNDA:6,(anonymous_8)
DA:9,0
DA:10,0
DA:14,0
DA:18,0
DA:20,0
DA:21,0
DA:23,0
DA:24,0
DA:25,0
DA:29,0
DA:31,0
DA:35,0
DA:41,0
DA:42,0
DA:46,6
DA:48,5
DA:49,5
DA:52,4
DA:53,6
DA:54,6
DA:55,6
DA:59,4
LF:22
LH:8
BRDA:9,0,0,0
BRDA:9,0,1,0
BRDA:9,1,0,0
BRDA:9,1,1,0
BRDA:9,1,2,0
BRDA:14,2,0,0
BRDA:14,2,1,0
BRDA:18,3,0,0
BRDA:18,3,1,0
BRDA:21,4,0,0
BRDA:21,4,1,0
BRDA:29,5,0,0
BRDA:29,5,1,0
BRDA:35,6,0,0
BRDA:35,6,1,0
BRDA:46,7,0,1
BRDA:46,7,1,5
BRDA:49,8,0,1
BRDA:49,8,1,4
BRF:19
BRH:4
end_of_record
TN:
SF:/Users/james.baxley/Products/heighliner/.research/graphql/src/expression-engine/models/ee/playa.js
FN:35,connect
FN:35,bind
FNF:2
FNH:0
FNDA:0,connect
FNDA:0,bind
DA:1,0
DA:35,0
DA:37,0
DA:38,0
LF:4
LH:0
BRF:0
BRH:0
end_of_record
TN:
SF:/Users/james.baxley/Products/heighliner/.research/graphql/src/expression-engine/models/ee/sites.js
FN:24,connect
FN:28,(anonymous_1)
FNF:2
FNH:0
FNDA:0,connect
FNDA:0,(anonymous_1)
DA:1,0
DA:24,0
DA:28,0
DA:29,0
DA:32,0
LF:5
LH:0
BRF:0
BRH:0
end_of_record
TN:
SF:/Users/james.baxley/Products/heighliner/.research/graphql/src/expression-engine/models/ee/snippets.js
FN:23,connect
FNF:1
FNH:0
FNDA:0,connect
DA:1,0
DA:23,0
DA:26,0
LF:3
LH:0
BRF:0
BRH:0
end_of_record
TN:
SF:/Users/james.baxley/Products/heighliner/.research/graphql/src/expression-engine/models/ee/tags.js
FN:43,connect
FN:43,bind
FNF:2
FNH:0
FNDA:0,connect
FNDA:0,bind
DA:1,0
DA:43,0
DA:44,0
DA:45,0
DA:47,0
DA:48,0
LF:6
LH:0
BRF:0
BRH:0
end_of_record
TN:
SF:/Users/james.baxley/Products/heighliner/.research/graphql/src/expression-engine/models/files/index.js
FN:4,_interopRequireDefault
FNF:1
FNH:0
FNDA:0,_interopRequireDefault
DA:1,0
DA:4,0
LF:2
LH:0
BRDA:4,0,0,0
BRDA:4,0,1,0
BRDA:4,1,0,0
BRDA:4,1,1,0
BRF:4
BRH:0
end_of_record
TN:
SF:/Users/james.baxley/Products/heighliner/.research/graphql/src/expression-engine/models/files/model.js
FN:28,(anonymous_0)
FN:31,File
FN:34,(anonymous_2)
FN:34,_callee
FN:36,_callee$
FN:38,(anonymous_5)
FN:59,getFromId
FN:66,generateFileName
FN:93,fuzzyMatchKey
FN:99,getDuration
FN:103,(anonymous_10)
FN:103,_callee2
FN:105,_callee2$
FN:121,(anonymous_13)
FN:126,(anonymous_14)
FN:133,(anonymous_15)
FN:153,getFilesFromContent
FNF:17
FNH:0
FNDA:0,(anonymous_0)
FNDA:0,File
FNDA:0,(anonymous_2)
FNDA:0,_callee
FNDA:0,_callee$
FNDA:0,(anonymous_5)
FNDA:0,getFromId
FNDA:0,generateFileName
FNDA:0,fuzzyMatchKey
FNDA:0,getDuration
FNDA:0,(anonymous_10)
FNDA:0,_callee2
FNDA:0,_callee2$
FNDA:0,(anonymous_13)
FNDA:0,(anonymous_14)
FNDA:0,(anonymous_15)
FNDA:0,getFilesFromContent
DA:1,0
DA:28,0
DA:31,0
DA:34,0
DA:36,0
DA:59,0
DA:72,0
DA:73,0
DA:74,0
DA:76,0
DA:77,0
DA:78,0
DA:79,0
DA:80,0
DA:82,0
DA:83,0
DA:86,0
DA:96,0
DA:97,0
DA:102,0
DA:103,0
DA:105,0
DA:106,0
DA:109,0
DA:115,0
DA:120,0
DA:123,0
DA:126,0
DA:128,0
DA:129,0
DA:132,0
DA:153,0
LF:32
LH:0
BRDA:31,0,0,0
BRDA:31,0,1,0
BRDA:36,1,0,0
BRDA:36,1,1,0
BRDA:36,1,2,0
BRDA:36,1,3,0
BRDA:73,2,0,0
BRDA:73,2,1,0
BRDA:79,3,0,0
BRDA:79,3,1,0
BRDA:79,4,0,0
BRDA:79,4,1,0
BRDA:82,5,0,0
BRDA:82,5,1,0
BRDA:82,6,0,0
BRDA:82,6,1,0
BRDA:88,7,0,0
BRDA:88,7,1,0
BRDA:97,8,0,0
BRDA:97,8,1,0
BRDA:102,9,0,0
BRDA:102,9,1,0
BRDA:105,10,0,0
BRDA:105,10,1,0
BRDA:105,11,0,0
BRDA:105,11,1,0
BRDA:105,12,0,0
BRDA:105,12,1,0
BRDA:105,13,0,0
BRDA:105,13,1,0
BRDA:105,14,0,0
BRDA:105,14,1,0
BRDA:105,14,2,0
BRDA:105,14,3,0
BRDA:105,14,4,0
BRDA:105,14,5,0
BRDA:105,15,0,0
BRDA:105,15,1,0
BRDA:106,16,0,0
BRDA:106,16,1,0
BRDA:115,17,0,0
BRDA:115,17,1,0
BRF:42
BRH:0
end_of_record
TN:
SF:/Users/james.baxley/Products/heighliner/.research/graphql/src/expression-engine/models/files/resolver.js
FNF:0
FNH:0
DA:1,0
LF:1
LH:0
BRF:0
BRH:0
end_of_record
TN:
SF:/Users/james.baxley/Products/heighliner/.research/graphql/src/expression-engine/models/files/schema.js
FNF:0
FNH:0
DA:1,0
LF:1
LH:0
BRF:0
BRH:0
end_of_record
TN:
SF:/Users/james.baxley/Products/heighliner/.research/graphql/src/expression-engine/models/files/tables.js
FN:74,connect
FN:75,bind
FNF:2
FNH:0
FNDA:0,connect
FNDA:0,bind
DA:1,0
DA:74,0
DA:75,0
DA:81,0
DA:82,0
DA:84,0
DA:85,0
DA:87,0
DA:88,0
DA:91,0
LF:10
LH:0
BRF:0
BRH:0
end_of_record
TN:
SF:/Users/james.baxley/Products/heighliner/.research/graphql/src/expression-engine/models/navigation/index.js
FN:5,_interopRequireDefault
FNF:1
FNH:0
FNDA:0,_interopRequireDefault
DA:1,0
DA:5,0
LF:2
LH:0
BRDA:5,0,0,0
BRDA:5,0,1,0
BRDA:5,1,0,0
BRDA:5,1,1,0
BRF:4
BRH:0
end_of_record
TN:
SF:/Users/james.baxley/Products/heighliner/.research/graphql/src/expression-engine/models/navigation/model.js
FN:21,(anonymous_0)
FN:23,Navigation
FN:30,(anonymous_2)
FN:30,_callee
FN:30,_callee$
FN:37,(anonymous_5)
FN:41,(anonymous_6)
FN:55,getFromId
FN:55,(anonymous_8)
FN:55,_callee2
FN:60,_callee2$
FN:70,(anonymous_11)
FN:74,(anonymous_12)
FN:89,(anonymous_13)
FN:91,(anonymous_14)
FN:91,(anonymous_15)
FN:95,(anonymous_16)
FN:95,(anonymous_17)
FN:106,(anonymous_18)
FN:114,find
FNF:20
FNH:0
FNDA:0,(anonymous_0)
FNDA:0,Navigation
FNDA:0,(anonymous_2)
FNDA:0,_callee
FNDA:0,_callee$
FNDA:0,(anonymous_5)
FNDA:0,(anonymous_6)
FNDA:0,getFromId
FNDA:0,(anonymous_8)
FNDA:0,_callee2
FNDA:0,_callee2$
FNDA:0,(anonymous_11)
FNDA:0,(anonymous_12)
FNDA:0,(anonymous_13)
FNDA:0,(anonymous_14)
FNDA:0,(anonymous_15)
FNDA:0,(anonymous_16)
FNDA:0,(anonymous_17)
FNDA:0,(anonymous_18)
FNDA:0,find
DA:1,0
DA:21,0
DA:23,0
DA:30,0
DA:38,0
DA:39,0
DA:42,0
DA:43,0
DA:46,0
DA:55,0
DA:60,0
DA:61,0
DA:62,0
DA:91,0
DA:92,0
DA:95,0
DA:96,0
DA:97,0
DA:98,0
DA:99,0
DA:102,0
DA:104,0
DA:107,0
DA:108,0
DA:109,0
DA:110,0
DA:111,0
DA:113,0
DA:114,0
LF:29
LH:0
BRDA:23,0,0,0
BRDA:23,0,1,0
BRDA:30,1,0,0
BRDA:30,1,1,0
BRDA:30,1,2,0
BRDA:42,2,0,0
BRDA:42,2,1,0
BRDA:42,3,0,0
BRDA:42,3,1,0
BRDA:60,4,0,0
BRDA:60,4,1,0
BRDA:60,4,2,0
BRDA:60,4,3,0
BRDA:96,5,0,0
BRDA:96,5,1,0
BRDA:97,6,0,0
BRDA:97,6,1,0
BRF:17
BRH:0
end_of_record
TN:
SF:/Users/james.baxley/Products/heighliner/.research/graphql/src/expression-engine/models/navigation/queries.js
FNF:0
FNH:0
DA:1,0
LF:1
LH:0
BRF:0
BRH:0
end_of_record
TN:
SF:/Users/james.baxley/Products/heighliner/.research/graphql/src/expression-engine/models/navigation/resolver.js
FNF:0
FNH:0
DA:1,0
LF:1
LH:0
BRF:0
BRH:0
end_of_record
TN:
SF:/Users/james.baxley/Products/heighliner/.research/graphql/src/expression-engine/models/navigation/schema.js
FNF:0
FNH:0
DA:1,0
LF:1
LH:0
BRF:0
BRH:0
end_of_record
TN:
SF:/Users/james.baxley/Products/heighliner/.research/graphql/src/expression-engine/models/navigation/tables.js
FN:51,connect
FN:51,bind
FNF:2
FNH:0
FNDA:0,connect
FNDA:0,bind
DA:1,0
DA:51,0
DA:56,0
DA:57,0
DA:59,0
DA:60,0
DA:62,0
DA:63,0
LF:8
LH:0
BRF:0
BRH:0
end_of_record
TN:
SF:/Users/james.baxley/Products/heighliner/.research/graphql/src/google-site-search/fetch.js
FN:2,_interopRequireDefault
FN:5,connect
FNF:2
FNH:0
FNDA:0,_interopRequireDefault
FNDA:0,connect
DA:1,0
DA:2,0
DA:5,0
LF:3
LH:0
BRDA:2,0,0,0
BRDA:2,0,1,0
BRDA:2,1,0,0
BRDA:2,1,1,0
BRF:4
BRH:0
end_of_record
TN:
SF:/Users/james.baxley/Products/heighliner/.research/graphql/src/google-site-search/index.js
FN:7,_interopRequireDefault
FNF:1
FNH:0
FNDA:0,_interopRequireDefault
DA:1,0
DA:7,0
DA:9,0
LF:3
LH:0
BRDA:7,0,0,0
BRDA:7,0,1,0
BRDA:7,1,0,0
BRDA:7,1,1,0
BRF:4
BRH:0
end_of_record
TN:
SF:/Users/james.baxley/Products/heighliner/.research/graphql/src/google-site-search/__test__/fetch.spec.js
FN:27,_callee
FNF:1
FNH:0
FNDA:0,_callee
DA:1,0
DA:27,0
LF:2
LH:0
BRF:0
BRH:0
end_of_record
TN:
SF:/Users/james.baxley/Products/heighliner/.research/graphql/src/google-site-search/models/geolocate/index.js
FN:5,_interopRequireDefault
FNF:1
FNH:0
FNDA:0,_interopRequireDefault
DA:1,0
DA:5,0
LF:2
LH:0
BRDA:5,0,0,0
BRDA:5,0,1,0
BRDA:5,1,0,0
BRDA:5,1,1,0
BRF:4
BRH:0
end_of_record
TN:
SF:/Users/james.baxley/Products/heighliner/.research/graphql/src/google-site-search/models/geolocate/model.js
FN:4,(anonymous_0)
FN:4,GGeolocate
FN:6,query
FNF:3
FNH:0
FNDA:0,(anonymous_0)
FNDA:0,GGeolocate
FNDA:0,query
DA:1,0
DA:4,0
DA:6,0
DA:9,0
DA:10,0
DA:11,0
LF:6
LH:0
BRDA:4,0,0,0
BRDA:4,0,1,0
BRF:2
BRH:0
end_of_record
TN:
SF:/Users/james.baxley/Products/heighliner/.research/graphql/src/google-site-search/models/geolocate/queries.js
FNF:0
FNH:0
DA:1,0
LF:1
LH:0
BRF:0
BRH:0
end_of_record
TN:
SF:/Users/james.baxley/Products/heighliner/.research/graphql/src/google-site-search/models/geolocate/resolver.js
FN:4,geolocate
FN:11,destination_addresses
FN:12,origin_addresses
FN:13,rows
FN:14,status
FN:18,elements
FN:22,distance
FN:23,duration
FN:24,status
FN:28,text
FN:29,value
FNF:11
FNH:0
FNDA:0,geolocate
FNDA:0,destination_addresses
FNDA:0,origin_addresses
FNDA:0,rows
FNDA:0,status
FNDA:0,elements
FNDA:0,distance
FNDA:0,duration
FNDA:0,status
FNDA:0,text
FNDA:0,value
DA:1,0
DA:5,0
DA:6,0
LF:3
LH:0
BRF:0
BRH:0
end_of_record
TN:
SF:/Users/james.baxley/Products/heighliner/.research/graphql/src/google-site-search/models/geolocate/schema.js
FNF:0
FNH:0
DA:1,0
LF:1
LH:0
BRF:0
BRH:0
end_of_record
TN:
SF:/Users/james.baxley/Products/heighliner/.research/graphql/src/google-site-search/models/search/index.js
FN:5,_interopRequireDefault
FNF:1
FNH:0
FNDA:0,_interopRequireDefault
DA:1,0
DA:5,0
LF:2
LH:0
BRDA:5,0,0,0
BRDA:5,0,1,0
BRDA:5,1,0,0
BRDA:5,1,1,0
BRF:4
BRH:0
end_of_record
TN:
SF:/Users/james.baxley/Products/heighliner/.research/graphql/src/google-site-search/models/search/model.js
FN:4,(anonymous_0)
FN:4,SSearch
FN:7,query
FNF:3
FNH:0
FNDA:0,(anonymous_0)
FNDA:0,SSearch
FNDA:0,query
DA:1,0
DA:4,0
DA:7,0
DA:10,0
DA:11,0
DA:12,0
LF:6
LH:0
BRDA:4,0,0,0
BRDA:4,0,1,0
BRF:2
BRH:0
end_of_record
TN:
SF:/Users/james.baxley/Products/heighliner/.research/graphql/src/google-site-search/models/search/queries.js
FNF:0
FNH:0
DA:1,0
LF:1
LH:0
BRF:0
BRH:0
end_of_record
TN:
SF:/Users/james.baxley/Products/heighliner/.research/graphql/src/google-site-search/models/search/resolver.js
FN:3,getTag
FNF:1
FNH:0
FNDA:0,getTag
DA:1,0
DA:4,0
DA:5,0
LF:3
LH:0
BRDA:4,0,0,0
BRDA:4,0,1,0
BRDA:4,1,0,0
BRDA:4,1,1,0
BRF:4
BRH:0
end_of_record
TN:
SF:/Users/james.baxley/Products/heighliner/.research/graphql/src/google-site-search/models/search/schema.js
FNF:0
FNH:0
DA:1,0
LF:1
LH:0
BRF:0
BRH:0
end_of_record
TN:
SF:/Users/james.baxley/Products/heighliner/.research/graphql/src/google-site-search/models/search/__test__/queries.integration.js
FN:10,_callee
FN:25,_callee2
FNF:2
FNH:0
FNDA:0,_callee
FNDA:0,_callee2
DA:1,0
DA:9,0
DA:10,0
DA:25,0
LF:4
LH:0
BRF:0
BRH:0
end_of_record
TN:
SF:/Users/james.baxley/Products/heighliner/.research/graphql/src/google-site-search/models/search/__test__/resolver.spec.js
FN:2,_interopRequireDefault
FN:4,generateSearchItem
FN:32,generateSearch
FN:41,(anonymous_3)
FN:46,(anonymous_4)
FN:54,(anonymous_5)
FN:62,(anonymous_6)
FN:70,(anonymous_7)
FN:78,(anonymous_8)
FN:86,(anonymous_9)
FN:94,(anonymous_10)
FN:102,(anonymous_11)
FN:111,(anonymous_12)
FN:120,(anonymous_13)
FN:128,(anonymous_14)
FN:137,(anonymous_15)
FN:146,(anonymous_16)
FN:154,(anonymous_17)
FN:163,(anonymous_18)
FN:171,(anonymous_19)
FN:179,(anonymous_20)
FN:187,(anonymous_21)
FN:195,(anonymous_22)
FNF:23
FNH:0
FNDA:0,_interopRequireDefault
FNDA:0,generateSearchItem
FNDA:0,generateSearch
FNDA:0,(anonymous_3)
FNDA:0,(anonymous_4)
FNDA:0,(anonymous_5)
FNDA:0,(anonymous_6)
FNDA:0,(anonymous_7)
FNDA:0,(anonymous_8)
FNDA:0,(anonymous_9)
FNDA:0,(anonymous_10)
FNDA:0,(anonymous_11)
FNDA:0,(anonymous_12)
FNDA:0,(anonymous_13)
FNDA:0,(anonymous_14)
FNDA:0,(anonymous_15)
FNDA:0,(anonymous_16)
FNDA:0,(anonymous_17)
FNDA:0,(anonymous_18)
FNDA:0,(anonymous_19)
FNDA:0,(anonymous_20)
FNDA:0,(anonymous_21)
FNDA:0,(anonymous_22)
DA:2,0
DA:4,0
DA:32,0
DA:41,0
DA:43,0
DA:46,0
DA:48,0
DA:50,0
DA:51,0
DA:54,0
DA:56,0
DA:58,0
DA:59,0
DA:62,0
DA:64,0
DA:66,0
DA:67,0
DA:70,0
DA:72,0
DA:74,0
DA:75,0
DA:78,0
DA:80,0
DA:82,0
DA:83,0
DA:86,0
DA:88,0
DA:90,0
DA:91,0
DA:94,0
DA:96,0
DA:98,0
DA:99,0
DA:102,0
DA:104,0
DA:105,0
DA:107,0
DA:108,0
DA:111,0
DA:113,0
DA:114,0
DA:116,0
DA:117,0
DA:120,0
DA:122,0
DA:124,0
DA:125,0
DA:128,0
DA:130,0
DA:131,0
DA:133,0
DA:134,0
DA:137,0
DA:139,0
DA:140,0
DA:142,0
DA:143,0
DA:146,0
DA:148,0
DA:150,0
DA:151,0
DA:154,0
DA:156,0
DA:157,0
DA:159,0
DA:160,0
DA:163,0
DA:165,0
DA:167,0
DA:168,0
DA:171,0
DA:173,0
DA:175,0
DA:176,0
DA:179,0
DA:181,0
DA:183,0
DA:184,0
DA:187,0
DA:189,0
DA:191,0
DA:192,0
DA:195,0
DA:197,0
DA:201,0
DA:203,0
DA:204,0
LF:87
LH:0
BRDA:2,0,0,0
BRDA:2,0,1,0
BRDA:2,1,0,0
BRDA:2,1,1,0
BRF:4
BRH:0
end_of_record
TN:
SF:/Users/james.baxley/Products/heighliner/.research/graphql/src/rock/index.js
FN:11,_interopRequireDefault
FNF:1
FNH:0
FNDA:0,_interopRequireDefault
DA:1,0
DA:11,0
DA:13,0
LF:3
LH:0
BRDA:11,0,0,0
BRDA:11,0,1,0
BRDA:11,1,0,0
BRDA:11,1,1,0
BRF:4
BRH:0
end_of_record
TN:
SF:/Users/james.baxley/Products/heighliner/.research/graphql/src/rock/mssql.js
FN:12,(anonymous_0)
FN:17,connect
FN:19,(anonymous_2)
FN:36,(anonymous_3)
FN:37,(anonymous_4)
FN:38,(anonymous_5)
FN:49,(anonymous_6)
FN:60,(anonymous_7)
FN:64,(anonymous_8)
FN:67,(anonymous_9)
FN:69,(anonymous_10)
FN:73,(anonymous_11)
FN:77,(anonymous_12)
FN:81,(anonymous_13)
FN:85,(anonymous_14)
FN:95,(anonymous_15)
FN:98,(anonymous_16)
FN:102,(anonymous_17)
FN:105,(anonymous_18)
FN:108,(anonymous_19)
FN:130,(anonymous_20)
FN:131,(anonymous_21)
FN:134,(anonymous_22)
FN:139,(anonymous_23)
FN:147,(anonymous_24)
FN:153,(anonymous_25)
FNF:26
FNH:0
FNDA:0,(anonymous_0)
FNDA:0,connect
FNDA:0,(anonymous_2)
FNDA:0,(anonymous_3)
FNDA:0,(anonymous_4)
FNDA:0,(anonymous_5)
FNDA:0,(anonymous_6)
FNDA:0,(anonymous_7)
FNDA:0,(anonymous_8)
FNDA:0,(anonymous_9)
FNDA:0,(anonymous_10)
FNDA:0,(anonymous_11)
FNDA:0,(anonymous_12)
FNDA:0,(anonymous_13)
FNDA:0,(anonymous_14)
FNDA:0,(anonymous_15)
FNDA:0,(anonymous_16)
FNDA:0,(anonymous_17)
FNDA:0,(anonymous_18)
FNDA:0,(anonymous_19)
FNDA:0,(anonymous_20)
FNDA:0,(anonymous_21)
FNDA:0,(anonymous_22)
FNDA:0,(anonymous_23)
FNDA:0,(anonymous_24)
FNDA:0,(anonymous_25)
DA:12,1
DA:13,1
DA:18,0
DA:19,0
DA:20,0
DA:33,0
DA:35,0
DA:36,0
DA:37,0
DA:39,0
DA:40,0
DA:50,0
DA:51,0
DA:52,0
DA:54,0
DA:56,0
DA:62,0
DA:64,0
DA:68,0
DA:69,0
DA:74,0
DA:78,0
DA:82,0
DA:86,0
DA:87,0
DA:92,0
DA:96,0
DA:98,0
DA:99,0
DA:101,0
DA:102,0
DA:105,0
DA:109,0
DA:111,0
DA:112,0
DA:113,0
DA:116,0
DA:117,0
DA:118,0
DA:120,0
DA:121,0
DA:122,0
DA:123,0
DA:127,0
DA:131,0
DA:135,0
DA:136,0
DA:140,0
DA:141,0
DA:142,0
DA:143,0
DA:144,0
DA:145,0
DA:146,0
DA:148,0
DA:149,0
DA:150,0
DA:151,0
DA:154,0
DA:155,0
DA:156,0
DA:157,0
DA:158,0
LF:63
LH:2
BRDA:18,0,0,0
BRDA:18,0,1,0
BRDA:22,1,0,0
BRDA:22,1,1,0
BRDA:49,2,0,0
BRDA:49,3,0,0
BRDA:54,4,0,0
BRDA:54,4,1,0
BRDA:56,5,0,0
BRDA:56,5,1,0
BRDA:69,6,0,0
BRDA:69,6,1,0
BRDA:73,7,0,0
BRDA:85,8,0,0
BRDA:98,9,0,0
BRDA:98,9,1,0
BRDA:99,10,0,0
BRDA:99,10,1,0
BRDA:99,11,0,0
BRDA:99,11,1,0
BRDA:109,12,0,0
BRDA:109,12,1,0
BRDA:113,13,0,0
BRDA:113,13,1,0
BRDA:118,14,0,0
BRDA:118,14,1,0
BRDA:120,15,0,0
BRDA:120,15,1,0
BRDA:122,16,0,0
BRDA:122,16,1,0
BRDA:122,17,0,0
BRDA:122,17,1,0
BRDA:131,18,0,0
BRDA:131,18,1,0
BRDA:144,19,0,0
BRDA:144,19,1,0
BRDA:149,20,0,0
BRDA:149,20,1,0
BRDA:155,21,0,0
BRDA:155,21,1,0
BRDA:156,22,0,0
BRDA:156,22,1,0
BRF:42
BRH:0
end_of_record
TN:
SF:/Users/james.baxley/Products/heighliner/.research/graphql/src/rock/models/index.js
FN:19,createTables
FNF:1
FNH:0
FNDA:0,createTables
DA:10,1
DA:20,0
DA:22,0
DA:23,0
DA:24,0
DA:25,0
DA:28,0
DA:29,0
DA:30,0
DA:32,0
DA:36,0
LF:11
LH:1
BRDA:30,0,0,0
BRDA:30,0,1,0
BRF:2
BRH:0
end_of_record
TN:
SF:/Users/james.baxley/Products/heighliner/.research/graphql/src/rock/models/binary-files/index.js
FN:4,_interopRequireDefault
FNF:1
FNH:0
FNDA:0,_interopRequireDefault
DA:1,0
DA:4,0
LF:2
LH:0
BRDA:4,0,0,0
BRDA:4,0,1,0
BRDA:4,1,0,0
BRDA:4,1,1,0
BRF:4
BRH:0
end_of_record
TN:
SF:/Users/james.baxley/Products/heighliner/.research/graphql/src/rock/models/binary-files/model.js
FN:12,(anonymous_0)
FN:15,BinaryFile
FN:18,processFile
FN:33,(anonymous_3)
FN:33,_callee
FN:35,_callee$
FN:37,(anonymous_6)
FN:38,getFromId
FN:38,(anonymous_8)
FN:38,_callee2
FN:42,_callee2$
FN:43,(anonymous_11)
FN:46,getFromGuid
FN:51,(anonymous_13)
FN:51,_callee3
FN:51,_callee3$
FN:52,(anonymous_16)
FN:56,find
FNF:18
FNH:0
FNDA:0,(anonymous_0)
FNDA:0,BinaryFile
FNDA:0,processFile
FNDA:0,(anonymous_3)
FNDA:0,_callee
FNDA:0,_callee$
FNDA:0,(anonymous_6)
FNDA:0,getFromId
FNDA:0,(anonymous_8)
FNDA:0,_callee2
FNDA:0,_callee2$
FNDA:0,(anonymous_11)
FNDA:0,getFromGuid
FNDA:0,(anonymous_13)
FNDA:0,_callee3
FNDA:0,_callee3$
FNDA:0,(anonymous_16)
FNDA:0,find
DA:1,0
DA:12,0
DA:15,0
DA:18,0
DA:22,0
DA:23,0
DA:24,0
DA:28,0
DA:29,0
DA:32,0
DA:33,0
DA:35,0
DA:36,0
DA:38,0
DA:42,0
DA:46,0
DA:51,0
DA:56,0
LF:18
LH:0
BRDA:15,0,0,0
BRDA:15,0,1,0
BRDA:22,1,0,0
BRDA:22,1,1,0
BRDA:28,2,0,0
BRDA:28,2,1,0
BRDA:28,3,0,0
BRDA:28,3,1,0
BRDA:35,4,0,0
BRDA:35,4,1,0
BRDA:35,4,2,0
BRDA:36,5,0,0
BRDA:42,6,0,0
BRDA:42,6,1,0
BRDA:42,6,2,0
BRDA:51,7,0,0
BRDA:51,7,1,0
BRDA:51,7,2,0
BRF:18
BRH:0
end_of_record
TN:
SF:/Users/james.baxley/Products/heighliner/.research/graphql/src/rock/models/binary-files/queries.js
FNF:0
FNH:0
DA:1,0
LF:1
LH:0
BRF:0
BRH:0
end_of_record
TN:
SF:/Users/james.baxley/Products/heighliner/.research/graphql/src/rock/models/binary-files/resolver.js
FNF:0
FNH:0
DA:1,0
DA:3,0
LF:2
LH:0
BRF:0
BRH:0
end_of_record
TN:
SF:/Users/james.baxley/Products/heighliner/.research/graphql/src/rock/models/binary-files/schema.js
FNF:0
FNH:0
DA:1,0
LF:1
LH:0
BRF:0
BRH:0
end_of_record
TN:
SF:/Users/james.baxley/Products/heighliner/.research/graphql/src/rock/models/binary-files/tables.js
FN:44,connect
FN:54,bind
FNF:2
FNH:0
FNDA:0,connect
FNDA:0,bind
DA:11,1
DA:24,1
DA:45,0
DA:46,0
DA:48,0
DA:57,0
LF:6
LH:2
BRF:0
BRH:0
end_of_record
TN:
SF:/Users/james.baxley/Products/heighliner/.research/graphql/src/rock/models/campuses/index.js
FN:4,_interopRequireDefault
FNF:1
FNH:0
FNDA:0,_interopRequireDefault
DA:1,0
DA:4,0
DA:6,0
LF:3
LH:0
BRDA:4,0,0,0
BRDA:4,0,1,0
BRDA:4,1,0,0
BRDA:4,1,1,0
BRF:4
BRH:0
end_of_record
TN:
SF:/Users/james.baxley/Products/heighliner/.research/graphql/src/rock/models/campuses/model.js
FN:12,(anonymous_0)
FN:15,Campus
FN:18,(anonymous_2)
FN:18,_callee
FN:20,_callee$
FN:22,(anonymous_5)
FN:22,getFromId
FN:22,(anonymous_7)
FN:22,_callee2
FN:25,_callee2$
FN:27,(anonymous_10)
FN:27,findByLocationId
FN:33,(anonymous_12)
FN:33,_callee3
FN:34,_callee3$
FN:36,(anonymous_15)
FN:42,(anonymous_16)
FN:42,find
FNF:18
FNH:0
FNDA:0,(anonymous_0)
FNDA:0,Campus
FNDA:0,(anonymous_2)
FNDA:0,_callee
FNDA:0,_callee$
FNDA:0,(anonymous_5)
FNDA:0,getFromId
FNDA:0,(anonymous_7)
FNDA:0,_callee2
FNDA:0,_callee2$
FNDA:0,(anonymous_10)
FNDA:0,findByLocationId
FNDA:0,(anonymous_12)
FNDA:0,_callee3
FNDA:0,_callee3$
FNDA:0,(anonymous_15)
FNDA:0,(anonymous_16)
FNDA:0,find
DA:1,0
DA:12,0
DA:15,0
DA:18,0
DA:20,0
DA:21,0
DA:22,0
DA:25,0
DA:26,0
DA:27,0
DA:33,0
DA:34,0
DA:35,0
DA:42,0
LF:14
LH:0
BRDA:15,0,0,0
BRDA:15,0,1,0
BRDA:20,1,0,0
BRDA:20,1,1,0
BRDA:20,1,2,0
BRDA:21,2,0,0
BRDA:25,3,0,0
BRDA:25,3,1,0
BRDA:25,3,2,0
BRDA:26,4,0,0
BRDA:34,5,0,0
BRDA:34,5,1,0
BRDA:34,5,2,0
BRF:13
BRH:0
end_of_record
TN:
SF:/Users/james.baxley/Products/heighliner/.research/graphql/src/rock/models/campuses/queries.js
FNF:0
FNH:0
DA:1,0
LF:1
LH:0
BRF:0
BRH:0
end_of_record
TN:
SF:/Users/james.baxley/Products/heighliner/.research/graphql/src/rock/models/campuses/resolver.js
FN:7,campuses
FN:11,id
FN:12,entityId
FN:13,name
FN:14,shortCode
FN:15,guid
FN:16,url
FN:17,services
FN:23,(anonymous_8)
FN:24,(anonymous_9)
FN:33,(anonymous_10)
FN:47,locationId
FN:48,location
FN:56,id
FN:57,name
FN:58,street1
FN:59,street2
FN:60,city
FN:61,state
FN:62,country
FN:63,zip
FN:64,latitude
FN:72,longitude
FN:80,distance
FNF:24
FNH:0
FNDA:0,campuses
FNDA:0,id
FNDA:0,entityId
FNDA:0,name
FNDA:0,shortCode
FNDA:0,guid
FNDA:0,url
FNDA:0,services
FNDA:0,(anonymous_8)
FNDA:0,(anonymous_9)
FNDA:0,(anonymous_10)
FNDA:0,locationId
FNDA:0,location
FNDA:0,id
FNDA:0,name
FNDA:0,street1
FNDA:0,street2
FNDA:0,city
FNDA:0,state
FNDA:0,country
FNDA:0,zip
FNDA:0,latitude
FNDA:0,longitude
FNDA:0,distance
DA:1,0
DA:2,0
DA:18,0
DA:20,0
DA:22,0
DA:26,0
DA:27,0
DA:28,0
DA:30,0
DA:33,0
DA:34,0
DA:35,0
DA:36,0
DA:37,0
DA:40,0
DA:41,0
DA:44,0
DA:49,0
DA:51,0
DA:65,0
DA:66,0
DA:67,0
DA:69,0
DA:70,0
DA:73,0
DA:74,0
DA:75,0
DA:77,0
DA:78,0
DA:81,0
DA:83,0
LF:31
LH:0
BRDA:18,0,0,0
BRDA:18,0,1,0
BRDA:28,1,0,0
BRDA:28,1,1,0
BRDA:30,2,0,0
BRDA:30,2,1,0
BRDA:35,3,0,0
BRDA:35,3,1,0
BRDA:49,4,0,0
BRDA:49,4,1,0
BRDA:65,5,0,0
BRDA:65,5,1,0
BRDA:66,6,0,0
BRDA:66,6,1,0
BRDA:73,7,0,0
BRDA:73,7,1,0
BRDA:74,8,0,0
BRDA:74,8,1,0
BRDA:81,9,0,0
BRDA:81,9,1,0
BRF:20
BRH:0
end_of_record
TN:
SF:/Users/james.baxley/Products/heighliner/.research/graphql/src/rock/models/campuses/schema.js
FNF:0
FNH:0
DA:1,0
LF:1
LH:0
BRF:0
BRH:0
end_of_record
TN:
SF:/Users/james.baxley/Products/heighliner/.research/graphql/src/rock/models/campuses/tables.js
FN:50,connect
FN:60,bind
FNF:2
FNH:0
FNDA:0,connect
FNDA:0,bind
DA:12,1
DA:25,1
DA:51,0
DA:52,0
DA:54,0
DA:64,0
LF:6
LH:2
BRF:0
BRH:0
end_of_record
TN:
SF:/Users/james.baxley/Products/heighliner/.research/graphql/src/rock/models/campuses/__test__/resolver.spec.js
FN:1,_interopRequireDefault
FN:27,(anonymous_1)
FN:34,find
FN:44,(anonymous_3)
FN:51,(anonymous_4)
FN:58,(anonymous_5)
FN:65,(anonymous_6)
FN:74,(anonymous_7)
FN:81,(anonymous_8)
FN:88,(anonymous_9)
FN:95,(anonymous_10)
FN:101,findByLocationId
FN:113,(anonymous_12)
FN:120,(anonymous_13)
FN:127,(anonymous_14)
FN:134,(anonymous_15)
FN:141,(anonymous_16)
FN:148,(anonymous_17)
FN:158,(anonymous_18)
FNF:19
FNH:0
FNDA:0,_interopRequireDefault
FNDA:0,(anonymous_1)
FNDA:0,find
FNDA:0,(anonymous_3)
FNDA:0,(anonymous_4)
FNDA:0,(anonymous_5)
FNDA:0,(anonymous_6)
FNDA:0,(anonymous_7)
FNDA:0,(anonymous_8)
FNDA:0,(anonymous_9)
FNDA:0,(anonymous_10)
FNDA:0,findByLocationId
FNDA:0,(anonymous_12)
FNDA:0,(anonymous_13)
FNDA:0,(anonymous_14)
FNDA:0,(anonymous_15)
FNDA:0,(anonymous_16)
FNDA:0,(anonymous_17)
FNDA:0,(anonymous_18)
DA:1,0
DA:3,0
DA:27,0
DA:30,0
DA:31,0
DA:32,0
DA:35,0
DA:36,0
DA:41,0
DA:44,0
DA:47,0
DA:48,0
DA:51,0
DA:54,0
DA:55,0
DA:58,0
DA:61,0
DA:62,0
DA:65,0
DA:68,0
DA:69,0
DA:74,0
DA:77,0
DA:78,0
DA:81,0
DA:84,0
DA:85,0
DA:88,0
DA:91,0
DA:92,0
DA:95,0
DA:98,0
DA:99,0
DA:102,0
DA:107,0
DA:109,0
DA:110,0
DA:113,0
DA:116,0
DA:117,0
DA:120,0
DA:123,0
DA:124,0
DA:127,0
DA:130,0
DA:131,0
DA:134,0
DA:137,0
DA:138,0
DA:141,0
DA:144,0
DA:145,0
DA:148,0
DA:151,0
DA:152,0
DA:154,0
DA:155,0
DA:158,0
DA:161,0
DA:162,0
DA:164,0
DA:169,0
LF:62
LH:0
BRDA:1,0,0,0
BRDA:1,0,1,0
BRDA:1,1,0,0
BRDA:1,1,1,0
BRF:4
BRH:0
end_of_record
TN:
SF:/Users/james.baxley/Products/heighliner/.research/graphql/src/rock/models/finances/index.js
FN:5,_interopRequireDefault
FNF:1
FNH:0
FNDA:0,_interopRequireDefault
DA:1,0
DA:5,0
DA:7,0
LF:3
LH:0
BRDA:5,0,0,0
BRDA:5,0,1,0
BRDA:5,1,0,0
BRDA:5,1,1,0
BRF:4
BRH:0
end_of_record
TN:
SF:/Users/james.baxley/Products/heighliner/.research/graphql/src/rock/models/finances/model.js
FN:5,_interopRequireDefault
FNF:1
FNH:0
FNDA:0,_interopRequireDefault
DA:1,0
DA:5,0
LF:2
LH:0
BRDA:5,0,0,0
BRDA:5,0,1,0
BRDA:5,1,0,0
BRDA:5,1,1,0
BRF:4
BRH:0
end_of_record
TN:
SF:/Users/james.baxley/Products/heighliner/.research/graphql/src/rock/models/finances/mutations.js
FNF:0
FNH:0
DA:1,0
LF:1
LH:0
BRF:0
BRH:0
end_of_record
TN:
SF:/Users/james.baxley/Products/heighliner/.research/graphql/src/rock/models/finances/queries.js
FNF:0
FNH:0
LF:0
LH:0
BRF:0
BRH:0
end_of_record
TN:
SF:/Users/james.baxley/Products/heighliner/.research/graphql/src/rock/models/finances/resolver.js
FN:7,(anonymous_0)
FN:14,(anonymous_1)
FN:30,(anonymous_2)
FN:36,(anonymous_3)
FN:42,(anonymous_4)
FN:47,(anonymous_5)
FN:64,(anonymous_6)
FN:69,(anonymous_7)
FN:70,(anonymous_8)
FN:71,(anonymous_9)
FN:79,(anonymous_10)
FN:80,(anonymous_11)
FN:81,(anonymous_12)
FN:82,(anonymous_13)
FN:83,(anonymous_14)
FN:84,(anonymous_15)
FN:85,(anonymous_16)
FN:86,(anonymous_17)
FN:87,(anonymous_18)
FN:88,(anonymous_19)
FN:89,(anonymous_20)
FN:94,(anonymous_21)
FN:98,(anonymous_22)
FN:103,(anonymous_23)
FN:109,(anonymous_24)
FN:110,(anonymous_25)
FN:111,(anonymous_26)
FN:112,(anonymous_27)
FN:113,(anonymous_28)
FN:118,(anonymous_29)
FN:123,(anonymous_30)
FN:129,(anonymous_31)
FN:130,(anonymous_32)
FN:131,(anonymous_33)
FN:132,(anonymous_34)
FN:133,(anonymous_35)
FN:134,(anonymous_36)
FN:135,(anonymous_37)
FN:142,(anonymous_38)
FN:143,(anonymous_39)
FN:144,(anonymous_40)
FN:148,(anonymous_41)
FN:162,(anonymous_42)
FN:163,(anonymous_43)
FN:164,(anonymous_44)
FN:173,(anonymous_45)
FN:178,(anonymous_46)
FN:183,(anonymous_47)
FN:184,(anonymous_48)
FN:185,(anonymous_49)
FN:186,(anonymous_50)
FN:187,(anonymous_51)
FN:188,(anonymous_52)
FN:189,(anonymous_53)
FNF:54
FNH:1
FNDA:0,(anonymous_0)
FNDA:0,(anonymous_1)
FNDA:0,(anonymous_2)
FNDA:0,(anonymous_3)
FNDA:0,(anonymous_4)
FNDA:0,(anonymous_5)
FNDA:1,(anonymous_6)
FNDA:0,(anonymous_7)
FNDA:0,(anonymous_8)
FNDA:0,(anonymous_9)
FNDA:0,(anonymous_10)
FNDA:0,(anonymous_11)
FNDA:0,(anonymous_12)
FNDA:0,(anonymous_13)
FNDA:0,(anonymous_14)
FNDA:0,(anonymous_15)
FNDA:0,(anonymous_16)
FNDA:0,(anonymous_17)
FNDA:0,(anonymous_18)
FNDA:0,(anonymous_19)
FNDA:0,(anonymous_20)
FNDA:0,(anonymous_21)
FNDA:0,(anonymous_22)
FNDA:0,(anonymous_23)
FNDA:0,(anonymous_24)
FNDA:0,(anonymous_25)
FNDA:0,(anonymous_26)
FNDA:0,(anonymous_27)
FNDA:0,(anonymous_28)
FNDA:0,(anonymous_29)
FNDA:0,(anonymous_30)
FNDA:0,(anonymous_31)
FNDA:0,(anonymous_32)
FNDA:0,(anonymous_33)
FNDA:0,(anonymous_34)
FNDA:0,(anonymous_35)
FNDA:0,(anonymous_36)
FNDA:0,(anonymous_37)
FNDA:0,(anonymous_38)
FNDA:0,(anonymous_39)
FNDA:0,(anonymous_40)
FNDA:0,(anonymous_41)
FNDA:0,(anonymous_42)
FNDA:0,(anonymous_43)
FNDA:0,(anonymous_44)
FNDA:0,(anonymous_45)
FNDA:0,(anonymous_46)
FNDA:0,(anonymous_47)
FNDA:0,(anonymous_48)
FNDA:0,(anonymous_49)
FNDA:0,(anonymous_50)
FNDA:0,(anonymous_51)
FNDA:0,(anonymous_52)
FNDA:0,(anonymous_53)
DA:8,0
DA:9,0
DA:15,0
DA:16,0
DA:17,0
DA:26,0
DA:31,0
DA:32,0
DA:37,0
DA:43,0
DA:48,0
DA:49,0
DA:50,0
DA:53,0
DA:54,0
DA:55,0
DA:58,0
DA:64,1
DA:69,0
DA:70,0
DA:72,0
DA:74,0
DA:79,0
DA:80,0
DA:81,0
DA:82,0
DA:83,0
DA:84,0
DA:85,0
DA:86,0
DA:87,0
DA:88,0
DA:90,0
DA:92,0
DA:95,0
DA:96,0
DA:99,0
DA:101,0
DA:104,0
DA:109,0
DA:110,0
DA:111,0
DA:112,0
DA:114,0
DA:116,0
DA:119,0
DA:121,0
DA:124,0
DA:129,0
DA:130,0
DA:131,0
DA:132,0
DA:133,0
DA:134,0
DA:136,0
DA:142,0
DA:143,0
DA:145,0
DA:146,0
DA:147,0
DA:149,0
DA:152,0
DA:153,0
DA:156,0
DA:162,0
DA:163,0
DA:170,0
DA:171,0
DA:172,0
DA:173,0
DA:176,0
DA:177,0
DA:178,0
DA:183,0
DA:184,0
DA:185,0
DA:186,0
DA:187,0
DA:188,0
DA:190,0
DA:192,0
LF:81
LH:1
BRDA:8,0,0,0
BRDA:8,0,1,0
BRDA:15,1,0,0
BRDA:15,1,1,0
BRDA:16,2,0,0
BRDA:16,2,1,0
BRDA:31,3,0,0
BRDA:31,3,1,0
BRDA:53,4,0,0
BRDA:53,4,1,0
BRDA:72,5,0,0
BRDA:72,5,1,0
BRDA:88,6,0,0
BRDA:88,6,1,0
BRDA:90,7,0,0
BRDA:90,7,1,0
BRDA:95,8,0,0
BRDA:95,8,1,0
BRDA:99,9,0,0
BRDA:99,9,1,0
BRDA:112,10,0,0
BRDA:112,10,1,0
BRDA:112,10,2,0
BRDA:114,11,0,0
BRDA:114,11,1,0
BRDA:119,12,0,0
BRDA:119,12,1,0
BRDA:136,13,0,0
BRDA:136,13,1,0
BRDA:149,14,0,0
BRDA:149,14,1,0
BRDA:152,15,0,0
BRDA:152,15,1,0
BRDA:170,16,0,0
BRDA:170,16,1,0
BRDA:170,17,0,0
BRDA:170,17,1,0
BRDA:171,18,0,0
BRDA:171,18,1,0
BRDA:176,19,0,0
BRDA:176,19,1,0
BRDA:176,20,0,0
BRDA:176,20,1,0
BRDA:188,21,0,0
BRDA:188,21,1,0
BRDA:190,22,0,0
BRDA:190,22,1,0
BRF:47
BRH:0
end_of_record
TN:
SF:/Users/james.baxley/Products/heighliner/.research/graphql/src/rock/models/finances/schema.js
FNF:0
FNH:0
DA:1,0
LF:1
LH:0
BRF:0
BRH:0
end_of_record
TN:
SF:/Users/james.baxley/Products/heighliner/.research/graphql/src/rock/models/finances/tables.js
FN:203,connect
FN:203,bind
FNF:2
FNH:0
FNDA:0,connect
FNDA:0,bind
DA:1,0
DA:202,0
DA:203,0
DA:213,0
DA:217,0
DA:221,0
DA:225,0
DA:226,0
DA:230,0
DA:231,0
DA:235,0
DA:236,0
DA:240,0
LF:13
LH:0
BRF:0
BRH:0
end_of_record
TN:
SF:/Users/james.baxley/Products/heighliner/.research/graphql/src/rock/models/finances/models/FinancialAccount.js
FN:10,(anonymous_0)
FN:10,FinancialAccount
FN:11,(anonymous_2)
FN:11,_callee
FN:13,_callee$
FN:17,(anonymous_5)
FN:23,getFromId
FN:23,(anonymous_7)
FN:23,_callee2
FN:27,_callee2$
FN:45,(anonymous_10)
FN:46,find
FNF:12
FNH:0
FNDA:0,(anonymous_0)
FNDA:0,FinancialAccount
FNDA:0,(anonymous_2)
FNDA:0,_callee
FNDA:0,_callee$
FNDA:0,(anonymous_5)
FNDA:0,getFromId
FNDA:0,(anonymous_7)
FNDA:0,_callee2
FNDA:0,_callee2$
FNDA:0,(anonymous_10)
FNDA:0,find
DA:1,0
DA:10,0
DA:11,0
DA:13,0
DA:14,0
DA:23,0
DA:27,0
DA:29,0
DA:30,0
DA:33,0
DA:42,0
DA:46,0
LF:12
LH:0
BRDA:10,0,0,0
BRDA:10,0,1,0
BRDA:13,1,0,0
BRDA:13,1,1,0
BRDA:13,1,2,0
BRDA:14,2,0,0
BRDA:27,3,0,0
BRDA:27,3,1,0
BRDA:27,3,2,0
BRDA:27,3,3,0
BRDA:30,4,0,0
BRDA:30,4,1,0
BRF:12
BRH:0
end_of_record
TN:
SF:/Users/james.baxley/Products/heighliner/.research/graphql/src/rock/models/finances/models/SavedPayment.js
FN:12,(anonymous_0)
FN:12,SavedPayment
FN:13,(anonymous_2)
FN:13,_callee
FN:15,_callee$
FN:17,(anonymous_5)
FN:17,getFromId
FN:17,(anonymous_7)
FN:17,_callee2
FN:20,_callee2$
FN:25,(anonymous_10)
FN:31,removeFromNodeId
FN:31,(anonymous_12)
FN:31,_callee3
FN:34,_callee3$
FN:36,(anonymous_15)
FN:46,findByPersonAlias
FNF:17
FNH:0
FNDA:0,(anonymous_0)
FNDA:0,SavedPayment
FNDA:0,(anonymous_2)
FNDA:0,_callee
FNDA:0,_callee$
FNDA:0,(anonymous_5)
FNDA:0,getFromId
FNDA:0,(anonymous_7)
FNDA:0,_callee2
FNDA:0,_callee2$
FNDA:0,(anonymous_10)
FNDA:0,removeFromNodeId
FNDA:0,(anonymous_12)
FNDA:0,_callee3
FNDA:0,_callee3$
FNDA:0,(anonymous_15)
FNDA:0,findByPersonAlias
DA:1,0
DA:12,0
DA:13,0
DA:15,0
DA:16,0
DA:17,0
DA:20,0
DA:21,0
DA:22,0
DA:26,0
DA:27,0
DA:31,0
DA:34,0
DA:35,0
DA:46,0
LF:15
LH:0
BRDA:12,0,0,0
BRDA:12,0,1,0
BRDA:15,1,0,0
BRDA:15,1,1,0
BRDA:15,1,2,0
BRDA:16,2,0,0
BRDA:20,3,0,0
BRDA:20,3,1,0
BRDA:20,3,2,0
BRDA:20,3,3,0
BRDA:20,3,4,0
BRDA:21,4,0,0
BRDA:21,4,1,0
BRDA:22,5,0,0
BRDA:22,5,1,0
BRDA:26,6,0,0
BRDA:26,6,1,0
BRDA:27,7,0,0
BRDA:27,7,1,0
BRDA:34,8,0,0
BRDA:34,8,1,0
BRDA:34,8,2,0
BRDA:34,8,3,0
BRF:23
BRH:0
end_of_record
TN:
SF:/Users/james.baxley/Products/heighliner/.research/graphql/src/rock/models/finances/models/ScheduledTransaction.js
FN:12,(anonymous_0)
FN:12,ScheduledTransaction
FN:13,(anonymous_2)
FN:13,_callee
FN:15,_callee$
FN:17,(anonymous_5)
FN:17,getFromId
FN:17,(anonymous_7)
FN:17,_callee2
FN:20,_callee2$
FN:23,(anonymous_10)
FN:25,getTransactionsById
FN:25,(anonymous_12)
FN:25,_callee3
FN:30,_callee3$
FN:34,(anonymous_15)
FN:35,getDetailsByScheduleId
FN:35,(anonymous_17)
FN:35,_callee4
FN:40,_callee4$
FN:42,(anonymous_20)
FN:52,findByPersonAlias
FNF:22
FNH:0
FNDA:0,(anonymous_0)
FNDA:0,ScheduledTransaction
FNDA:0,(anonymous_2)
FNDA:0,_callee
FNDA:0,_callee$
FNDA:0,(anonymous_5)
FNDA:0,getFromId
FNDA:0,(anonymous_7)
FNDA:0,_callee2
FNDA:0,_callee2$
FNDA:0,(anonymous_10)
FNDA:0,getTransactionsById
FNDA:0,(anonymous_12)
FNDA:0,_callee3
FNDA:0,_callee3$
FNDA:0,(anonymous_15)
FNDA:0,getDetailsByScheduleId
FNDA:0,(anonymous_17)
FNDA:0,_callee4
FNDA:0,_callee4$
FNDA:0,(anonymous_20)
FNDA:0,findByPersonAlias
DA:1,0
DA:12,0
DA:13,0
DA:15,0
DA:16,0
DA:17,0
DA:20,0
DA:21,0
DA:22,0
DA:25,0
DA:30,0
DA:31,0
DA:32,0
DA:34,0
DA:35,0
DA:40,0
DA:41,0
DA:52,0
LF:18
LH:0
BRDA:12,0,0,0
BRDA:12,0,1,0
BRDA:15,1,0,0
BRDA:15,1,1,0
BRDA:15,1,2,0
BRDA:16,2,0,0
BRDA:20,3,0,0
BRDA:20,3,1,0
BRDA:20,3,2,0
BRDA:20,3,3,0
BRDA:20,4,0,0
BRDA:20,4,1,0
BRDA:30,5,0,0
BRDA:30,5,1,0
BRDA:30,5,2,0
BRDA:30,5,3,0
BRDA:30,6,0,0
BRDA:30,6,1,0
BRDA:40,7,0,0
BRDA:40,7,1,0
BRDA:40,7,2,0
BRDA:40,7,3,0
BRF:22
BRH:0
end_of_record
TN:
SF:/Users/james.baxley/Products/heighliner/.research/graphql/src/rock/models/finances/models/Transaction.js
FN:38,(anonymous_0)
FN:40,(anonymous_1)
FN:43,(anonymous_2)
FN:46,(anonymous_3)
FN:49,(anonymous_4)
FN:53,(anonymous_5)
FN:59,(anonymous_6)
FN:61,(anonymous_7)
FN:75,(anonymous_8)
FN:84,(anonymous_9)
FN:112,(anonymous_10)
FN:117,(anonymous_11)
FN:122,(anonymous_12)
FN:145,(anonymous_13)
FN:145,(anonymous_14)
FN:146,(anonymous_15)
FN:146,(anonymous_16)
FN:156,(anonymous_17)
FN:170,(anonymous_18)
FN:171,(anonymous_19)
FN:171,(anonymous_20)
FN:172,(anonymous_21)
FN:177,(anonymous_22)
FN:178,(anonymous_23)
FN:179,(anonymous_24)
FN:179,(anonymous_25)
FN:183,(anonymous_26)
FN:183,(anonymous_27)
FNF:28
FNH:17
FNDA:0,(anonymous_0)
FNDA:0,(anonymous_1)
FNDA:0,(anonymous_2)
FNDA:0,(anonymous_3)
FNDA:0,(anonymous_4)
FNDA:0,(anonymous_5)
FNDA:0,(anonymous_6)
FNDA:0,(anonymous_7)
FNDA:0,(anonymous_8)
FNDA:0,(anonymous_9)
FNDA:0,(anonymous_10)
FNDA:5,(anonymous_11)
FNDA:2,(anonymous_12)
FNDA:1,(anonymous_13)
FNDA:5,(anonymous_14)
FNDA:1,(anonymous_15)
FNDA:4,(anonymous_16)
FNDA:1,(anonymous_17)
FNDA:1,(anonymous_18)
FNDA:1,(anonymous_19)
FNDA:1,(anonymous_20)
FNDA:1,(anonymous_21)
FNDA:1,(anonymous_22)
FNDA:1,(anonymous_23)
FNDA:1,(anonymous_24)
FNDA:1,(anonymous_25)
FNDA:1,(anonymous_26)
FNDA:1,(anonymous_27)
DA:39,0
DA:40,0
DA:45,0
DA:46,0
DA:50,0
DA:52,0
DA:53,0
DA:60,0
DA:61,0
DA:76,0
DA:79,0
DA:80,0
DA:81,0
DA:83,0
DA:84,0
DA:112,0
DA:118,5
DA:119,3
DA:121,2
DA:122,2
DA:124,2
DA:125,1
DA:126,1
DA:145,5
DA:146,1
DA:147,4
DA:148,3
DA:152,1
DA:153,1
DA:158,1
DA:159,1
DA:160,1
DA:161,1
DA:163,1
DA:168,1
DA:169,1
DA:170,1
DA:171,1
DA:172,1
DA:173,1
DA:174,1
DA:177,1
DA:178,1
DA:179,1
DA:182,1
DA:183,1
LF:46
LH:30
BRDA:39,0,0,0
BRDA:39,0,1,0
BRDA:50,1,0,0
BRDA:50,1,1,0
BRDA:79,2,0,0
BRDA:79,2,1,0
BRDA:79,3,0,0
BRDA:79,3,1,0
BRDA:80,4,0,0
BRDA:80,4,1,0
BRDA:81,5,0,0
BRDA:81,5,1,0
BRDA:87,6,0,0
BRDA:87,6,1,0
BRDA:96,7,0,0
BRDA:96,7,1,0
BRDA:96,8,0,0
BRDA:96,8,1,0
BRDA:118,9,0,2
BRDA:118,9,1,3
BRDA:119,10,0,1
BRDA:119,10,1,2
BRDA:124,11,0,1
BRDA:124,11,1,1
BRDA:147,12,0,1
BRDA:147,12,1,3
BRDA:161,13,0,0
BRDA:161,13,1,1
BRDA:173,14,0,0
BRDA:173,14,1,1
BRDA:174,15,0,1
BRDA:174,15,1,0
BRDA:177,16,0,1
BRDA:177,16,1,1
BRDA:177,16,2,0
BRDA:178,17,0,0
BRDA:178,17,1,1
BRDA:179,18,0,1
BRDA:179,18,1,1
BRF:39
BRH:16
end_of_record
TN:
SF:/Users/james.baxley/Products/heighliner/.research/graphql/src/rock/models/finances/util/removeSavedPayment.js
FNF:0
FNH:0
LF:0
LH:0
BRF:0
BRH:0
end_of_record
TN:
SF:/Users/james.baxley/Products/heighliner/.research/graphql/src/rock/models/finances/util/submit-transaction.js
FN:36,(anonymous_0)
FN:69,(anonymous_1)
FN:77,(anonymous_2)
FN:77,(anonymous_3)
FN:80,(anonymous_4)
FN:95,(anonymous_5)
FN:113,(anonymous_6)
FNF:7
FNH:7
FNDA:16,(anonymous_0)
FNDA:16,(anonymous_1)
FNDA:1,(anonymous_2)
FNDA:1,(anonymous_3)
FNDA:14,(anonymous_4)
FNDA:12,(anonymous_5)
FNDA:2,(anonymous_6)
DA:37,16
DA:46,13
DA:48,13
DA:52,13
DA:53,13
DA:55,11
DA:56,11
DA:59,10
DA:60,8
DA:69,16
DA:76,8
DA:77,1
DA:79,7
DA:80,14
DA:83,2
DA:86,10
DA:87,10
DA:90,10
DA:91,6
DA:92,12
DA:95,12
DA:97,12
DA:101,10
DA:102,10
DA:103,10
DA:105,10
DA:107,10
DA:109,10
DA:110,2
DA:113,2
DA:115,2
DA:116,2
DA:117,1
DA:123,10
DA:125,10
DA:126,12
DA:127,12
DA:130,10
LF:38
LH:38
BRDA:37,0,0,3
BRDA:37,0,1,13
BRDA:53,1,0,2
BRDA:53,1,1,11
BRDA:56,2,0,1
BRDA:56,2,1,10
BRDA:59,3,0,8
BRDA:59,3,1,2
BRDA:76,4,0,1
BRDA:76,4,1,7
BRDA:90,5,0,6
BRDA:90,5,1,4
BRDA:109,6,0,2
BRDA:109,6,1,8
BRDA:113,7,0,2
BRDA:113,7,1,1
BRDA:115,8,0,1
BRDA:115,8,1,1
BRDA:116,9,0,1
BRDA:116,9,1,1
BRF:20
BRH:20
end_of_record
TN:
SF:/Users/james.baxley/Products/heighliner/.research/graphql/src/rock/models/finances/util/translate-nmi.js
FN:5,(anonymous_0)
FN:30,(anonymous_1)
FNF:2
FNH:2
FNDA:11,(anonymous_0)
FNDA:21,(anonymous_1)
DA:5,3
DA:6,11
DA:8,11
DA:15,11
DA:23,11
DA:24,20
DA:27,1
DA:31,21
DA:33,21
DA:34,2
DA:35,2
DA:36,2
DA:37,2
DA:40,21
DA:41,13
DA:42,6
DA:45,7
DA:56,7
DA:57,7
DA:58,7
DA:59,7
DA:60,8
DA:68,0
DA:69,0
DA:78,7
DA:83,7
DA:87,7
DA:88,6
DA:92,7
DA:93,5
DA:94,0
DA:96,5
DA:97,5
DA:101,0
DA:105,7
DA:112,7
DA:114,7
DA:123,7
DA:124,7
DA:125,2
DA:128,7
LF:41
LH:37
BRDA:24,0,0,10
BRDA:24,0,1,10
BRDA:33,1,0,2
BRDA:33,1,1,19
BRDA:35,2,0,0
BRDA:35,2,1,2
BRDA:36,3,0,0
BRDA:36,3,1,2
BRDA:40,4,0,8
BRDA:40,4,1,13
BRDA:41,5,0,6
BRDA:41,5,1,7
BRDA:41,6,0,13
BRDA:41,6,1,6
BRDA:57,7,0,7
BRDA:57,7,1,0
BRDA:58,8,0,6
BRDA:58,8,1,1
BRDA:68,9,0,0
BRDA:68,9,1,0
BRDA:68,10,0,0
BRDA:68,10,1,0
BRDA:79,11,0,7
BRDA:79,11,1,1
BRDA:80,12,0,6
BRDA:80,12,1,1
BRDA:87,13,0,6
BRDA:87,13,1,1
BRDA:92,14,0,5
BRDA:92,14,1,2
BRDA:93,15,0,0
BRDA:93,15,1,5
BRDA:112,16,0,1
BRDA:112,16,1,6
BRDA:124,17,0,2
BRDA:124,17,1,5
BRF:36
BRH:28
end_of_record
TN:
SF:/Users/james.baxley/Products/heighliner/.research/graphql/src/rock/models/groups/index.js
FN:4,_interopRequireDefault
FNF:1
FNH:0
FNDA:0,_interopRequireDefault
DA:1,0
DA:4,0
LF:2
LH:0
BRDA:4,0,0,0
BRDA:4,0,1,0
BRDA:4,1,0,0
BRDA:4,1,1,0
BRF:4
BRH:0
end_of_record
TN:
SF:/Users/james.baxley/Products/heighliner/.research/graphql/src/rock/models/groups/model.js
FN:35,(anonymous_0)
FN:38,Group
FN:223,(anonymous_2)
FN:223,_callee
FN:223,_callee$
FN:224,(anonymous_5)
FN:224,getFromId
FN:224,(anonymous_7)
FN:224,_callee2
FN:224,_callee2$
FN:224,(anonymous_10)
FN:224,getMembersById
FN:225,(anonymous_12)
FN:225,_callee3
FN:225,_callee3$
FN:225,(anonymous_15)
FN:225,getLocationFromLocationId
FN:226,(anonymous_17)
FN:226,_callee4
FN:226,_callee4$
FN:226,(anonymous_20)
FN:226,getScheduleFromScheduleId
FN:226,(anonymous_22)
FN:226,_callee5
FN:226,_callee5$
FN:226,(anonymous_25)
FN:226,getLocationsById
FN:226,(anonymous_27)
FN:226,_callee6
FN:226,_callee6$
FN:229,(anonymous_30)
FN:229,(anonymous_31)
FN:229,(anonymous_32)
FN:229,(anonymous_33)
FN:229,(anonymous_34)
FN:229,findByAttributes
FN:229,sortByLocations
FN:229,(anonymous_37)
FN:230,(anonymous_38)
FN:231,(anonymous_39)
FN:231,_callee7
FN:231,_callee7$
FN:232,(anonymous_42)
FN:242,(anonymous_43)
FN:242,getDistanceFromLatLng
FN:242,(anonymous_45)
FN:242,_callee8
FN:246,_callee8$
FN:267,(anonymous_48)
FN:292,(anonymous_49)
FN:296,(anonymous_50)
FN:300,(anonymous_51)
FN:300,findByQuery
FN:300,(anonymous_53)
FN:300,_callee9
FN:304,_callee9$
FN:316,(anonymous_56)
FN:385,(anonymous_57)
FN:389,(anonymous_58)
FN:393,(anonymous_59)
FN:393,findByAttributesAndQuery
FN:398,(anonymous_61)
FN:398,_callee10
FN:398,_callee10$
FN:400,(anonymous_64)
FN:404,find
FNF:66
FNH:0
FNDA:0,(anonymous_0)
FNDA:0,Group
FNDA:0,(anonymous_2)
FNDA:0,_callee
FNDA:0,_callee$
FNDA:0,(anonymous_5)
FNDA:0,getFromId
FNDA:0,(anonymous_7)
FNDA:0,_callee2
FNDA:0,_callee2$
FNDA:0,(anonymous_10)
FNDA:0,getMembersById
FNDA:0,(anonymous_12)
FNDA:0,_callee3
FNDA:0,_callee3$
FNDA:0,(anonymous_15)
FNDA:0,getLocationFromLocationId
FNDA:0,(anonymous_17)
FNDA:0,_callee4
FNDA:0,_callee4$
FNDA:0,(anonymous_20)
FNDA:0,getScheduleFromScheduleId
FNDA:0,(anonymous_22)
FNDA:0,_callee5
FNDA:0,_callee5$
FNDA:0,(anonymous_25)
FNDA:0,getLocationsById
FNDA:0,(anonymous_27)
FNDA:0,_callee6
FNDA:0,_callee6$
FNDA:0,(anonymous_30)
FNDA:0,(anonymous_31)
FNDA:0,(anonymous_32)
FNDA:0,(anonymous_33)
FNDA:0,(anonymous_34)
FNDA:0,findByAttributes
FNDA:0,sortByLocations
FNDA:0,(anonymous_37)
FNDA:0,(anonymous_38)
FNDA:0,(anonymous_39)
FNDA:0,_callee7
FNDA:0,_callee7$
FNDA:0,(anonymous_42)
FNDA:0,(anonymous_43)
FNDA:0,getDistanceFromLatLng
FNDA:0,(anonymous_45)
FNDA:0,_callee8
FNDA:0,_callee8$
FNDA:0,(anonymous_48)
FNDA:0,(anonymous_49)
FNDA:0,(anonymous_50)
FNDA:0,(anonymous_51)
FNDA:0,findByQuery
FNDA:0,(anonymous_53)
FNDA:0,_callee9
FNDA:0,_callee9$
FNDA:0,(anonymous_56)
FNDA:0,(anonymous_57)
FNDA:0,(anonymous_58)
FNDA:0,(anonymous_59)
FNDA:0,findByAttributesAndQuery
FNDA:0,(anonymous_61)
FNDA:0,_callee10
FNDA:0,_callee10$
FNDA:0,(anonymous_64)
FNDA:0,find
DA:1,0
DA:35,0
DA:38,0
DA:223,0
DA:224,0
DA:225,0
DA:226,0
DA:228,0
DA:229,0
DA:230,0
DA:231,0
DA:232,0
DA:242,0
DA:246,0
DA:247,0
DA:248,0
DA:249,0
DA:250,0
DA:252,0
DA:255,0
DA:264,0
DA:265,0
DA:293,0
DA:294,0
DA:297,0
DA:300,0
DA:304,0
DA:305,0
DA:309,0
DA:310,0
DA:312,0
DA:316,0
DA:386,0
DA:387,0
DA:390,0
DA:393,0
DA:398,0
DA:399,0
DA:404,0
LF:39
LH:0
BRDA:38,0,0,0
BRDA:38,0,1,0
BRDA:223,1,0,0
BRDA:223,1,1,0
BRDA:223,1,2,0
BRDA:224,2,0,0
BRDA:224,3,0,0
BRDA:224,3,1,0
BRDA:224,3,2,0
BRDA:225,4,0,0
BRDA:225,4,1,0
BRDA:225,4,2,0
BRDA:226,5,0,0
BRDA:226,5,1,0
BRDA:226,5,2,0
BRDA:226,6,0,0
BRDA:226,6,1,0
BRDA:226,6,2,0
BRDA:226,7,0,0
BRDA:226,7,1,0
BRDA:226,7,2,0
BRDA:226,7,3,0
BRDA:226,7,4,0
BRDA:226,8,0,0
BRDA:226,8,1,0
BRDA:226,9,0,0
BRDA:226,9,1,0
BRDA:226,10,0,0
BRDA:226,10,1,0
BRDA:226,11,0,0
BRDA:226,11,1,0
BRDA:230,12,0,0
BRDA:230,12,1,0
BRDA:230,12,2,0
BRDA:231,13,0,0
BRDA:231,13,1,0
BRDA:231,13,2,0
BRDA:231,14,0,0
BRDA:231,14,1,0
BRDA:231,14,2,0
BRDA:231,14,3,0
BRDA:231,15,0,0
BRDA:231,15,1,0
BRDA:231,16,0,0
BRDA:231,16,1,0
BRDA:231,16,2,0
BRDA:231,16,3,0
BRDA:246,17,0,0
BRDA:246,17,1,0
BRDA:246,17,2,0
BRDA:246,17,3,0
BRDA:250,18,0,0
BRDA:250,18,1,0
BRDA:250,19,0,0
BRDA:250,19,1,0
BRDA:304,20,0,0
BRDA:304,20,1,0
BRDA:304,20,2,0
BRDA:310,21,0,0
BRDA:310,21,1,0
BRDA:310,22,0,0
BRDA:310,22,1,0
BRDA:398,23,0,0
BRDA:398,23,1,0
BRDA:398,23,2,0
BRF:65
BRH:0
end_of_record
TN:
SF:/Users/james.baxley/Products/heighliner/.research/graphql/src/rock/models/groups/queries.js
FNF:0
FNH:0
DA:1,0
LF:1
LH:0
BRF:0
BRH:0
end_of_record
TN:
SF:/Users/james.baxley/Products/heighliner/.research/graphql/src/rock/models/groups/resolver.js
FN:7,getPhotoFromTag
FN:20,getPhotoFromDemo
FN:30,getPhotoFromType
FN:39,resolveAttribute
FN:40,resolver
FN:42,(anonymous_5)
FN:45,(anonymous_6)
FN:48,(anonymous_7)
FN:51,(anonymous_8)
FNF:9
FNH:0
FNDA:0,getPhotoFromTag
FNDA:0,getPhotoFromDemo
FNDA:0,getPhotoFromType
FNDA:0,resolveAttribute
FNDA:0,resolver
FNDA:0,(anonymous_5)
FNDA:0,(anonymous_6)
FNDA:0,(anonymous_7)
FNDA:0,(anonymous_8)
DA:1,0
DA:8,0
DA:17,0
DA:21,0
DA:27,0
DA:31,0
DA:36,0
DA:40,0
DA:42,0
DA:45,0
DA:46,0
DA:47,0
DA:50,0
LF:13
LH:0
BRDA:17,0,0,0
BRDA:17,0,1,0
BRDA:27,1,0,0
BRDA:27,1,1,0
BRDA:36,2,0,0
BRDA:36,2,1,0
BRDA:40,3,0,0
BRDA:40,3,1,0
BRDA:46,4,0,0
BRDA:46,4,1,0
BRF:10
BRH:0
end_of_record
TN:
SF:/Users/james.baxley/Products/heighliner/.research/graphql/src/rock/models/groups/schema.js
FNF:0
FNH:0
DA:1,0
LF:1
LH:0
BRF:0
BRH:0
end_of_record
TN:
SF:/Users/james.baxley/Products/heighliner/.research/graphql/src/rock/models/groups/tables.js
FN:98,connect
FN:117,bind
FNF:2
FNH:0
FNDA:0,connect
FNDA:0,bind
DA:12,1
DA:27,1
DA:32,1
DA:45,1
DA:50,1
DA:59,1
DA:99,0
DA:100,0
DA:101,0
DA:102,0
DA:103,0
DA:106,0
DA:108,0
DA:128,0
DA:129,0
DA:130,0
DA:132,0
DA:133,0
DA:135,0
DA:136,0
DA:138,0
DA:140,0
DA:141,0
DA:143,0
DA:145,0
LF:25
LH:6
BRF:0
BRH:0
end_of_record
TN:
SF:/Users/james.baxley/Products/heighliner/.research/graphql/src/rock/models/people/index.js
FN:5,_interopRequireDefault
FNF:1
FNH:0
FNDA:0,_interopRequireDefault
DA:1,0
DA:5,0
LF:2
LH:0
BRDA:5,0,0,0
BRDA:5,0,1,0
BRDA:5,1,0,0
BRDA:5,1,1,0
BRF:4
BRH:0
end_of_record
TN:
SF:/Users/james.baxley/Products/heighliner/.research/graphql/src/rock/models/people/model.js
FN:24,(anonymous_0)
FN:31,Person
FN:34,createGlobalAliasId
FN:38,createGlobalGuidId
FN:42,(anonymous_4)
FN:42,_callee
FN:44,_callee$
FN:47,(anonymous_7)
FN:54,clearCacheFromRequest
FN:54,(anonymous_9)
FN:54,_callee2
FN:57,_callee2$
FN:61,(anonymous_12)
FN:62,(anonymous_13)
FN:65,clearCacheFromId
FN:65,(anonymous_15)
FN:65,_callee3
FN:68,_callee3$
FN:72,(anonymous_18)
FN:73,(anonymous_19)
FN:76,clearCacheFromPersoAliasId
FN:76,(anonymous_21)
FN:76,_callee4
FN:79,_callee4$
FN:81,(anonymous_24)
FN:81,getFromId
FN:87,(anonymous_26)
FN:87,_callee5
FN:87,_callee5$
FN:88,(anonymous_29)
FN:96,getCampusFromId
FN:96,(anonymous_31)
FN:96,_callee6
FN:99,_callee6$
FN:100,(anonymous_34)
FN:101,getPhoneNumbersFromId
FN:101,(anonymous_36)
FN:101,_callee7
FN:106,_callee7$
FN:107,(anonymous_39)
FN:123,getHomesFromId
FN:123,(anonymous_41)
FN:123,_callee8
FN:126,_callee8$
FN:128,(anonymous_44)
FN:136,getFamilyFromId
FN:141,(anonymous_46)
FN:141,_callee9
FN:141,_callee9$
FN:145,(anonymous_49)
FN:159,getFromAliasId
FN:159,(anonymous_51)
FN:159,_callee10
FN:163,_callee10$
FN:164,(anonymous_54)
FN:165,findOne
FNF:56
FNH:0
FNDA:0,(anonymous_0)
FNDA:0,Person
FNDA:0,createGlobalAliasId
FNDA:0,createGlobalGuidId
FNDA:0,(anonymous_4)
FNDA:0,_callee
FNDA:0,_callee$
FNDA:0,(anonymous_7)
FNDA:0,clearCacheFromRequest
FNDA:0,(anonymous_9)
FNDA:0,_callee2
FNDA:0,_callee2$
FNDA:0,(anonymous_12)
FNDA:0,(anonymous_13)
FNDA:0,clearCacheFromId
FNDA:0,(anonymous_15)
FNDA:0,_callee3
FNDA:0,_callee3$
FNDA:0,(anonymous_18)
FNDA:0,(anonymous_19)
FNDA:0,clearCacheFromPersoAliasId
FNDA:0,(anonymous_21)
FNDA:0,_callee4
FNDA:0,_callee4$
FNDA:0,(anonymous_24)
FNDA:0,getFromId
FNDA:0,(anonymous_26)
FNDA:0,_callee5
FNDA:0,_callee5$
FNDA:0,(anonymous_29)
FNDA:0,getCampusFromId
FNDA:0,(anonymous_31)
FNDA:0,_callee6
FNDA:0,_callee6$
FNDA:0,(anonymous_34)
FNDA:0,getPhoneNumbersFromId
FNDA:0,(anonymous_36)
FNDA:0,_callee7
FNDA:0,_callee7$
FNDA:0,(anonymous_39)
FNDA:0,getHomesFromId
FNDA:0,(anonymous_41)
FNDA:0,_callee8
FNDA:0,_callee8$
FNDA:0,(anonymous_44)
FNDA:0,getFamilyFromId
FNDA:0,(anonymous_46)
FNDA:0,_callee9
FNDA:0,_callee9$
FNDA:0,(anonymous_49)
FNDA:0,getFromAliasId
FNDA:0,(anonymous_51)
FNDA:0,_callee10
FNDA:0,_callee10$
FNDA:0,(anonymous_54)
FNDA:0,findOne
DA:1,0
DA:24,0
DA:31,0
DA:34,0
DA:37,0
DA:41,0
DA:42,0
DA:44,0
DA:45,0
DA:48,0
DA:49,0
DA:51,0
DA:52,0
DA:54,0
DA:57,0
DA:58,0
DA:60,0
DA:63,0
DA:64,0
DA:65,0
DA:68,0
DA:69,0
DA:71,0
DA:74,0
DA:75,0
DA:76,0
DA:79,0
DA:80,0
DA:81,0
DA:87,0
DA:96,0
DA:99,0
DA:101,0
DA:106,0
DA:123,0
DA:126,0
DA:136,0
DA:141,0
DA:142,0
DA:143,0
DA:159,0
DA:163,0
DA:165,0
LF:43
LH:0
BRDA:31,0,0,0
BRDA:31,0,1,0
BRDA:44,1,0,0
BRDA:44,1,1,0
BRDA:44,1,2,0
BRDA:48,2,0,0
BRDA:48,2,1,0
BRDA:51,3,0,0
BRDA:51,3,1,0
BRDA:57,4,0,0
BRDA:57,4,1,0
BRDA:57,4,2,0
BRDA:58,5,0,0
BRDA:63,6,0,0
BRDA:63,6,1,0
BRDA:63,7,0,0
BRDA:63,7,1,0
BRDA:68,8,0,0
BRDA:68,8,1,0
BRDA:68,8,2,0
BRDA:69,9,0,0
BRDA:69,9,1,0
BRDA:74,10,0,0
BRDA:74,10,1,0
BRDA:74,11,0,0
BRDA:74,11,1,0
BRDA:79,12,0,0
BRDA:79,12,1,0
BRDA:79,12,2,0
BRDA:80,13,0,0
BRDA:87,14,0,0
BRDA:87,14,1,0
BRDA:87,14,2,0
BRDA:87,14,3,0
BRDA:99,15,0,0
BRDA:99,15,1,0
BRDA:99,15,2,0
BRDA:99,15,3,0
BRDA:106,16,0,0
BRDA:106,16,1,0
BRDA:106,17,0,0
BRDA:106,17,1,0
BRDA:106,18,0,0
BRDA:106,18,1,0
BRDA:106,18,2,0
BRDA:106,18,3,0
BRDA:126,19,0,0
BRDA:126,19,1,0
BRDA:126,19,2,0
BRDA:141,20,0,0
BRDA:141,20,1,0
BRDA:141,21,0,0
BRDA:141,21,1,0
BRDA:141,22,0,0
BRDA:141,22,1,0
BRDA:141,22,2,0
BRDA:141,22,3,0
BRDA:163,23,0,0
BRDA:163,23,1,0
BRDA:163,23,2,0
BRF:60
BRH:0
end_of_record
TN:
SF:/Users/james.baxley/Products/heighliner/.research/graphql/src/rock/models/people/queries.js
FNF:0
FNH:0
DA:1,0
LF:1
LH:0
BRF:0
BRH:0
end_of_record
TN:
SF:/Users/james.baxley/Products/heighliner/.research/graphql/src/rock/models/people/resolver.js
FN:8,(anonymous_0)
FN:9,(anonymous_1)
FN:13,(anonymous_2)
FN:19,(anonymous_3)
FN:27,(anonymous_4)
FN:28,(anonymous_5)
FN:29,(anonymous_6)
FN:30,(anonymous_7)
FN:31,(anonymous_8)
FN:32,(anonymous_9)
FN:36,(anonymous_10)
FN:40,(anonymous_11)
FN:42,(anonymous_12)
FN:43,(anonymous_13)
FN:44,(anonymous_14)
FN:45,(anonymous_15)
FN:46,(anonymous_16)
FN:47,(anonymous_17)
FN:48,(anonymous_18)
FN:50,(anonymous_19)
FN:51,(anonymous_20)
FN:56,(anonymous_21)
FN:57,(anonymous_22)
FN:58,(anonymous_23)
FN:59,(anonymous_24)
FN:60,(anonymous_25)
FN:61,(anonymous_26)
FN:62,(anonymous_27)
FNF:28
FNH:5
FNDA:0,(anonymous_0)
FNDA:0,(anonymous_1)
FNDA:0,(anonymous_2)
FNDA:0,(anonymous_3)
FNDA:0,(anonymous_4)
FNDA:1,(anonymous_5)
FNDA:1,(anonymous_6)
FNDA:1,(anonymous_7)
FNDA:0,(anonymous_8)
FNDA:0,(anonymous_9)
FNDA:2,(anonymous_10)
FNDA:1,(anonymous_11)
FNDA:0,(anonymous_12)
FNDA:0,(anonymous_13)
FNDA:0,(anonymous_14)
FNDA:0,(anonymous_15)
FNDA:0,(anonymous_16)
FNDA:0,(anonymous_17)
FNDA:0,(anonymous_18)
FNDA:0,(anonymous_19)
FNDA:0,(anonymous_20)
FNDA:0,(anonymous_21)
FNDA:0,(anonymous_22)
FNDA:0,(anonymous_23)
FNDA:0,(anonymous_24)
FNDA:0,(anonymous_25)
FNDA:0,(anonymous_26)
FNDA:0,(anonymous_27)
DA:8,0
DA:10,0
DA:11,0
DA:14,0
DA:15,0
DA:16,0
DA:20,0
DA:21,0
DA:27,0
DA:28,1
DA:29,1
DA:30,1
DA:31,0
DA:33,0
DA:37,2
DA:39,1
DA:40,1
DA:42,0
DA:43,0
DA:44,0
DA:45,0
DA:46,0
DA:47,0
DA:49,0
DA:51,0
DA:56,0
DA:57,0
DA:58,0
DA:59,0
DA:60,0
DA:61,0
DA:62,0
LF:32
LH:6
BRDA:10,0,0,0
BRDA:10,0,1,0
BRDA:14,1,0,0
BRDA:14,1,1,0
BRDA:14,2,0,0
BRDA:14,2,1,0
BRDA:15,3,0,0
BRDA:15,3,1,0
BRDA:15,4,0,0
BRDA:15,4,1,0
BRDA:15,4,2,0
BRDA:20,5,0,0
BRDA:20,5,1,0
BRDA:37,6,0,1
BRDA:37,6,1,1
BRDA:48,7,0,0
BRDA:50,8,0,0
BRDA:61,9,0,0
BRDA:61,9,1,0
BRF:19
BRH:2
end_of_record
TN:
SF:/Users/james.baxley/Products/heighliner/.research/graphql/src/rock/models/people/schema.js
FNF:0
FNH:0
DA:1,0
LF:1
LH:0
BRF:0
BRH:0
end_of_record
TN:
SF:/Users/james.baxley/Products/heighliner/.research/graphql/src/rock/models/people/tables.js
FN:65,connect
FN:77,bind
FNF:2
FNH:0
FNDA:0,connect
FNDA:0,bind
DA:11,1
DA:32,1
DA:38,1
DA:66,0
DA:67,0
DA:68,0
DA:70,0
DA:83,0
DA:84,0
DA:86,0
DA:88,0
LF:11
LH:3
BRF:0
BRH:0
end_of_record
TN:
SF:/Users/james.baxley/Products/heighliner/.research/graphql/src/rock/models/system/fieldTypeResolvers.js
FN:2,castToBoolean
FN:9,(anonymous_1)
FN:13,(anonymous_2)
FN:17,(anonymous_3)
FN:26,(anonymous_4)
FN:31,(anonymous_5)
FN:33,(anonymous_6)
FNF:7
FNH:0
FNDA:0,castToBoolean
FNDA:0,(anonymous_1)
FNDA:0,(anonymous_2)
FNDA:0,(anonymous_3)
FNDA:0,(anonymous_4)
FNDA:0,(anonymous_5)
FNDA:0,(anonymous_6)
DA:3,0
DA:4,0
DA:10,0
DA:11,0
DA:14,0
DA:15,0
DA:18,0
DA:21,0
DA:23,0
DA:24,0
DA:27,0
DA:28,0
DA:30,0
DA:31,0
DA:34,0
DA:37,0
DA:39,0
DA:40,0
LF:18
LH:0
BRDA:3,0,0,0
BRDA:3,0,1,0
BRDA:10,1,0,0
BRDA:10,1,1,0
BRDA:10,2,0,0
BRDA:10,2,1,0
BRDA:14,3,0,0
BRDA:14,3,1,0
BRDA:14,4,0,0
BRDA:14,4,1,0
BRDA:18,5,0,0
BRDA:18,5,1,0
BRDA:19,6,0,0
BRDA:19,6,1,0
BRDA:19,6,2,0
BRDA:19,6,3,0
BRDA:19,6,4,0
BRDA:23,7,0,0
BRDA:23,7,1,0
BRDA:23,8,0,0
BRDA:23,8,1,0
BRDA:27,9,0,0
BRDA:27,9,1,0
BRDA:27,10,0,0
BRDA:27,10,1,0
BRDA:28,11,0,0
BRDA:28,11,1,0
BRDA:28,12,0,0
BRDA:28,12,1,0
BRDA:34,13,0,0
BRDA:34,13,1,0
BRDA:35,14,0,0
BRDA:35,14,1,0
BRDA:35,14,2,0
BRDA:35,14,3,0
BRDA:35,14,4,0
BRDA:39,15,0,0
BRDA:39,15,1,0
BRDA:39,16,0,0
BRDA:39,16,1,0
BRF:40
BRH:0
end_of_record
TN:
SF:/Users/james.baxley/Products/heighliner/.research/graphql/src/rock/models/system/index.js
FNF:0
FNH:0
LF:0
LH:0
BRF:0
BRH:0
end_of_record
TN:
SF:/Users/james.baxley/Products/heighliner/.research/graphql/src/rock/models/system/model.js
FN:32,(anonymous_0)
FN:33,(anonymous_1)
FN:36,(anonymous_2)
FN:45,(anonymous_3)
FN:49,(anonymous_4)
FN:52,(anonymous_5)
FN:58,(anonymous_6)
FN:68,(anonymous_7)
FN:70,(anonymous_8)
FN:86,(anonymous_9)
FN:88,(anonymous_10)
FN:94,(anonymous_11)
FN:95,(anonymous_12)
FN:99,(anonymous_13)
FN:102,(anonymous_14)
FN:112,(anonymous_15)
FN:114,(anonymous_16)
FN:122,(anonymous_17)
FN:124,(anonymous_18)
FN:131,(anonymous_19)
FN:143,(anonymous_20)
FNF:21
FNH:0
FNDA:0,(anonymous_0)
FNDA:0,(anonymous_1)
FNDA:0,(anonymous_2)
FNDA:0,(anonymous_3)
FNDA:0,(anonymous_4)
FNDA:0,(anonymous_5)
FNDA:0,(anonymous_6)
FNDA:0,(anonymous_7)
FNDA:0,(anonymous_8)
FNDA:0,(anonymous_9)
FNDA:0,(anonymous_10)
FNDA:0,(anonymous_11)
FNDA:0,(anonymous_12)
FNDA:0,(anonymous_13)
FNDA:0,(anonymous_14)
FNDA:0,(anonymous_15)
FNDA:0,(anonymous_16)
FNDA:0,(anonymous_17)
FNDA:0,(anonymous_18)
FNDA:0,(anonymous_19)
FNDA:0,(anonymous_20)
DA:17,1
DA:33,0
DA:34,0
DA:35,0
DA:37,0
DA:38,0
DA:42,0
DA:44,0
DA:45,0
DA:48,0
DA:49,0
DA:53,0
DA:55,0
DA:56,0
DA:57,0
DA:59,0
DA:60,0
DA:64,0
DA:65,0
DA:69,0
DA:70,0
DA:87,0
DA:88,0
DA:94,0
DA:95,0
DA:100,0
DA:101,0
DA:102,0
DA:114,0
DA:124,0
DA:132,0
DA:133,0
DA:135,0
DA:136,0
DA:142,0
DA:143,0
DA:145,0
LF:37
LH:1
BRDA:34,0,0,0
BRDA:34,0,1,0
BRDA:53,1,0,0
BRDA:53,1,1,0
BRDA:56,2,0,0
BRDA:56,2,1,0
BRDA:68,3,0,0
BRDA:132,4,0,0
BRDA:132,4,1,0
BRDA:135,5,0,0
BRDA:135,5,1,0
BRF:11
BRH:0
end_of_record
TN:
SF:/Users/james.baxley/Products/heighliner/.research/graphql/src/rock/models/system/queries.js
FNF:0
FNH:0
LF:0
LH:0
BRF:0
BRH:0
end_of_record
TN:
SF:/Users/james.baxley/Products/heighliner/.research/graphql/src/rock/models/system/resolver.js
FN:7,(anonymous_0)
FN:16,(anonymous_1)
FN:17,(anonymous_2)
FN:18,(anonymous_3)
FN:19,(anonymous_4)
FNF:5
FNH:0
FNDA:0,(anonymous_0)
FNDA:0,(anonymous_1)
FNDA:0,(anonymous_2)
FNDA:0,(anonymous_3)
FNDA:0,(anonymous_4)
DA:8,0
DA:9,0
DA:11,0
DA:16,0
DA:17,0
DA:18,0
DA:19,0
LF:7
LH:0
BRDA:9,0,0,0
BRDA:9,0,1,0
BRF:2
BRH:0
end_of_record
TN:
SF:/Users/james.baxley/Products/heighliner/.research/graphql/src/rock/models/system/schema.js
FNF:0
FNH:0
LF:0
LH:0
BRF:0
BRH:0
end_of_record
TN:
SF:/Users/james.baxley/Products/heighliner/.research/graphql/src/rock/models/system/tables.js
FN:131,connect
FN:131,bind
FNF:2
FNH:0
FNDA:0,connect
FNDA:0,bind
DA:1,0
DA:131,0
DA:140,0
DA:141,0
DA:143,0
DA:144,0
DA:146,0
DA:147,0
DA:149,0
DA:150,0
DA:152,0
DA:153,0
DA:158,0
DA:159,0
LF:14
LH:0
BRF:0
BRH:0
end_of_record
TN:
SF:/Users/james.baxley/Products/heighliner/.research/graphql/src/util/heighliner.js
FN:15,createQueries
FN:24,createMutations
FN:33,createApplication
FN:54,loadApplications
FN:62,(anonymous_4)
FN:71,(anonymous_5)
FN:75,(anonymous_6)
FN:80,createSchema
FNF:8
FNH:0
FNDA:0,createQueries
FNDA:0,createMutations
FNDA:0,createApplication
FNDA:0,loadApplications
FNDA:0,(anonymous_4)
FNDA:0,(anonymous_5)
FNDA:0,(anonymous_6)
FNDA:0,createSchema
DA:16,0
DA:25,0
DA:34,0
DA:42,0
DA:43,0
DA:44,0
DA:45,0
DA:47,0
DA:48,0
DA:51,0
DA:55,0
DA:62,0
DA:63,0
DA:64,0
DA:65,0
DA:66,0
DA:70,0
DA:71,0
DA:74,0
DA:75,0
DA:77,0
DA:82,0
DA:89,0
DA:90,0
DA:93,0
LF:25
LH:0
BRDA:24,0,0,0
BRDA:47,1,0,0
BRDA:47,1,1,0
BRDA:48,2,0,0
BRDA:48,2,1,0
BRF:5
BRH:0
end_of_record
TN:
SF:/Users/james.baxley/Products/heighliner/.research/graphql/src/util/index.js
FNF:0
FNH:0
LF:0
LH:0
BRF:0
BRH:0
end_of_record
TN:
SF:/Users/james.baxley/Products/heighliner/.research/graphql/src/util/model.js
FN:8,(anonymous_0)
FN:12,(anonymous_1)
FN:16,(anonymous_2)
FN:20,(anonymous_3)
FN:22,(anonymous_4)
FN:23,(anonymous_5)
FN:26,(anonymous_6)
FNF:7
FNH:2
FNDA:14,(anonymous_0)
FNDA:0,(anonymous_1)
FNDA:0,(anonymous_2)
FNDA:1,(anonymous_3)
FNDA:0,(anonymous_4)
FNDA:0,(anonymous_5)
FNDA:0,(anonymous_6)
DA:9,14
DA:13,0
DA:17,0
DA:21,1
DA:22,0
DA:23,0
DA:27,0
DA:28,0
LF:8
LH:2
BRDA:8,0,0,14
BRDA:20,1,0,0
BRDA:21,2,0,1
BRDA:21,2,1,0
BRDA:21,3,0,1
BRDA:21,3,1,1
BRF:6
BRH:4
end_of_record
TN:
SF:/Users/james.baxley/Products/heighliner/.research/graphql/src/util/cache/defaults.js
FN:5,(anonymous_0)
FN:6,(anonymous_1)
FN:6,(anonymous_2)
FN:8,(anonymous_3)
FN:16,(anonymous_4)
FN:17,(anonymous_5)
FNF:6
FNH:1
FNDA:2,(anonymous_0)
FNDA:0,(anonymous_1)
FNDA:0,(anonymous_2)
FNDA:0,(anonymous_3)
FNDA:0,(anonymous_4)
FNDA:0,(anonymous_5)
DA:4,9
DA:5,2
DA:6,0
DA:8,0
DA:11,9
DA:14,0
DA:15,0
DA:16,0
DA:17,0
DA:22,9
LF:10
LH:4
BRDA:14,0,0,0
BRDA:14,0,1,0
BRDA:14,1,0,0
BRDA:14,1,1,0
BRF:4
BRH:0
end_of_record
TN:
SF:/Users/james.baxley/Products/heighliner/.research/graphql/src/util/cache/index.js
FNF:0
FNH:0
LF:0
LH:0
BRF:0
BRH:0
end_of_record
TN:
SF:/Users/james.baxley/Products/heighliner/.research/graphql/src/util/cache/memory-cache.js
FN:5,(anonymous_0)
FN:11,(anonymous_1)
FN:13,(anonymous_2)
FN:19,(anonymous_3)
FN:22,(anonymous_4)
FN:31,(anonymous_5)
FN:32,(anonymous_6)
FN:39,(anonymous_7)
FN:50,(anonymous_8)
FN:54,(anonymous_9)
FNF:10
FNH:0
FNDA:0,(anonymous_0)
FNDA:0,(anonymous_1)
FNDA:0,(anonymous_2)
FNDA:0,(anonymous_3)
FNDA:0,(anonymous_4)
FNDA:0,(anonymous_5)
FNDA:0,(anonymous_6)
FNDA:0,(anonymous_7)
FNDA:0,(anonymous_8)
FNDA:0,(anonymous_9)
DA:7,0
DA:8,0
DA:12,0
DA:13,0
DA:14,0
DA:15,0
DA:17,0
DA:18,0
DA:20,0
DA:22,0
DA:23,0
DA:27,0
DA:32,0
DA:34,0
DA:36,0
DA:39,0
DA:40,0
DA:43,0
DA:45,0
DA:51,0
DA:55,0
DA:56,0
DA:57,0
LF:23
LH:0
BRDA:5,0,0,0
BRDA:5,1,0,0
BRDA:11,2,0,0
BRDA:15,3,0,0
BRDA:15,3,1,0
BRDA:15,4,0,0
BRDA:15,4,1,0
BRDA:15,4,2,0
BRDA:20,5,0,0
BRDA:20,5,1,0
BRDA:20,6,0,0
BRDA:20,6,1,0
BRDA:31,7,0,0
BRDA:54,8,0,0
BRF:14
BRH:0
end_of_record
TN:
SF:/Users/james.baxley/Products/heighliner/.research/graphql/src/util/cache/redis.js
FN:12,connect
FN:15,(anonymous_1)
FN:19,(anonymous_2)
FN:24,(anonymous_3)
FN:38,(anonymous_4)
FN:43,(anonymous_5)
FN:43,(anonymous_6)
FN:44,(anonymous_7)
FN:46,(anonymous_8)
FN:53,(anonymous_9)
FN:58,(anonymous_10)
FN:66,(anonymous_11)
FN:76,(anonymous_12)
FN:85,(anonymous_13)
FN:87,(anonymous_14)
FN:88,(anonymous_15)
FN:97,(anonymous_16)
FN:107,(anonymous_17)
FN:108,(anonymous_18)
FN:109,(anonymous_19)
FN:114,(anonymous_20)
FN:115,(anonymous_21)
FN:134,(anonymous_22)
FN:142,(anonymous_23)
FN:151,(anonymous_24)
FNF:25
FNH:0
FNDA:0,connect
FNDA:0,(anonymous_1)
FNDA:0,(anonymous_2)
FNDA:0,(anonymous_3)
FNDA:0,(anonymous_4)
FNDA:0,(anonymous_5)
FNDA:0,(anonymous_6)
FNDA:0,(anonymous_7)
FNDA:0,(anonymous_8)
FNDA:0,(anonymous_9)
FNDA:0,(anonymous_10)
FNDA:0,(anonymous_11)
FNDA:0,(anonymous_12)
FNDA:0,(anonymous_13)
FNDA:0,(anonymous_14)
FNDA:0,(anonymous_15)
FNDA:0,(anonymous_16)
FNDA:0,(anonymous_17)
FNDA:0,(anonymous_18)
FNDA:0,(anonymous_19)
FNDA:0,(anonymous_20)
FNDA:0,(anonymous_21)
FNDA:0,(anonymous_22)
FNDA:0,(anonymous_23)
FNDA:0,(anonymous_24)
DA:13,0
DA:14,0
DA:15,0
DA:17,0
DA:19,0
DA:20,0
DA:21,0
DA:24,0
DA:25,0
DA:26,0
DA:27,0
DA:30,0
DA:39,0
DA:43,0
DA:44,0
DA:45,0
DA:46,0
DA:47,0
DA:54,0
DA:55,0
DA:59,0
DA:60,0
DA:61,0
DA:62,0
DA:63,0
DA:64,0
DA:65,0
DA:67,0
DA:68,0
DA:69,0
DA:70,0
DA:72,0
DA:74,0
DA:77,0
DA:78,0
DA:79,0
DA:80,0
DA:81,0
DA:86,0
DA:87,0
DA:88,0
DA:89,0
DA:90,0
DA:92,0
DA:93,0
DA:96,0
DA:98,0
DA:100,0
DA:101,0
DA:104,0
DA:105,0
DA:107,0
DA:109,0
DA:110,0
DA:115,0
DA:117,0
DA:119,0
DA:122,0
DA:125,0
DA:127,0
DA:129,0
DA:136,0
DA:137,0
DA:138,0
DA:139,0
DA:143,0
DA:144,0
DA:145,0
DA:146,0
DA:148,0
DA:152,0
LF:71
LH:0
BRDA:12,0,0,0
BRDA:13,1,0,0
BRDA:13,1,1,0
BRDA:25,2,0,0
BRDA:25,2,1,0
BRDA:38,3,0,0
BRDA:45,4,0,0
BRDA:45,4,1,0
BRDA:47,5,0,0
BRDA:47,5,1,0
BRDA:63,6,0,0
BRDA:63,6,1,0
BRDA:67,7,0,0
BRDA:67,7,1,0
BRDA:69,8,0,0
BRDA:69,8,1,0
BRDA:72,9,0,0
BRDA:72,9,1,0
BRDA:78,10,0,0
BRDA:78,10,1,0
BRDA:79,11,0,0
BRDA:79,11,1,0
BRDA:85,12,0,0
BRDA:89,13,0,0
BRDA:89,13,1,0
BRDA:89,14,0,0
BRDA:89,14,1,0
BRDA:98,15,0,0
BRDA:98,15,1,0
BRDA:109,16,0,0
BRDA:109,16,1,0
BRDA:109,17,0,0
BRDA:109,17,1,0
BRDA:114,18,0,0
BRDA:144,19,0,0
BRDA:144,19,1,0
BRDA:145,20,0,0
BRDA:145,20,1,0
BRF:38
BRH:0
end_of_record
TN:
SF:/Users/james.baxley/Products/heighliner/.research/graphql/src/util/cache/__test__/index.spec.js
FN:7,(anonymous_0)
FN:15,get
FN:21,(anonymous_2)
FN:26,(anonymous_3)
FN:35,get
FN:36,(anonymous_5)
FN:41,(anonymous_6)
FN:44,(anonymous_7)
FN:46,(anonymous_8)
FN:54,(anonymous_9)
FN:64,get
FN:68,(anonymous_11)
FN:73,(anonymous_12)
FN:76,(anonymous_13)
FN:78,(anonymous_14)
FN:87,(anonymous_15)
FN:91,(anonymous_16)
FN:99,(anonymous_17)
FN:100,(anonymous_18)
FNF:19
FNH:0
FNDA:0,(anonymous_0)
FNDA:0,get
FNDA:0,(anonymous_2)
FNDA:0,(anonymous_3)
FNDA:0,get
FNDA:0,(anonymous_5)
FNDA:0,(anonymous_6)
FNDA:0,(anonymous_7)
FNDA:0,(anonymous_8)
FNDA:0,(anonymous_9)
FNDA:0,get
FNDA:0,(anonymous_11)
FNDA:0,(anonymous_12)
FNDA:0,(anonymous_13)
FNDA:0,(anonymous_14)
FNDA:0,(anonymous_15)
FNDA:0,(anonymous_16)
FNDA:0,(anonymous_17)
FNDA:0,(anonymous_18)
DA:1,0
DA:7,0
DA:8,0
DA:9,0
DA:10,0
DA:11,0
DA:16,0
DA:18,0
DA:20,0
DA:22,0
DA:26,0
DA:27,0
DA:28,0
DA:29,0
DA:30,0
DA:31,0
DA:36,0
DA:38,0
DA:40,0
DA:42,0
DA:44,0
DA:46,0
DA:47,0
DA:48,0
DA:54,0
DA:55,0
DA:56,0
DA:57,0
DA:58,0
DA:59,0
DA:60,0
DA:65,0
DA:66,0
DA:67,0
DA:68,0
DA:70,0
DA:72,0
DA:74,0
DA:76,0
DA:78,0
DA:79,0
DA:80,0
DA:87,0
DA:91,0
DA:99,0
DA:100,0
LF:46
LH:0
BRF:0
BRH:0
end_of_record
TN:
SF:/Users/james.baxley/Products/heighliner/.research/graphql/src/util/cache/__test__/memory-cache.spec.js
FN:5,(anonymous_0)
FN:12,(anonymous_1)
FN:13,(anonymous_2)
FN:18,(anonymous_3)
FN:25,spyLookup
FN:29,(anonymous_5)
FN:34,(anonymous_6)
FN:41,spyLookup
FN:46,(anonymous_8)
FN:49,(anonymous_9)
FN:60,(anonymous_10)
FN:68,(anonymous_11)
FN:73,(anonymous_12)
FN:81,(anonymous_13)
FN:87,(anonymous_14)
FN:95,(anonymous_15)
FN:98,(anonymous_16)
FN:108,(anonymous_17)
FNF:18
FNH:0
FNDA:0,(anonymous_0)
FNDA:0,(anonymous_1)
FNDA:0,(anonymous_2)
FNDA:0,(anonymous_3)
FNDA:0,spyLookup
FNDA:0,(anonymous_5)
FNDA:0,(anonymous_6)
FNDA:0,spyLookup
FNDA:0,(anonymous_8)
FNDA:0,(anonymous_9)
FNDA:0,(anonymous_10)
FNDA:0,(anonymous_11)
FNDA:0,(anonymous_12)
FNDA:0,(anonymous_13)
FNDA:0,(anonymous_14)
FNDA:0,(anonymous_15)
FNDA:0,(anonymous_16)
FNDA:0,(anonymous_17)
DA:1,0
DA:5,0
DA:6,0
DA:7,0
DA:9,0
DA:10,0
DA:12,0
DA:14,0
DA:18,0
DA:19,0
DA:20,0
DA:22,0
DA:23,0
DA:25,0
DA:29,0
DA:30,0
DA:34,0
DA:35,0
DA:36,0
DA:38,0
DA:39,0
DA:41,0
DA:45,0
DA:47,0
DA:60,0
DA:61,0
DA:62,0
DA:64,0
DA:65,0
DA:67,0
DA:69,0
DA:73,0
DA:74,0
DA:75,0
DA:77,0
DA:78,0
DA:80,0
DA:82,0
DA:83,0
DA:87,0
DA:88,0
DA:89,0
DA:91,0
DA:92,0
DA:94,0
DA:96,0
DA:108,0
DA:109,0
DA:110,0
DA:112,0
DA:113,0
DA:115,0
DA:116,0
LF:53
LH:0
BRF:0
BRH:0
end_of_record
TN:
SF:/Users/james.baxley/Products/heighliner/.research/graphql/src/util/cache/__test__/mutations.integration.js
FN:1,_interopRequireDefault
FN:26,_callee
FNF:2
FNH:0
FNDA:0,_interopRequireDefault
FNDA:0,_callee
DA:1,0
DA:26,0
LF:2
LH:0
BRDA:1,0,0,0
BRDA:1,0,1,0
BRDA:1,1,0,0
BRDA:1,1,1,0
BRF:4
BRH:0
end_of_record
TN:
SF:/Users/james.baxley/Products/heighliner/.research/graphql/src/util/node/index.js
FNF:0
FNH:0
LF:0
LH:0
BRF:0
BRH:0
end_of_record
TN:
SF:/Users/james.baxley/Products/heighliner/.research/graphql/src/util/node/model.js
FN:7,(anonymous_0)
FN:12,(anonymous_1)
FN:30,createGlobalId
FN:39,parseGlobalId
FNF:4
FNH:2
FNDA:0,(anonymous_0)
FNDA:0,(anonymous_1)
FNDA:13,createGlobalId
FNDA:1,parseGlobalId
DA:3,9
DA:8,0
DA:13,0
DA:15,0
DA:16,0
DA:19,0
DA:20,0
DA:21,0
DA:22,0
DA:24,0
DA:31,13
DA:33,13
DA:34,13
DA:36,13
DA:40,1
DA:42,1
DA:43,1
DA:45,1
DA:46,1
LF:19
LH:10
BRDA:3,0,0,9
BRDA:3,0,1,9
BRDA:15,1,0,0
BRDA:15,1,1,0
BRDA:15,2,0,0
BRDA:15,2,1,0
BRDA:15,2,2,0
BRF:7
BRH:2
end_of_record
TN:
SF:/Users/james.baxley/Products/heighliner/.research/graphql/src/util/node/resolver.js
FN:4,(anonymous_0)
FN:7,(anonymous_1)
FNF:2
FNH:0
FNDA:0,(anonymous_0)
FNDA:0,(anonymous_1)
DA:4,0
DA:7,0
LF:2
LH:0
BRF:0
BRH:0
end_of_record
TN:
SF:/Users/james.baxley/Products/heighliner/.research/graphql/src/util/node/schema.js
FNF:0
FNH:0
LF:0
LH:0
BRF:0
BRH:0
end_of_record
TN:
SF:/Users/james.baxley/Products/heighliner/.research/graphql/src/util/node/__test__/model.spec.js
FN:3,_interopRequireDefault
FN:5,(anonymous_1)
FN:12,(anonymous_2)
FN:20,(anonymous_3)
FN:29,_callee
FN:49,_callee2
FN:71,_callee3
FNF:7
FNH:0
FNDA:0,_interopRequireDefault
FNDA:0,(anonymous_1)
FNDA:0,(anonymous_2)
FNDA:0,(anonymous_3)
FNDA:0,_callee
FNDA:0,_callee2
FNDA:0,_callee3
DA:1,0
DA:3,0
DA:5,0
DA:6,0
DA:7,0
DA:9,0
DA:12,0
DA:13,0
DA:14,0
DA:15,0
DA:17,0
DA:20,0
DA:21,0
DA:22,0
DA:23,0
DA:25,0
DA:29,0
DA:49,0
DA:71,0
LF:19
LH:0
BRDA:3,0,0,0
BRDA:3,0,1,0
BRDA:3,1,0,0
BRDA:3,1,1,0
BRF:4
BRH:0
end_of_record
TN:
SF:/Users/james.baxley/Products/heighliner/.research/graphql/src/util/node/__test__/queries.integration.js
FN:1,_interopRequireDefault
FN:27,_callee
FNF:2
FNH:0
FNDA:0,_interopRequireDefault
FNDA:0,_callee
DA:1,0
DA:27,0
LF:2
LH:0
BRDA:1,0,0,0
BRDA:1,0,1,0
BRDA:1,1,0,0
BRDA:1,1,1,0
BRF:4
BRH:0
end_of_record
TN:
SF:/Users/james.baxley/Products/heighliner/.research/graphql/src/util/node/__test__/resolver.spec.js
FN:3,_interopRequireDefault
FN:10,(anonymous_1)
FN:18,(anonymous_2)
FN:22,getType
FN:32,(anonymous_4)
FN:38,get
FNF:6
FNH:0
FNDA:0,_interopRequireDefault
FNDA:0,(anonymous_1)
FNDA:0,(anonymous_2)
FNDA:0,getType
FNDA:0,(anonymous_4)
FNDA:0,get
DA:1,0
DA:3,0
DA:5,0
DA:10,0
DA:13,0
DA:14,0
DA:15,0
DA:18,0
DA:21,0
DA:23,0
DA:24,0
DA:28,0
DA:29,0
DA:32,0
DA:35,0
DA:36,0
DA:39,0
DA:40,0
DA:45,0
DA:46,0
LF:20
LH:0
BRDA:3,0,0,0
BRDA:3,0,1,0
BRDA:3,1,0,0
BRDA:3,1,1,0
BRF:4
BRH:0
end_of_record
